This is pdfTeX, Version 3.14159265-2.6-1.40.21 (MiKTeX 20.7) (preloaded format=pdflatex 2020.9.2)  5 SEP 2020 15:05
entering extended mode
**\def\tikzexternalrealjob{main}\input{main}
(main.tex ("D:\LaTeX installed\MikTex\tex/latex/base\article.cls"
Document Class: article 2019/12/20 v1.4l Standard LaTeX document class
("D:\LaTeX installed\MikTex\tex/latex/base\size10.clo"
File: size10.clo 2019/12/20 v1.4l Standard LaTeX file (size option)
)
\c@part=\count168
\c@section=\count169
\c@subsection=\count170
\c@subsubsection=\count171
\c@paragraph=\count172
\c@subparagraph=\count173
\c@figure=\count174
\c@table=\count175
\abovecaptionskip=\skip47
\belowcaptionskip=\skip48
\bibindent=\dimen134
) ("D:\LaTeX installed\MikTex\tex/latex/customDecorator\customDecorator.sty"
Package: customDecorator 
("D:\LaTeX installed\MikTex\tex/latex/fancyhdr\fancyhdr.sty"
Package: fancyhdr 2019/01/31 v3.10 Extensive control of page headers and footer
s
\f@nch@headwidth=\skip49
\f@nch@O@elh=\skip50
\f@nch@O@erh=\skip51
\f@nch@O@olh=\skip52
\f@nch@O@orh=\skip53
\f@nch@O@elf=\skip54
\f@nch@O@erf=\skip55
\f@nch@O@olf=\skip56
\f@nch@O@orf=\skip57
) ("D:\LaTeX installed\MikTex\tex/latex/fancyhdr\extramarks.sty"
Package: extramarks 2019/01/31 v3.10 Extra marks for LaTeX
\@temptokenb=\toks15
) ("D:\LaTeX installed\MikTex\tex/latex/koma-script\scrextend.sty"
Package: scrextend 2020/07/22 v3.31 KOMA-Script package (extend other classes w
ith features of KOMA-Script classes)
("D:\LaTeX installed\MikTex\tex/latex/koma-script\scrkbase.sty"
Package: scrkbase 2020/07/22 v3.31 KOMA-Script package (KOMA-Script-dependent b
asics and keyval usage)
("D:\LaTeX installed\MikTex\tex/latex/koma-script\scrbase.sty"
Package: scrbase 2020/07/22 v3.31 KOMA-Script package (KOMA-Script-independent 
basics and keyval usage)
("D:\LaTeX installed\MikTex\tex/latex/graphics\keyval.sty"
Package: keyval 2014/10/28 v1.15 key=value parser (DPC)
\KV@toks@=\toks16
) ("D:\LaTeX installed\MikTex\tex/latex/koma-script\scrlfile.sty"
Package: scrlfile 2020/07/22 v3.31 KOMA-Script package (loading files)
))))
\c@homeworkProblemCounter=\count176
) ("D:\LaTeX installed\MikTex\tex/latex/amsmath\amsmath.sty"
Package: amsmath 2020/01/20 v2.17e AMS math features
\@mathmargin=\skip58
For additional information on amsmath, use the `?' option.
("D:\LaTeX installed\MikTex\tex/latex/amsmath\amstext.sty"
Package: amstext 2000/06/29 v2.01 AMS text
("D:\LaTeX installed\MikTex\tex/latex/amsmath\amsgen.sty"
File: amsgen.sty 1999/11/30 v2.0 generic functions
\@emptytoks=\toks17
\ex@=\dimen135
)) ("D:\LaTeX installed\MikTex\tex/latex/amsmath\amsbsy.sty"
Package: amsbsy 1999/11/29 v1.2d Bold Symbols
\pmbraise@=\dimen136
) ("D:\LaTeX installed\MikTex\tex/latex/amsmath\amsopn.sty"
Package: amsopn 2016/03/08 v2.02 operator names
)
\inf@bad=\count177
LaTeX Info: Redefining \frac on input line 227.
\uproot@=\count178
\leftroot@=\count179
LaTeX Info: Redefining \overline on input line 389.
\classnum@=\count180
\DOTSCASE@=\count181
LaTeX Info: Redefining \ldots on input line 486.
LaTeX Info: Redefining \dots on input line 489.
LaTeX Info: Redefining \cdots on input line 610.
\Mathstrutbox@=\box45
\strutbox@=\box46
\big@size=\dimen137
LaTeX Font Info:    Redeclaring font encoding OML on input line 733.
LaTeX Font Info:    Redeclaring font encoding OMS on input line 734.
\macc@depth=\count182
\c@MaxMatrixCols=\count183
\dotsspace@=\muskip16
\c@parentequation=\count184
\dspbrk@lvl=\count185
\tag@help=\toks18
\row@=\count186
\column@=\count187
\maxfields@=\count188
\andhelp@=\toks19
\eqnshift@=\dimen138
\alignsep@=\dimen139
\tagshift@=\dimen140
\tagwidth@=\dimen141
\totwidth@=\dimen142
\lineht@=\dimen143
\@envbody=\toks20
\multlinegap=\skip59
\multlinetaggap=\skip60
\mathdisplay@stack=\toks21
LaTeX Info: Redefining \[ on input line 2859.
LaTeX Info: Redefining \] on input line 2860.
) ("D:\LaTeX installed\MikTex\tex/latex/amsfonts\amssymb.sty"
Package: amssymb 2013/01/14 v3.01 AMS font symbols
("D:\LaTeX installed\MikTex\tex/latex/amsfonts\amsfonts.sty"
Package: amsfonts 2013/01/14 v3.01 Basic AMSFonts support
\symAMSa=\mathgroup4
\symAMSb=\mathgroup5
LaTeX Font Info:    Redeclaring math symbol \hbar on input line 98.
LaTeX Font Info:    Overwriting math alphabet `\mathfrak' in version `bold'
(Font)                  U/euf/m/n --> U/euf/b/n on input line 106.
)) ("D:\LaTeX installed\MikTex\tex/latex/float\float.sty"
Package: float 2001/11/08 v1.3d Float enhancements (AL)
\c@float@type=\count189
\float@exts=\toks22
\float@box=\box47
\@float@everytoks=\toks23
\@floatcapt=\box48
) ("D:\LaTeX installed\MikTex\tex/latex/caption\subcaption.sty"
Package: subcaption 2020/01/22 v1.3d Sub-captions (AR)
("D:\LaTeX installed\MikTex\tex/latex/caption\caption.sty"
Package: caption 2020/05/30 v3.4k Customizing captions (AR)
("D:\LaTeX installed\MikTex\tex/latex/caption\caption3.sty"
Package: caption3 2020/07/20 v1.12b caption3 kernel (AR)
Package caption3 Info: TeX engine: e-TeX on input line 61.
\captionmargin=\dimen144
\captionmargin@=\dimen145
\captionwidth=\dimen146
\caption@tempdima=\dimen147
\caption@indent=\dimen148
\caption@parindent=\dimen149
\caption@hangindent=\dimen150
Package caption Info: Standard document class detected.
)
\c@caption@flags=\count190
\c@continuedfloat=\count191
Package caption Info: float package is loaded.
)
\c@subfigure=\count192
\c@subtable=\count193
) (plots.tex ("D:\LaTeX installed\MikTex\tex/latex/pgf/frontendlayer\tikz.sty" 
("D:\LaTeX installed\MikTex\tex/latex/pgf/basiclayer\pgf.sty" ("D:\LaTeX instal
led\MikTex\tex/latex/pgf/utilities\pgfrcs.sty" ("D:\LaTeX installed\MikTex\tex/
generic/pgf/utilities\pgfutil-common.tex"
\pgfutil@everybye=\toks24
\pgfutil@tempdima=\dimen151
\pgfutil@tempdimb=\dimen152
("D:\LaTeX installed\MikTex\tex/generic/pgf/utilities\pgfutil-common-lists.tex"
)) ("D:\LaTeX installed\MikTex\tex/generic/pgf/utilities\pgfutil-latex.def"
\pgfutil@abb=\box49
("D:\LaTeX installed\MikTex\tex/latex/ms\everyshi.sty"
Package: everyshi 2001/05/15 v3.00 EveryShipout Package (MS)
)) ("D:\LaTeX installed\MikTex\tex/generic/pgf/utilities\pgfrcs.code.tex" ("D:\
LaTeX installed\MikTex\tex/generic/pgf\pgf.revision.tex")
Package: pgfrcs 2020/01/08 v3.1.5b (3.1.5b)
))
Package: pgf 2020/01/08 v3.1.5b (3.1.5b)
("D:\LaTeX installed\MikTex\tex/latex/pgf/basiclayer\pgfcore.sty" ("D:\LaTeX in
stalled\MikTex\tex/latex/graphics\graphicx.sty"
Package: graphicx 2019/11/30 v1.2a Enhanced LaTeX Graphics (DPC,SPQR)
("D:\LaTeX installed\MikTex\tex/latex/graphics\graphics.sty"
Package: graphics 2019/11/30 v1.4a Standard LaTeX Graphics (DPC,SPQR)
("D:\LaTeX installed\MikTex\tex/latex/graphics\trig.sty"
Package: trig 2016/01/03 v1.10 sin cos tan (DPC)
) ("D:\LaTeX installed\MikTex\tex/latex/graphics-cfg\graphics.cfg"
File: graphics.cfg 2016/06/04 v1.11 sample graphics configuration
)
Package graphics Info: Driver file: pdftex.def on input line 105.
("D:\LaTeX installed\MikTex\tex/latex/graphics-def\pdftex.def"
File: pdftex.def 2018/01/08 v1.0l Graphics/color driver for pdftex
))
\Gin@req@height=\dimen153
\Gin@req@width=\dimen154
) ("D:\LaTeX installed\MikTex\tex/latex/pgf/systemlayer\pgfsys.sty" ("D:\LaTeX 
installed\MikTex\tex/generic/pgf/systemlayer\pgfsys.code.tex"
Package: pgfsys 2020/01/08 v3.1.5b (3.1.5b)
("D:\LaTeX installed\MikTex\tex/generic/pgf/utilities\pgfkeys.code.tex"
\pgfkeys@pathtoks=\toks25
\pgfkeys@temptoks=\toks26
("D:\LaTeX installed\MikTex\tex/generic/pgf/utilities\pgfkeysfiltered.code.tex"
\pgfkeys@tmptoks=\toks27
))
\pgf@x=\dimen155
\pgf@y=\dimen156
\pgf@xa=\dimen157
\pgf@ya=\dimen158
\pgf@xb=\dimen159
\pgf@yb=\dimen160
\pgf@xc=\dimen161
\pgf@yc=\dimen162
\pgf@xd=\dimen163
\pgf@yd=\dimen164
\w@pgf@writea=\write3
\r@pgf@reada=\read2
\c@pgf@counta=\count194
\c@pgf@countb=\count195
\c@pgf@countc=\count196
\c@pgf@countd=\count197
\t@pgf@toka=\toks28
\t@pgf@tokb=\toks29
\t@pgf@tokc=\toks30
\pgf@sys@id@count=\count198
("D:\LaTeX installed\MikTex\tex/generic/pgf/systemlayer\pgf.cfg"
File: pgf.cfg 2020/01/08 v3.1.5b (3.1.5b)
)
Driver file for pgf: pgfsys-pdftex.def
("D:\LaTeX installed\MikTex\tex/generic/pgf/systemlayer\pgfsys-pdftex.def"
File: pgfsys-pdftex.def 2020/01/08 v3.1.5b (3.1.5b)
("D:\LaTeX installed\MikTex\tex/generic/pgf/systemlayer\pgfsys-common-pdf.def"
File: pgfsys-common-pdf.def 2020/01/08 v3.1.5b (3.1.5b)
))) ("D:\LaTeX installed\MikTex\tex/generic/pgf/systemlayer\pgfsyssoftpath.code
.tex"
File: pgfsyssoftpath.code.tex 2020/01/08 v3.1.5b (3.1.5b)
\pgfsyssoftpath@smallbuffer@items=\count199
\pgfsyssoftpath@bigbuffer@items=\count266
) ("D:\LaTeX installed\MikTex\tex/generic/pgf/systemlayer\pgfsysprotocol.code.t
ex"
File: pgfsysprotocol.code.tex 2020/01/08 v3.1.5b (3.1.5b)
)) ("D:\LaTeX installed\MikTex\tex/latex/xcolor\xcolor.sty"
Package: xcolor 2016/05/11 v2.12 LaTeX color extensions (UK)
("D:\LaTeX installed\MikTex\tex/latex/graphics-cfg\color.cfg"
File: color.cfg 2016/01/02 v1.6 sample color configuration
)
Package xcolor Info: Driver file: pdftex.def on input line 225.
Package xcolor Info: Model `cmy' substituted by `cmy0' on input line 1348.
Package xcolor Info: Model `hsb' substituted by `rgb' on input line 1352.
Package xcolor Info: Model `RGB' extended on input line 1364.
Package xcolor Info: Model `HTML' substituted by `rgb' on input line 1366.
Package xcolor Info: Model `Hsb' substituted by `hsb' on input line 1367.
Package xcolor Info: Model `tHsb' substituted by `hsb' on input line 1368.
Package xcolor Info: Model `HSB' substituted by `hsb' on input line 1369.
Package xcolor Info: Model `Gray' substituted by `gray' on input line 1370.
Package xcolor Info: Model `wave' substituted by `hsb' on input line 1371.
) ("D:\LaTeX installed\MikTex\tex/generic/pgf/basiclayer\pgfcore.code.tex"
Package: pgfcore 2020/01/08 v3.1.5b (3.1.5b)
("D:\LaTeX installed\MikTex\tex/generic/pgf/math\pgfmath.code.tex" ("D:\LaTeX i
nstalled\MikTex\tex/generic/pgf/math\pgfmathcalc.code.tex" ("D:\LaTeX installed
\MikTex\tex/generic/pgf/math\pgfmathutil.code.tex") ("D:\LaTeX installed\MikTex
\tex/generic/pgf/math\pgfmathparser.code.tex"
\pgfmath@dimen=\dimen165
\pgfmath@count=\count267
\pgfmath@box=\box50
\pgfmath@toks=\toks31
\pgfmath@stack@operand=\toks32
\pgfmath@stack@operation=\toks33
) ("D:\LaTeX installed\MikTex\tex/generic/pgf/math\pgfmathfunctions.code.tex"
("D:\LaTeX installed\MikTex\tex/generic/pgf/math\pgfmathfunctions.basic.code.te
x")
("D:\LaTeX installed\MikTex\tex/generic/pgf/math\pgfmathfunctions.trigonometric
.code.tex")
("D:\LaTeX installed\MikTex\tex/generic/pgf/math\pgfmathfunctions.random.code.t
ex")
("D:\LaTeX installed\MikTex\tex/generic/pgf/math\pgfmathfunctions.comparison.co
de.tex") ("D:\LaTeX installed\MikTex\tex/generic/pgf/math\pgfmathfunctions.base
.code.tex")
("D:\LaTeX installed\MikTex\tex/generic/pgf/math\pgfmathfunctions.round.code.te
x") ("D:\LaTeX installed\MikTex\tex/generic/pgf/math\pgfmathfunctions.misc.code
.tex")
("D:\LaTeX installed\MikTex\tex/generic/pgf/math\pgfmathfunctions.integerarithm
etics.code.tex"))) ("D:\LaTeX installed\MikTex\tex/generic/pgf/math\pgfmathfloa
t.code.tex"
\c@pgfmathroundto@lastzeros=\count268
)) ("D:\LaTeX installed\MikTex\tex/generic/pgf/math\pgfint.code.tex") ("D:\LaTe
X installed\MikTex\tex/generic/pgf/basiclayer\pgfcorepoints.code.tex"
File: pgfcorepoints.code.tex 2020/01/08 v3.1.5b (3.1.5b)
\pgf@picminx=\dimen166
\pgf@picmaxx=\dimen167
\pgf@picminy=\dimen168
\pgf@picmaxy=\dimen169
\pgf@pathminx=\dimen170
\pgf@pathmaxx=\dimen171
\pgf@pathminy=\dimen172
\pgf@pathmaxy=\dimen173
\pgf@xx=\dimen174
\pgf@xy=\dimen175
\pgf@yx=\dimen176
\pgf@yy=\dimen177
\pgf@zx=\dimen178
\pgf@zy=\dimen179
)
("D:\LaTeX installed\MikTex\tex/generic/pgf/basiclayer\pgfcorepathconstruct.cod
e.tex"
File: pgfcorepathconstruct.code.tex 2020/01/08 v3.1.5b (3.1.5b)
\pgf@path@lastx=\dimen180
\pgf@path@lasty=\dimen181
)
("D:\LaTeX installed\MikTex\tex/generic/pgf/basiclayer\pgfcorepathusage.code.te
x"
File: pgfcorepathusage.code.tex 2020/01/08 v3.1.5b (3.1.5b)
\pgf@shorten@end@additional=\dimen182
\pgf@shorten@start@additional=\dimen183
) ("D:\LaTeX installed\MikTex\tex/generic/pgf/basiclayer\pgfcorescopes.code.tex
"
File: pgfcorescopes.code.tex 2020/01/08 v3.1.5b (3.1.5b)
\pgfpic=\box51
\pgf@hbox=\box52
\pgf@layerbox@main=\box53
\pgf@picture@serial@count=\count269
)
("D:\LaTeX installed\MikTex\tex/generic/pgf/basiclayer\pgfcoregraphicstate.code
.tex"
File: pgfcoregraphicstate.code.tex 2020/01/08 v3.1.5b (3.1.5b)
\pgflinewidth=\dimen184
)
("D:\LaTeX installed\MikTex\tex/generic/pgf/basiclayer\pgfcoretransformations.c
ode.tex"
File: pgfcoretransformations.code.tex 2020/01/08 v3.1.5b (3.1.5b)
\pgf@pt@x=\dimen185
\pgf@pt@y=\dimen186
\pgf@pt@temp=\dimen187
) ("D:\LaTeX installed\MikTex\tex/generic/pgf/basiclayer\pgfcorequick.code.tex"
File: pgfcorequick.code.tex 2020/01/08 v3.1.5b (3.1.5b)
) ("D:\LaTeX installed\MikTex\tex/generic/pgf/basiclayer\pgfcoreobjects.code.te
x"
File: pgfcoreobjects.code.tex 2020/01/08 v3.1.5b (3.1.5b)
)
("D:\LaTeX installed\MikTex\tex/generic/pgf/basiclayer\pgfcorepathprocessing.co
de.tex"
File: pgfcorepathprocessing.code.tex 2020/01/08 v3.1.5b (3.1.5b)
) ("D:\LaTeX installed\MikTex\tex/generic/pgf/basiclayer\pgfcorearrows.code.tex
"
File: pgfcorearrows.code.tex 2020/01/08 v3.1.5b (3.1.5b)
\pgfarrowsep=\dimen188
) ("D:\LaTeX installed\MikTex\tex/generic/pgf/basiclayer\pgfcoreshade.code.tex"
File: pgfcoreshade.code.tex 2020/01/08 v3.1.5b (3.1.5b)
\pgf@max=\dimen189
\pgf@sys@shading@range@num=\count270
\pgf@shadingcount=\count271
) ("D:\LaTeX installed\MikTex\tex/generic/pgf/basiclayer\pgfcoreimage.code.tex"
File: pgfcoreimage.code.tex 2020/01/08 v3.1.5b (3.1.5b)
("D:\LaTeX installed\MikTex\tex/generic/pgf/basiclayer\pgfcoreexternal.code.tex
"
File: pgfcoreexternal.code.tex 2020/01/08 v3.1.5b (3.1.5b)
\pgfexternal@startupbox=\box54
)) ("D:\LaTeX installed\MikTex\tex/generic/pgf/basiclayer\pgfcorelayers.code.te
x"
File: pgfcorelayers.code.tex 2020/01/08 v3.1.5b (3.1.5b)
)
("D:\LaTeX installed\MikTex\tex/generic/pgf/basiclayer\pgfcoretransparency.code
.tex"
File: pgfcoretransparency.code.tex 2020/01/08 v3.1.5b (3.1.5b)
) ("D:\LaTeX installed\MikTex\tex/generic/pgf/basiclayer\pgfcorepatterns.code.t
ex"
File: pgfcorepatterns.code.tex 2020/01/08 v3.1.5b (3.1.5b)
) ("D:\LaTeX installed\MikTex\tex/generic/pgf/basiclayer\pgfcorerdf.code.tex"
File: pgfcorerdf.code.tex 2020/01/08 v3.1.5b (3.1.5b)
))) ("D:\LaTeX installed\MikTex\tex/generic/pgf/modules\pgfmoduleshapes.code.te
x"
File: pgfmoduleshapes.code.tex 2020/01/08 v3.1.5b (3.1.5b)
\pgfnodeparttextbox=\box55
) ("D:\LaTeX installed\MikTex\tex/generic/pgf/modules\pgfmoduleplot.code.tex"
File: pgfmoduleplot.code.tex 2020/01/08 v3.1.5b (3.1.5b)
)
("D:\LaTeX installed\MikTex\tex/latex/pgf/compatibility\pgfcomp-version-0-65.st
y"
Package: pgfcomp-version-0-65 2020/01/08 v3.1.5b (3.1.5b)
\pgf@nodesepstart=\dimen190
\pgf@nodesepend=\dimen191
)
("D:\LaTeX installed\MikTex\tex/latex/pgf/compatibility\pgfcomp-version-1-18.st
y"
Package: pgfcomp-version-1-18 2020/01/08 v3.1.5b (3.1.5b)
)) ("D:\LaTeX installed\MikTex\tex/latex/pgf/utilities\pgffor.sty" ("D:\LaTeX i
nstalled\MikTex\tex/latex/pgf/utilities\pgfkeys.sty" ("D:\LaTeX installed\MikTe
x\tex/generic/pgf/utilities\pgfkeys.code.tex")) ("D:\LaTeX installed\MikTex\tex
/latex/pgf/math\pgfmath.sty" ("D:\LaTeX installed\MikTex\tex/generic/pgf/math\p
gfmath.code.tex")) ("D:\LaTeX installed\MikTex\tex/generic/pgf/utilities\pgffor
.code.tex"
Package: pgffor 2020/01/08 v3.1.5b (3.1.5b)
("D:\LaTeX installed\MikTex\tex/generic/pgf/math\pgfmath.code.tex")
\pgffor@iter=\dimen192
\pgffor@skip=\dimen193
\pgffor@stack=\toks34
\pgffor@toks=\toks35
)) ("D:\LaTeX installed\MikTex\tex/generic/pgf/frontendlayer/tikz\tikz.code.tex
"
Package: tikz 2020/01/08 v3.1.5b (3.1.5b)

("D:\LaTeX installed\MikTex\tex/generic/pgf/libraries\pgflibraryplothandlers.co
de.tex"
File: pgflibraryplothandlers.code.tex 2020/01/08 v3.1.5b (3.1.5b)
\pgf@plot@mark@count=\count272
\pgfplotmarksize=\dimen194
)
\tikz@lastx=\dimen195
\tikz@lasty=\dimen196
\tikz@lastxsaved=\dimen197
\tikz@lastysaved=\dimen198
\tikz@lastmovetox=\dimen199
\tikz@lastmovetoy=\dimen256
\tikzleveldistance=\dimen257
\tikzsiblingdistance=\dimen258
\tikz@figbox=\box56
\tikz@figbox@bg=\box57
\tikz@tempbox=\box58
\tikz@tempbox@bg=\box59
\tikztreelevel=\count273
\tikznumberofchildren=\count274
\tikznumberofcurrentchild=\count275
\tikz@fig@count=\count276
("D:\LaTeX installed\MikTex\tex/generic/pgf/modules\pgfmodulematrix.code.tex"
File: pgfmodulematrix.code.tex 2020/01/08 v3.1.5b (3.1.5b)
\pgfmatrixcurrentrow=\count277
\pgfmatrixcurrentcolumn=\count278
\pgf@matrix@numberofcolumns=\count279
)
\tikz@expandcount=\count280

("D:\LaTeX installed\MikTex\tex/generic/pgf/frontendlayer/tikz/libraries\tikzli
brarytopaths.code.tex"
File: tikzlibrarytopaths.code.tex 2020/01/08 v3.1.5b (3.1.5b)
)))
("D:\LaTeX installed\MikTex\tex/generic/pgf/frontendlayer/tikz/libraries\tikzli
braryarrows.code.tex"
File: tikzlibraryarrows.code.tex 2020/01/08 v3.1.5b (3.1.5b)
("D:\LaTeX installed\MikTex\tex/generic/pgf/libraries\pgflibraryarrows.code.tex
"
File: pgflibraryarrows.code.tex 2020/01/08 v3.1.5b (3.1.5b)
\arrowsize=\dimen259
))
("D:\LaTeX installed\MikTex\tex/generic/pgf/frontendlayer/tikz/libraries/datavi
sualization\tikzlibrarydatavisualization.formats.functions.code.tex"
File: tikzlibrarydatavisualization.formats.functions.code.tex 2020/01/08 v3.1.5
b (3.1.5b)

("D:\LaTeX installed\MikTex\tex/generic/pgf/frontendlayer/tikz/libraries/datavi
sualization\tikzlibrarydatavisualization.code.tex"
File: tikzlibrarydatavisualization.code.tex 2020/01/08 v3.1.5b (3.1.5b)

("D:\LaTeX installed\MikTex\tex/generic/pgf/modules\pgfmoduledatavisualization.
code.tex"
File: pgfmoduledatavisualization.code.tex 2020/01/08 v3.1.5b (3.1.5b)
("D:\LaTeX installed\MikTex\tex/generic/pgf/modules\pgfmoduleoo.code.tex"
\pgfoo@objectcount=\count281
\pgfoothis@count=\count282
\pgfoo@toks=\toks36
) ("D:\LaTeX installed\MikTex\tex/generic/pgf/libraries\pgflibraryfpu.code.tex"
)
\pgf@lib@dv@cache@count=\count283
\pgf@lib@dv@cache@count=\count284
)
("D:\LaTeX installed\MikTex\tex/generic/pgf/frontendlayer/tikz/libraries\tikzli
brarybackgrounds.code.tex"
File: tikzlibrarybackgrounds.code.tex 2020/01/08 v3.1.5b (3.1.5b)
\pgf@layerbox@background=\box60
\pgf@layerboxsaved@background=\box61
)
\tikzdvvisualizercounter=\count285
)
("D:\LaTeX installed\MikTex\tex/generic/pgf/libraries/datavisualization\pgflibr
arydatavisualization.formats.functions.code.tex"
File: pgflibrarydatavisualization.formats.functions.code.tex 2020/01/08 v3.1.5b
 (3.1.5b)
))
("D:\LaTeX installed\MikTex\tex/latex/pgf/frontendlayer/libraries\tikzlibraryex
ternal.code.tex" ("D:\LaTeX installed\MikTex\tex/generic/pdftexcmds\pdftexcmds.
sty"
Package: pdftexcmds 2020-06-27 v0.33 Utility functions of pdfTeX for LuaTeX (HO
)
("D:\LaTeX installed\MikTex\tex/generic/infwarerr\infwarerr.sty"
Package: infwarerr 2019/12/03 v1.5 Providing info/warning/error messages (HO)
) ("D:\LaTeX installed\MikTex\tex/generic/iftex\iftex.sty"
Package: iftex 2020/03/06 v1.0d TeX engine tests
) ("D:\LaTeX installed\MikTex\tex/generic/ltxcmds\ltxcmds.sty"
Package: ltxcmds 2019/12/15 v1.24 LaTeX kernel commands for general use (HO)
)
Package pdftexcmds Info: \pdf@primitive is available.
Package pdftexcmds Info: \pdf@ifprimitive is available.
Package pdftexcmds Info: \pdfdraftmode found.
) ("D:\LaTeX installed\MikTex\tex/latex/atveryend\atveryend.sty"
Package: atveryend 2019-12-11 v1.11 Hooks at the very end of document (HO)
Package atveryend Info: \enddocument detected (standard20110627).
)
("D:\LaTeX installed\MikTex\tex/generic/pgf/frontendlayer/tikz/libraries\tikzex
ternalshared.code.tex"))
No auxiliary output files.

\w@pgfexternal@auxout=\write4
) ("D:\LaTeX installed\MikTex\tex/latex/l3backend\l3backend-pdfmode.def"
File: l3backend-pdfmode.def 2020-08-07 L3 backend support: PDF mode
\l__kernel_color_stack_int=\count286
\l__pdf_internal_box=\box62
)
No file figures/main-figure15.aux.
LaTeX Font Info:    Checking defaults for OML/cmm/m/it on input line 20.
LaTeX Font Info:    ... okay on input line 20.
LaTeX Font Info:    Checking defaults for OMS/cmsy/m/n on input line 20.
LaTeX Font Info:    ... okay on input line 20.
LaTeX Font Info:    Checking defaults for OT1/cmr/m/n on input line 20.
LaTeX Font Info:    ... okay on input line 20.
LaTeX Font Info:    Checking defaults for T1/cmr/m/n on input line 20.
LaTeX Font Info:    ... okay on input line 20.
LaTeX Font Info:    Checking defaults for TS1/cmr/m/n on input line 20.
LaTeX Font Info:    ... okay on input line 20.
LaTeX Font Info:    Checking defaults for OMX/cmex/m/n on input line 20.
LaTeX Font Info:    ... okay on input line 20.
LaTeX Font Info:    Checking defaults for U/cmr/m/n on input line 20.
LaTeX Font Info:    ... okay on input line 20.
Package caption Info: Begin \AtBeginDocument code.
Package caption Info: End \AtBeginDocument code.
ABD: EveryShipout initializing macros ("D:\LaTeX installed\MikTex\tex/context/b
ase/mkii\supp-pdf.mkii"
[Loading MPS to PDF converter (version 2006.09.02).]
\scratchcounter=\count287
\scratchdimen=\dimen260
\scratchbox=\box63
\nofMPsegments=\count288
\nofMParguments=\count289
\everyMPshowfont=\toks37
\MPscratchCnt=\count290
\MPscratchDim=\dimen261
\MPnumerator=\count291
\makeMPintoPDFobject=\count292
\everyMPtoPDFconversion=\toks38
) ("D:\LaTeX installed\MikTex\tex/latex/epstopdf-pkg\epstopdf-base.sty"
Package: epstopdf-base 2020-01-24 v2.11 Base part for package epstopdf
Package epstopdf-base Info: Redefining graphics rule for `.eps' on input line 4
85.
)
LaTeX Font Info:    Trying to load font information for U+msa on input line 21.

("D:\LaTeX installed\MikTex\tex/latex/amsfonts\umsa.fd"
File: umsa.fd 2013/01/14 v3.01 AMS symbols A
)
LaTeX Font Info:    Trying to load font information for U+msb on input line 21.

("D:\LaTeX installed\MikTex\tex/latex/amsfonts\umsb.fd"
File: umsb.fd 2013/01/14 v3.01 AMS symbols B
)
Underfull \hbox (badness 10000) in paragraph at lines 46--46

 []


LaTeX Warning: Reference `fig:evenodd' on page 1 undefined on input line 54.

A tikzpicture has been optimized away. Use '/tikz/external/optimize=false' to d
isable this.

Underfull \hbox (badness 10000) in paragraph at lines 110--110

 []

A tikzpicture has been optimized away. Use '/tikz/external/optimize=false' to d
isable this.
A tikzpicture has been optimized away. Use '/tikz/external/optimize=false' to d
isable this.
A tikzpicture has been optimized away. Use '/tikz/external/optimize=false' to d
isable this.

Overfull \hbox (2.2222pt too wide) in paragraph at lines 110--110
[]$[]$ $[]$
 []

A tikzpicture has been optimized away. Use '/tikz/external/optimize=false' to d
isable this.
A tikzpicture has been optimized away. Use '/tikz/external/optimize=false' to d
isable this.
A tikzpicture has been optimized away. Use '/tikz/external/optimize=false' to d
isable this.

Overfull \hbox (2.2222pt too wide) in paragraph at lines 110--110
[]$[]$ $[]$
 []


LaTeX Warning: Reference `fig:even-third' on page 2 undefined on input line 110
.


LaTeX Warning: Reference `fig:odd-third' on page 2 undefined on input line 110.



LaTeX Warning: Reference `fig:qa' on page 2 undefined on input line 119.

A tikzpicture has been optimized away. Use '/tikz/external/optimize=false' to d
isable this.

Underfull \hbox (badness 10000) in paragraph at lines 147--147

 []


Underfull \hbox (badness 10000) in paragraph at lines 147--147

 []


LaTeX Warning: Reference `fig:td' on page 3 undefined on input line 147.

A tikzpicture has been optimized away. Use '/tikz/external/optimize=false' to d
isable this.

LaTeX Warning: Reference `fig:ta' on page 3 undefined on input line 147.

A tikzpicture has been optimized away. Use '/tikz/external/optimize=false' to d
isable this.

LaTeX Warning: Reference `fig:qb' on page 3 undefined on input line 157.

A tikzpicture has been optimized away. Use '/tikz/external/optimize=false' to d
isable this.

Underfull \hbox (badness 10000) in paragraph at lines 185--185

 []


LaTeX Warning: Reference `fig:tc' on page 4 undefined on input line 185.

A tikzpicture has been optimized away. Use '/tikz/external/optimize=false' to d
isable this.

LaTeX Warning: Reference `fig:te' on page 4 undefined on input line 185.

A tikzpicture has been optimized away. Use '/tikz/external/optimize=false' to d
isable this.

Underfull \hbox (badness 10000) in paragraph at lines 225--225

 []


Underfull \hbox (badness 10000) in paragraph at lines 225--225

 []


LaTeX Warning: Reference `fig:tro' on page 4 undefined on input line 225.


LaTeX Warning: Reference `fig:tr' on page 4 undefined on input line 225.

A tikzpicture has been optimized away. Use '/tikz/external/optimize=false' to d
isable this.
A tikzpicture has been optimized away. Use '/tikz/external/optimize=false' to d
isable this.

Underfull \hbox (badness 10000) in paragraph at lines 302--302

 []


Underfull \hbox (badness 10000) in paragraph at lines 302--302

 []

\openout4 = `figures/main-figure15.dpth'.

Missing character: There is no i in font nullfont!
Missing character: There is no n in font nullfont!
Missing character: There is no f in font nullfont!
Missing character: There is no o in font nullfont!
Missing character: There is no ; in font nullfont!
[5

{C:/Users/hp/AppData/Local/MiKTeX/pdftex/config/pdftex.map}]
A tikzpicture has been optimized away. Use '/tikz/external/optimize=false' to d
isable this.

Underfull \hbox (badness 10000) in paragraph at lines 302--302

 []

A tikzpicture has been optimized away. Use '/tikz/external/optimize=false' to d
isable this.
A tikzpicture has been optimized away. Use '/tikz/external/optimize=false' to d
isable this.
A tikzpicture has been optimized away. Use '/tikz/external/optimize=false' to d
isable this.

Underfull \hbox (badness 10000) in paragraph at lines 310--317

 []

A tikzpicture has been optimized away. Use '/tikz/external/optimize=false' to d
isable this.
Package atveryend Info: Empty hook `BeforeClearDocument' on input line 332.
Package atveryend Info: Empty hook `AfterLastShipout' on input line 332.
Package atveryend Info: Executing hook `AtVeryEndDocument' on input line 332.
Package atveryend Info: Empty hook `AtEndAfterFileList' on input line 332.

LaTeX Warning: There were undefined references.

Package atveryend Info: Empty hook `AtVeryVeryEnd' on input line 332.
 ) 
Here is how much of TeX's memory you used:
 18645 strings out of 481212
 407405 string characters out of 2914805
 672798 words of memory out of 3000000
 33914 multiletter control sequences out of 15000+200000
 547386 words of font info for 75 fonts, out of 3000000 for 9000
 1141 hyphenation exceptions out of 8191
 71i,15n,100p,848b,1575s stack positions out of 5000i,500n,10000p,200000b,50000s
<D:/LaTeX installed/MikTex/fonts/type1/public/amsfonts/cm/cmmi10.pfb><D:/LaTe
X installed/MikTex/fonts/type1/public/amsfonts/cm/cmmi6.pfb><D:/LaTeX installed
/MikTex/fonts/type1/public/amsfonts/cm/cmmi9.pfb><D:/LaTeX installed/MikTex/fon
ts/type1/public/amsfonts/cm/cmr10.pfb><D:/LaTeX installed/MikTex/fonts/type1/pu
blic/amsfonts/cm/cmr8.pfb><D:/LaTeX installed/MikTex/fonts/type1/public/amsfont
s/cm/cmr9.pfb><D:/LaTeX installed/MikTex/fonts/type1/public/amsfonts/cm/cmsy10.
pfb>
Output written on figures/main-figure15.pdf (1 page, 57065 bytes).
PDF statistics:
 37 PDF objects out of 1000 (max. 8388607)
 0 named destinations out of 1000 (max. 500000)
 13 words of extra memory for PDF output out of 10000 (max. 10000000)

