; Top Design: "MyLibrary1_lib:lab_2_5:schematic"
; Netlisted using Hierarchy Policy: "Standard"

Options ResourceUsage=yes UseNutmegFormat=no EnableOptim=no TopDesignName="MyLibrary1_lib:lab_2_5:schematic" DcopOutputNodeVoltages=yes DcopOutputPinCurrents=yes DcopOutputAllSweepPoints=no DcopOutputDcopType=0
S_Param:SP1 CalcS=yes CalcY=no CalcZ=no GroupDelayAperture=1e-4 FreqConversion=no FreqConversionPort=1 StatusLevel=2 CalcNoise=no SortNoise=0 BandwidthForNoise=1.0 Hz DevOpPtLevel=0 \
SweepVar="freq" SweepPlan="SP1_stim" OutputPlan="SP1_Output" 

SweepPlan: SP1_stim Start=0.1 GHz Stop=2 GHz Step=1 MHz 

OutputPlan:SP1_Output \
      Type="Output" \
      UseEquationNestLevel=yes \
      EquationNestLevel=2 \
      UseSavedEquationNestLevel=yes \
      SavedEquationNestLevel=2

#load "python","LinearCollapse"
Component Module="LinearCollapse" Type="ModelExtractor" NetworkRepresentation=2

;#@# autodisplay="S_Params_Quad_dB_Smith"
Port:Term1  N__0 0 Num=1 Z=50 Ohm Noise=yes 
Port:Term2  N__2 0 Num=2 Z=50 Ohm Noise=yes 
R:R1  N__0 0 R=50 Ohm Noise=yes 
#uselib "ckt" , "SRL"
SRL:SRL1  N__12 0 R=100 Ohm L=15.92 nH 
C:C1  N__0 0 C=5.0 pF 
TLIN:TL1  N__2 N__12 Z=50.0 Ohm E=130.68 F=1 GHz 
