C51 COMPILER V9.60.0.0   LAB3_2_B                                                          11/13/2020 11:48:45 PAGE 1   


C51 COMPILER V9.60.0.0, COMPILATION OF MODULE LAB3_2_B
OBJECT MODULE PLACED IN .\Objects\lab3_2_b.obj
COMPILER INVOKED BY: C:\Keil_v5\C51\BIN\C51.EXE ..\..\Codes\C\lab3_2_b.c OPTIMIZE(8,SPEED) BROWSE DEBUG OBJECTEXTEND PRI
                    -NT(.\Listings\lab3_2_b.lst) TABS(2) OBJECT(.\Objects\lab3_2_b.obj)

line level    source

   1          #include <reg51.h>
   2          sbit select_bit=P0^0;
   3          void delay(char TH, char TL)
   4          {
   5   1      TH1=TH;
   6   1      TL1=TL;
   7   1      TMOD=0x10;
   8   1      TR1=1;
   9   1      while (!TF1);
  10   1      TR1=0;
  11   1      TF1=0;
  12   1      }
  13          void main(void)
  14          {
  15   1      char i;
  16   1      while (1)
  17   1      {
  18   2      select_bit = 1;
  19   2      delay(0x4B,0xFE);
  20   2      select_bit = 0;
  21   2      delay(0x4B,0xFE);
  22   2      for(i = 0; i < 5; i++)
  23   2      {
  24   3      select_bit = 1;
  25   3      delay(0xDC, 0x00);
  26   3      select_bit = 0;
  27   3      delay(0xDC, 0x00);
  28   3      }
  29   2      };
  30   1      }


MODULE INFORMATION:   STATIC OVERLAYABLE
   CODE SIZE        =     67    ----
   CONSTANT SIZE    =   ----    ----
   XDATA SIZE       =   ----    ----
   PDATA SIZE       =   ----    ----
   DATA SIZE        =   ----    ----
   IDATA SIZE       =   ----    ----
   BIT SIZE         =   ----    ----
END OF MODULE INFORMATION.


C51 COMPILATION COMPLETE.  0 WARNING(S),  0 ERROR(S)
