C51 COMPILER V9.60.0.0   LAB_1_G                                                           10/07/2020 14:42:55 PAGE 1   


C51 COMPILER V9.60.0.0, COMPILATION OF MODULE LAB_1_G
OBJECT MODULE PLACED IN .\Objects\lab_1_g.obj
COMPILER INVOKED BY: C:\Keil_v5\C51\BIN\C51.EXE ..\..\Codes\C\lab_1_g.c OPTIMIZE(8,SPEED) BROWSE DEBUG OBJECTEXTEND PRIN
                    -T(.\Listings\lab_1_g.lst) TABS(2) OBJECT(.\Objects\lab_1_g.obj)

line level    source

   1          #include <reg51.h>
   2          unsigned char data d[21] _at_ 0x40;
   3          
   4          void delay(int time)
   5          {
   6   1        unsigned int i,j;
   7   1        for (i=0;i<time;i++)
   8   1          for (j=0;j<125;j++);
   9   1      }
  10          
  11          int isprime(unsigned char val)
  12          {
  13   1        unsigned char j;
  14   1        for(j=0x2;j<val;j++)
  15   1          if(val % j == 0x0)
  16   1              break;
  17   1        if(j==val)
  18   1            return 1;
  19   1        return 0;
  20   1      }
  21          
  22          
  23          void main(void)
  24          {
  25   1        unsigned char a[20];
  26   1        unsigned char i, count=0;
  27   1        for(i = 0x0; i<0x21; i++)
  28   1          d[i] = i;
  29   1      
  30   1        a[count++] = 0x2;
  31   1      
  32   1        for(i=0x3;i<0x21;i++)
  33   1        {
  34   2          if(isprime(d[i]))
  35   2            a[count++] = d[i];
  36   2        }
  37   1      
  38   1        while(1)
  39   1        {
  40   2          for(i = 0;i<count;i++)
  41   2          {
  42   3            P0 = a[i];
  43   3            delay(1000);
  44   3          }
  45   2        }
  46   1      }


MODULE INFORMATION:   STATIC OVERLAYABLE
   CODE SIZE        =    165    ----
   CONSTANT SIZE    =   ----    ----
   XDATA SIZE       =   ----    ----
   PDATA SIZE       =   ----    ----
   DATA SIZE        =   ----      21
C51 COMPILER V9.60.0.0   LAB_1_G                                                           10/07/2020 14:42:55 PAGE 2   

   IDATA SIZE       =   ----    ----
   BIT SIZE         =   ----    ----
END OF MODULE INFORMATION.


C51 COMPILATION COMPLETE.  0 WARNING(S),  0 ERROR(S)
