Command line:
   q7_add_sub_isim_beh.exe
     -simmode  gui
     -simrunnum  0
     -socket  63240

Mon Nov 30 21:34:40 2020


 Elaboration Time: 0.015625 sec

 Current Memory Usage: 5153.47 Meg

 Total Signals          : 53
 Total Nets             : 21
 Total Signal Drivers   : 12
 Total Blocks           : 10
 Total Primitive Blocks : 9
 Total Processes        : 12
 Total Traceable Variables  : 8
 Total Scalar Nets and Variables : 381
Total Line Count : 12

 Total Simulation Time: 0.015625 sec

 Current Memory Usage: 5153.47 Meg

Mon Nov 30 21:34:44 2020

