Command line:
   jkff_tb_isim_beh.exe
     -simmode  gui
     -simrunnum  0
     -socket  52354

Thu Dec 03 12:17:21 2020


 Elaboration Time: 0.015625 sec

 Current Memory Usage: 5152.99 Meg

 Total Signals          : 48
 Total Nets             : 16
 Total Signal Drivers   : 13
 Total Blocks           : 12
 Total Primitive Blocks : 9
 Total Processes        : 13
 Total Traceable Variables  : 14
 Total Scalar Nets and Variables : 500
Total Line Count : 18

 Total Simulation Time: 0.015625 sec

 Current Memory Usage: 5467.56 Meg

Thu Dec 03 12:18:03 2020

