This is pdfTeX, Version 3.14159265-2.6-1.40.21 (MiKTeX 20.6.29) (preloaded format=pdflatex 2020.9.26)  1 NOV 2020 08:45
entering extended mode
**"p:/LaTex Files/Computer Network/Lab2/main.tex"
("p:/LaTex Files/Computer Network/Lab2/main.tex"
LaTeX2e <2020-02-02> patch level 5
L3 programming layer <2020-06-18> ("D:\LaTeX installed\MikTex\tex/latex/labDecorator\lab_sheet.cls" ("D:\LaTeX installed\MikTex\tex/latex/base\article.cls"
Document Class: article 2019/12/20 v1.4l Standard LaTeX document class
("D:\LaTeX installed\MikTex\tex/latex/base\size10.clo"
File: size10.clo 2019/12/20 v1.4l Standard LaTeX file (size option)
)
\c@part=\count167
\c@section=\count168
\c@subsection=\count169
\c@subsubsection=\count170
\c@paragraph=\count171
\c@subparagraph=\count172
\c@figure=\count173
\c@table=\count174
\abovecaptionskip=\skip47
\belowcaptionskip=\skip48
\bibindent=\dimen134
)
Document Class: lab_sheet 2020/09/24 My custom Lab Sheet class
("D:\LaTeX installed\MikTex\tex/latex/fancyhdr\fancyhdr.sty"
Package: fancyhdr 2019/01/31 v3.10 Extensive control of page headers and footers
\f@nch@headwidth=\skip49
\f@nch@O@elh=\skip50
\f@nch@O@erh=\skip51
\f@nch@O@olh=\skip52
\f@nch@O@orh=\skip53
\f@nch@O@elf=\skip54
\f@nch@O@erf=\skip55
\f@nch@O@olf=\skip56
\f@nch@O@orf=\skip57
) ("D:\LaTeX installed\MikTex\tex/latex/fancyhdr\extramarks.sty"
Package: extramarks 2019/01/31 v3.10 Extra marks for LaTeX
\@temptokenb=\toks15
) ("D:\LaTeX installed\MikTex\tex/latex/koma-script\scrextend.sty"
Package: scrextend 2020/07/22 v3.31 KOMA-Script package (extend other classes with features of KOMA-Script classes)
 ("D:\LaTeX installed\MikTex\tex/latex/koma-script\scrkbase.sty"
Package: scrkbase 2020/07/22 v3.31 KOMA-Script package (KOMA-Script-dependent basics and keyval usage)
 ("D:\LaTeX installed\MikTex\tex/latex/koma-script\scrbase.sty"
Package: scrbase 2020/07/22 v3.31 KOMA-Script package (KOMA-Script-independent basics and keyval usage)
 ("D:\LaTeX installed\MikTex\tex/latex/graphics\keyval.sty"
Package: keyval 2014/10/28 v1.15 key=value parser (DPC)
\KV@toks@=\toks16
) ("D:\LaTeX installed\MikTex\tex/latex/koma-script\scrlfile.sty"
Package: scrlfile 2020/07/22 v3.31 KOMA-Script package (loading files)
)))) ("D:\LaTeX installed\MikTex\tex/latex/float\float.sty"
Package: float 2001/11/08 v1.3d Float enhancements (AL)
\c@float@type=\count175
\float@exts=\toks17
\float@box=\box45
\@float@everytoks=\toks18
\@floatcapt=\box46
) ("D:\LaTeX installed\MikTex\tex/latex/graphics\graphicx.sty"
Package: graphicx 2019/11/30 v1.2a Enhanced LaTeX Graphics (DPC,SPQR)
 ("D:\LaTeX installed\MikTex\tex/latex/graphics\graphics.sty"
Package: graphics 2019/11/30 v1.4a Standard LaTeX Graphics (DPC,SPQR)
 ("D:\LaTeX installed\MikTex\tex/latex/graphics\trig.sty"
Package: trig 2016/01/03 v1.10 sin cos tan (DPC)
) ("D:\LaTeX installed\MikTex\tex/latex/graphics-cfg\graphics.cfg"
File: graphics.cfg 2016/06/04 v1.11 sample graphics configuration
)
Package graphics Info: Driver file: pdftex.def on input line 105.
 ("D:\LaTeX installed\MikTex\tex/latex/graphics-def\pdftex.def"
File: pdftex.def 2018/01/08 v1.0l Graphics/color driver for pdftex
))
\Gin@req@height=\dimen135
\Gin@req@width=\dimen136
) ("D:\LaTeX installed\MikTex\tex/latex/listings\listings.sty"
\lst@mode=\count176
\lst@gtempboxa=\box47
\lst@token=\toks19
\lst@length=\count177
\lst@currlwidth=\dimen137
\lst@column=\count178
\lst@pos=\count179
\lst@lostspace=\dimen138
\lst@width=\dimen139
\lst@newlines=\count180
\lst@lineno=\count181
\lst@maxwidth=\dimen140
 ("D:\LaTeX installed\MikTex\tex/latex/listings\lstmisc.sty"
File: lstmisc.sty 2020/03/24 1.8d (Carsten Heinz)
\c@lstnumber=\count182
\lst@skipnumbers=\count183
\lst@framebox=\box48
) ("D:\LaTeX installed\MikTex\tex/latex/listings\listings.cfg"
File: listings.cfg 2020/03/24 1.8d listings configuration
))
Package: listings 2020/03/24 1.8d (Carsten Heinz)
 ("D:\LaTeX installed\MikTex\tex/latex/tools\multicol.sty"
Package: multicol 2019/12/09 v1.8y multicolumn formatting (FMi)
\c@tracingmulticols=\count184
\mult@box=\box49
\multicol@leftmargin=\dimen141
\c@unbalance=\count185
\c@collectmore=\count186
\doublecol@number=\count187
\multicoltolerance=\count188
\multicolpretolerance=\count189
\full@width=\dimen142
\page@free=\dimen143
\premulticols=\dimen144
\postmulticols=\dimen145
\multicolsep=\skip58
\multicolbaselineskip=\skip59
\partial@page=\box50
\last@line=\box51
\maxbalancingoverflow=\dimen146
\mult@rightbox=\box52
\mult@grightbox=\box53
\mult@gfirstbox=\box54
\mult@firstbox=\box55
\@tempa=\box56
\@tempa=\box57
\@tempa=\box58
\@tempa=\box59
\@tempa=\box60
\@tempa=\box61
\@tempa=\box62
\@tempa=\box63
\@tempa=\box64
\@tempa=\box65
\@tempa=\box66
\@tempa=\box67
\@tempa=\box68
\@tempa=\box69
\@tempa=\box70
\@tempa=\box71
\@tempa=\box72
\@tempa=\box73
\@tempa=\box74
\@tempa=\box75
\@tempa=\box76
\@tempa=\box77
\@tempa=\box78
\@tempa=\box79
\@tempa=\box80
\@tempa=\box81
\@tempa=\box82
\@tempa=\box83
\@tempa=\box84
\@tempa=\box85
\@tempa=\box86
\@tempa=\box87
\@tempa=\box88
\@tempa=\box89
\@tempa=\box90
\@tempa=\box91
\@tempa=\box92
\c@minrows=\count190
\c@columnbadness=\count191
\c@finalcolumnbadness=\count192
\last@try=\dimen147
\multicolovershoot=\dimen148
\multicolundershoot=\dimen149
\mult@nat@firstbox=\box93
\colbreak@box=\box94
\mc@col@check@num=\count193
) ("D:\LaTeX installed\MikTex\tex/latex/xcolor\xcolor.sty"
Package: xcolor 2016/05/11 v2.12 LaTeX color extensions (UK)
 ("D:\LaTeX installed\MikTex\tex/latex/graphics-cfg\color.cfg"
File: color.cfg 2016/01/02 v1.6 sample color configuration
)
Package xcolor Info: Driver file: pdftex.def on input line 225.
Package xcolor Info: Model `cmy' substituted by `cmy0' on input line 1348.
Package xcolor Info: Model `hsb' substituted by `rgb' on input line 1352.
Package xcolor Info: Model `RGB' extended on input line 1364.
Package xcolor Info: Model `HTML' substituted by `rgb' on input line 1366.
Package xcolor Info: Model `Hsb' substituted by `hsb' on input line 1367.
Package xcolor Info: Model `tHsb' substituted by `hsb' on input line 1368.
Package xcolor Info: Model `HSB' substituted by `hsb' on input line 1369.
Package xcolor Info: Model `Gray' substituted by `gray' on input line 1370.
Package xcolor Info: Model `wave' substituted by `hsb' on input line 1371.
) ("D:\LaTeX installed\MikTex\tex/latex/caption\caption.sty"
Package: caption 2020/09/12 v3.5b Customizing captions (AR)
 ("D:\LaTeX installed\MikTex\tex/latex/caption\caption3.sty"
Package: caption3 2020/09/17 v2.1b caption3 kernel (AR)
\captionmargin=\dimen150
\captionmargin@=\dimen151
\captionwidth=\dimen152
\caption@tempdima=\dimen153
\caption@indent=\dimen154
\caption@parindent=\dimen155
\caption@hangindent=\dimen156
Package caption Info: Standard document class detected.
)
\c@caption@flags=\count194
\c@continuedfloat=\count195
Package caption Info: float package is loaded.
Package caption Info: listings package is loaded.
) ("D:\LaTeX installed\MikTex\tex/latex/caption\subcaption.sty"
Package: subcaption 2020/08/23 v1.3g Sub-captions (AR)
\c@subfigure=\count196
\c@subtable=\count197
) ("D:\LaTeX installed\MikTex\tex/latex/tools\array.sty"
Package: array 2019/08/31 v2.4l Tabular extension package (FMi)
\col@sep=\dimen157
\ar@mcellbox=\box95
\extrarowheight=\dimen158
\NC@list=\toks20
\extratabsurround=\skip60
\backup@length=\skip61
\ar@cellbox=\box96
) ("D:\LaTeX installed\MikTex\tex/latex/mdframed\mdframed.sty"
Package: mdframed 2013/07/01 1.9b: mdframed
 ("D:\LaTeX installed\MikTex\tex/latex/kvoptions\kvoptions.sty"
Package: kvoptions 2019/11/29 v3.13 Key value format for package options (HO)
 ("D:\LaTeX installed\MikTex\tex/generic/ltxcmds\ltxcmds.sty"
Package: ltxcmds 2019/12/15 v1.24 LaTeX kernel commands for general use (HO)
) ("D:\LaTeX installed\MikTex\tex/generic/kvsetkeys\kvsetkeys.sty"
Package: kvsetkeys 2019/12/15 v1.18 Key value parser (HO)
)) ("D:\LaTeX installed\MikTex\tex/latex/l3packages/xparse\xparse.sty" ("D:\LaTeX installed\MikTex\tex/latex/l3kernel\expl3.sty"
Package: expl3 2020-06-18 L3 programming layer (loader) 
 ("D:\LaTeX installed\MikTex\tex/latex/l3backend\l3backend-pdfmode.def"
File: l3backend-pdfmode.def 2020-06-29 L3 backend support: PDF mode
\l__kernel_color_stack_int=\count198
\l__pdf_internal_box=\box97
))
Package: xparse 2020-05-15 L3 Experimental document command parser
 ("D:\LaTeX installed\MikTex\tex/latex/l3packages/xparse\xparse-generic.tex"
\l__xparse_current_arg_int=\count199
\g__xparse_grabber_int=\count266
\l__xparse_m_args_int=\count267
\l__xparse_v_nesting_int=\count268
)) ("D:\LaTeX installed\MikTex\tex/latex/etoolbox\etoolbox.sty"
Package: etoolbox 2019/09/21 v2.5h e-TeX tools for LaTeX (JAW)
\etb@tempcnta=\count269
) ("D:\LaTeX installed\MikTex\tex/latex/zref\zref-abspage.sty"
Package: zref-abspage 2020-07-03 v2.32 Module abspage for zref (HO)
 ("D:\LaTeX installed\MikTex\tex/latex/zref\zref-base.sty"
Package: zref-base 2020-07-03 v2.32 Module base for zref (HO)
 ("D:\LaTeX installed\MikTex\tex/generic/infwarerr\infwarerr.sty"
Package: infwarerr 2019/12/03 v1.5 Providing info/warning/error messages (HO)
) ("D:\LaTeX installed\MikTex\tex/generic/kvdefinekeys\kvdefinekeys.sty"
Package: kvdefinekeys 2019-12-19 v1.6 Define keys (HO)
) ("D:\LaTeX installed\MikTex\tex/generic/pdftexcmds\pdftexcmds.sty"
Package: pdftexcmds 2020-06-27 v0.33 Utility functions of pdfTeX for LuaTeX (HO)
 ("D:\LaTeX installed\MikTex\tex/generic/iftex\iftex.sty"
Package: iftex 2020/03/06 v1.0d TeX engine tests
)
Package pdftexcmds Info: \pdf@primitive is available.
Package pdftexcmds Info: \pdf@ifprimitive is available.
Package pdftexcmds Info: \pdfdraftmode found.
) ("D:\LaTeX installed\MikTex\tex/generic/etexcmds\etexcmds.sty"
Package: etexcmds 2019/12/15 v1.7 Avoid name clashes with e-TeX commands (HO)
) ("D:\LaTeX installed\MikTex\tex/latex/auxhook\auxhook.sty"
Package: auxhook 2019-12-17 v1.6 Hooks for auxiliary files (HO)
)
Package zref Info: New property list: main on input line 764.
Package zref Info: New property: default on input line 765.
Package zref Info: New property: page on input line 766.
) ("D:\LaTeX installed\MikTex\tex/generic/atbegshi\atbegshi.sty"
Package: atbegshi 2019/12/05 v1.19 At begin shipout hook (HO)
)
\c@abspage=\count270
Package zref Info: New property: abspage on input line 66.
) ("D:\LaTeX installed\MikTex\tex/latex/needspace\needspace.sty"
Package: needspace 2010/09/12 v1.3d reserve vertical space
)
\mdf@templength=\skip62
\c@mdf@globalstyle@cnt=\count271
\mdf@skipabove@length=\skip63
\mdf@skipbelow@length=\skip64
\mdf@leftmargin@length=\skip65
\mdf@rightmargin@length=\skip66
\mdf@innerleftmargin@length=\skip67
\mdf@innerrightmargin@length=\skip68
\mdf@innertopmargin@length=\skip69
\mdf@innerbottommargin@length=\skip70
\mdf@splittopskip@length=\skip71
\mdf@splitbottomskip@length=\skip72
\mdf@outermargin@length=\skip73
\mdf@innermargin@length=\skip74
\mdf@linewidth@length=\skip75
\mdf@innerlinewidth@length=\skip76
\mdf@middlelinewidth@length=\skip77
\mdf@outerlinewidth@length=\skip78
\mdf@roundcorner@length=\skip79
\mdf@footenotedistance@length=\skip80
\mdf@userdefinedwidth@length=\skip81
\mdf@needspace@length=\skip82
\mdf@frametitleaboveskip@length=\skip83
\mdf@frametitlebelowskip@length=\skip84
\mdf@frametitlerulewidth@length=\skip85
\mdf@frametitleleftmargin@length=\skip86
\mdf@frametitlerightmargin@length=\skip87
\mdf@shadowsize@length=\skip88
\mdf@extratopheight@length=\skip89
\mdf@subtitleabovelinewidth@length=\skip90
\mdf@subtitlebelowlinewidth@length=\skip91
\mdf@subtitleaboveskip@length=\skip92
\mdf@subtitlebelowskip@length=\skip93
\mdf@subtitleinneraboveskip@length=\skip94
\mdf@subtitleinnerbelowskip@length=\skip95
\mdf@subsubtitleabovelinewidth@length=\skip96
\mdf@subsubtitlebelowlinewidth@length=\skip97
\mdf@subsubtitleaboveskip@length=\skip98
\mdf@subsubtitlebelowskip@length=\skip99
\mdf@subsubtitleinneraboveskip@length=\skip100
\mdf@subsubtitleinnerbelowskip@length=\skip101
 ("D:\LaTeX installed\MikTex\tex/latex/mdframed\md-frame-0.mdf"
File: md-frame-0.mdf 2013/07/01\ 1.9b: md-frame-0
)
\mdf@frametitlebox=\box98
\mdf@footnotebox=\box99
\mdf@splitbox@one=\box100
\mdf@splitbox@two=\box101
\mdf@splitbox@save=\box102
\mdfsplitboxwidth=\skip102
\mdfsplitboxtotalwidth=\skip103
\mdfsplitboxheight=\skip104
\mdfsplitboxdepth=\skip105
\mdfsplitboxtotalheight=\skip106
\mdfframetitleboxwidth=\skip107
\mdfframetitleboxtotalwidth=\skip108
\mdfframetitleboxheight=\skip109
\mdfframetitleboxdepth=\skip110
\mdfframetitleboxtotalheight=\skip111
\mdffootnoteboxwidth=\skip112
\mdffootnoteboxtotalwidth=\skip113
\mdffootnoteboxheight=\skip114
\mdffootnoteboxdepth=\skip115
\mdffootnoteboxtotalheight=\skip116
\mdftotallinewidth=\skip117
\mdfboundingboxwidth=\skip118
\mdfboundingboxtotalwidth=\skip119
\mdfboundingboxheight=\skip120
\mdfboundingboxdepth=\skip121
\mdfboundingboxtotalheight=\skip122
\mdf@freevspace@length=\skip123
\mdf@horizontalwidthofbox@length=\skip124
\mdf@verticalmarginwhole@length=\skip125
\mdf@horizontalspaceofbox=\skip126
\mdfsubtitleheight=\skip127
\mdfsubsubtitleheight=\skip128
\c@mdfcountframes=\count272

****** mdframed patching \endmdf@trivlist

****** -- success******

\mdf@envdepth=\count273
\c@mdf@env@i=\count274
\c@mdf@env@ii=\count275
\c@mdf@zref@counter=\count276
Package zref Info: New property: mdf@pagevalue on input line 895.
) ("D:\LaTeX installed\MikTex\tex/latex/adjustbox\adjustbox.sty"
Package: adjustbox 2020/08/19 v1.3 Adjusting TeX boxes (trim, clip, ...)
 ("D:\LaTeX installed\MikTex\tex/latex/xkeyval\xkeyval.sty"
Package: xkeyval 2014/12/03 v2.7a package option processing (HA)
 ("D:\LaTeX installed\MikTex\tex/generic/xkeyval\xkeyval.tex" ("D:\LaTeX installed\MikTex\tex/generic/xkeyval\xkvutils.tex"
\XKV@toks=\toks21
\XKV@tempa@toks=\toks22
)
\XKV@depth=\count277
File: xkeyval.tex 2014/12/03 v2.7a key=value parser (HA)
)) ("D:\LaTeX installed\MikTex\tex/latex/adjustbox\adjcalc.sty"
Package: adjcalc 2012/05/16 v1.1 Provides advanced setlength with multiple back-ends (calc, etex, pgfmath)
) ("D:\LaTeX installed\MikTex\tex/latex/adjustbox\trimclip.sty"
Package: trimclip 2020/08/19 v1.2 Trim and clip general TeX material
 ("D:\LaTeX installed\MikTex\tex/latex/collectbox\collectbox.sty"
Package: collectbox 2012/05/17 v0.4b Collect macro arguments as boxes
\collectedbox=\box103
)
\tc@llx=\dimen159
\tc@lly=\dimen160
\tc@urx=\dimen161
\tc@ury=\dimen162
Package trimclip Info: Using driver 'tc-pdftex.def'.
 ("D:\LaTeX installed\MikTex\tex/latex/adjustbox\tc-pdftex.def"
File: tc-pdftex.def 2019/01/04 v2.2 Clipping driver for pdftex
))
\adjbox@Width=\dimen163
\adjbox@Height=\dimen164
\adjbox@Depth=\dimen165
\adjbox@Totalheight=\dimen166
\adjbox@pwidth=\dimen167
\adjbox@pheight=\dimen168
\adjbox@pdepth=\dimen169
\adjbox@ptotalheight=\dimen170
 ("D:\LaTeX installed\MikTex\tex/latex/ifoddpage\ifoddpage.sty"
Package: ifoddpage 2016/04/23 v1.1 Conditionals for odd/even page detection
\c@checkoddpage=\count278
) ("D:\LaTeX installed\MikTex\tex/latex/varwidth\varwidth.sty"
Package: varwidth 2009/03/30 ver 0.92;  Variable-width minipages
\@vwid@box=\box104
\sift@deathcycles=\count279
\@vwid@loff=\dimen171
\@vwid@roff=\dimen172
))
\c@homeworkProblemCounter=\count280
\c@subProblemCounter=\count281
) ("p:/LaTex Files\Computer Network\Lab2\main.aux")
\openout1 = `main.aux'.

LaTeX Font Info:    Checking defaults for OML/cmm/m/it on input line 5.
LaTeX Font Info:    ... okay on input line 5.
LaTeX Font Info:    Checking defaults for OMS/cmsy/m/n on input line 5.
LaTeX Font Info:    ... okay on input line 5.
LaTeX Font Info:    Checking defaults for OT1/cmr/m/n on input line 5.
LaTeX Font Info:    ... okay on input line 5.
LaTeX Font Info:    Checking defaults for T1/cmr/m/n on input line 5.
LaTeX Font Info:    ... okay on input line 5.
LaTeX Font Info:    Checking defaults for TS1/cmr/m/n on input line 5.
LaTeX Font Info:    ... okay on input line 5.
LaTeX Font Info:    Checking defaults for OMX/cmex/m/n on input line 5.
LaTeX Font Info:    ... okay on input line 5.
LaTeX Font Info:    Checking defaults for U/cmr/m/n on input line 5.
LaTeX Font Info:    ... okay on input line 5.
 ("D:\LaTeX installed\MikTex\tex/context/base/mkii\supp-pdf.mkii"
[Loading MPS to PDF converter (version 2006.09.02).]
\scratchcounter=\count282
\scratchdimen=\dimen173
\scratchbox=\box105
\nofMPsegments=\count283
\nofMParguments=\count284
\everyMPshowfont=\toks23
\MPscratchCnt=\count285
\MPscratchDim=\dimen174
\MPnumerator=\count286
\makeMPintoPDFobject=\count287
\everyMPtoPDFconversion=\toks24
) ("D:\LaTeX installed\MikTex\tex/latex/epstopdf-pkg\epstopdf-base.sty"
Package: epstopdf-base 2020-01-24 v2.11 Base part for package epstopdf
Package epstopdf-base Info: Redefining graphics rule for `.eps' on input line 485.
)
\c@lstlisting=\count288
Package caption Info: Begin \AtBeginDocument code.
Package caption Info: End \AtBeginDocument code.
\AtBeginShipoutBox=\box106
<logo.png, id=1, 299.1175pt x 335.2525pt>
File: logo.png Graphic file (type png)
<use logo.png>
Package pdftex.def Info: logo.png  used on input line 6.
(pdftex.def)             Requested size: 149.55838pt x 167.62584pt.
LaTeX Font Info:    External font `cmex10' loaded for size
(Font)              <12> on input line 6.
LaTeX Font Info:    External font `cmex10' loaded for size
(Font)              <8> on input line 6.
LaTeX Font Info:    External font `cmex10' loaded for size
(Font)              <6> on input line 6.
 [1

{C:/Users/hp/AppData/Local/MiKTeX/pdftex/config/pdftex.map} <D:/LaTeX installed/MikTex/tex/latex/labDecorator/logo.png>] ("p:/LaTex Files\Computer Network\Lab2\main.toc")
\tf@toc=\write3
\openout3 = `main.toc'.

 [1] ("p:/LaTex Files\Computer Network\Lab2\main.lol"
LaTeX Font Info:    External font `cmex10' loaded for size
(Font)              <7> on input line 1.
LaTeX Font Info:    External font `cmex10' loaded for size
(Font)              <5> on input line 1.
)
\tf@lol=\write4
\openout4 = `main.lol'.

 [2] ("p:/LaTex Files\Computer Network\Lab2\main.lof")
\tf@lof=\write5
\openout5 = `main.lof'.

 [3] (Cmdhelp/ipconfighelp.txt
LaTeX Font Info:    Trying to load font information for OMS+cmr on input line 2.
 ("D:\LaTeX installed\MikTex\tex/latex/base\omscmr.fd"
File: omscmr.fd 2019/12/16 v2.5j Standard LaTeX font definitions
)
LaTeX Font Info:    Font shape `OMS/cmr/m/n' in size <10> not available
(Font)              Font shape `OMS/cmsy/m/n' tried instead on input line 2.
 [1]) (Cmdhelp/pinghelp.txt) [2] (Cmdhelp/getmachelp.txt) (Cmdhelp/tracerthelp.txt) [3] (Cmdhelp/arphelp.txt) (Cmdhelp/hostnamehelp.txt) (Cmdhelp/netstathelp.txt [4]) (Cmdhelp/routehelp.txt [5]) (Outputs/ipa.txt) [6] (Outputs/ipb.txt) [7] [8] (Outputs/pinga.txt) (Outputs/pingb.txt) [9]
Package mdframed Info: Not enough space on this page on input line 70.
 (Outputs/pingc.txt) (Outputs/pingd.txt) [10] (Outputs/gmac.txt) (Outputs/tracerta.txt) (Outputs/tracertb.txt) [11] (Outputs/tracertc.txt) (Outputs/tracertd.txt) [12] (Outputs/arpa.txt) (Outputs/arpb.txt) [13] (Outputs/hname.txt) [14] (Outputs/netstata.txt) [15] [16] (Outputs/netstatb.txt) [17] (Outputs/netstatc.txt) [18] (Outputs/routea.txt) [19] [20] (Outputs/routeb.txt) (Outputs/routec.txt)
Package mdframed Info: Not enough space on this page on input line 109.
 [21]
Package mdframed Info: Not enough space on this page on input line 109.
 (Outputs/publicipa.txt) [22]
Package mdframed Info: Not enough space on this page on input line 116.
 (Outputs/publicipb.txt)
<./Figures/publicip.png, id=96, 491.436pt x 152.36925pt>
File: ./Figures/publicip.png Graphic file (type png)
<use ./Figures/publicip.png>
Package pdftex.def Info: ./Figures/publicip.png  used on input line 124.
(pdftex.def)             Requested size: 393.14934pt x 121.89555pt.
 [23 <./Figures/publicip.png>] ("p:/LaTex Files\Computer Network\Lab2\main.aux") ) 
Here is how much of TeX's memory you used:
 9082 strings out of 480790
 150651 string characters out of 2906132
 2026863 words of memory out of 3000000
 24852 multiletter control sequences out of 15000+200000
 538702 words of font info for 45 fonts, out of 3000000 for 9000
 1141 hyphenation exceptions out of 8191
 57i,12n,61p,905b,1756s stack positions out of 5000i,500n,10000p,200000b,50000s
 <C:\Users\hp\AppData\Local\MiKTeX\fonts/pk/ljfour/jknappen/ec/dpi600\tcrm1000.pk><D:/LaTeX installed/MikTex/fonts/type1/public/amsfonts/cm/cmbx10.pfb><D:/LaTeX installed/MikTex/fonts/type1/public/amsfonts/cm/cmbx12.pfb><D:/LaTeX installed/MikTex/fonts/type1/public/amsfonts/cm/cmr10.pfb><D:/LaTeX installed/MikTex/fonts/type1/public/amsfonts/cm/cmr9.pfb><D:/LaTeX installed/MikTex/fonts/type1/public/amsfonts/cm/cmsy10.pfb><D:/LaTeX installed/MikTex/fonts/type1/public/amsfonts/cm/cmti10.pfb><D:/LaTeX installed/MikTex/fonts/type1/public/amsfonts/cm/cmti12.pfb><D:/LaTeX installed/MikTex/fonts/type1/public/amsfonts/cm/cmtt10.pfb>
Output written on "p:/LaTex Files\Computer Network\Lab2\main.pdf" (27 pages, 283027 bytes).
PDF statistics:
 133 PDF objects out of 1000 (max. 8388607)
 0 named destinations out of 1000 (max. 500000)
 11 words of extra memory for PDF output out of 10000 (max. 10000000)

