\BOOKMARK [1][-]{section*.2}{List\040of\040Figures}{}% 1
\BOOKMARK [1][-]{section*.4}{List\040of\040Abbreviations}{}% 2
\BOOKMARK [1][-]{section.1}{Cloud\040Computing}{}% 3
\BOOKMARK [2][-]{subsection.1.1}{Types\040of\040Cloud\040Computing\040Model}{section.1}% 4
\BOOKMARK [3][-]{subsubsection.1.1.1}{Infrastructure\040as\040a\040Service\040\(IaaS\)}{subsection.1.1}% 5
\BOOKMARK [3][-]{subsubsection.1.1.2}{Platform\040as\040a\040Service\040\(PaaS\)}{subsection.1.1}% 6
\BOOKMARK [3][-]{subsubsection.1.1.3}{Software\040as\040a\040Service\040\(SaaS\)}{subsection.1.1}% 7
\BOOKMARK [2][-]{subsection.1.2}{Benefits\040of\040Cloud\040Computing}{section.1}% 8
\BOOKMARK [3][-]{subsubsection.1.2.1}{Variable\040Expense}{subsection.1.2}% 9
\BOOKMARK [3][-]{subsubsection.1.2.2}{On-demand\040Scaling\040of\040Resources}{subsection.1.2}% 10
\BOOKMARK [3][-]{subsubsection.1.2.3}{Increased\040Speed\040of\040Deployment}{subsection.1.2}% 11
\BOOKMARK [3][-]{subsubsection.1.2.4}{Economies\040of\040Scale}{subsection.1.2}% 12
\BOOKMARK [3][-]{subsubsection.1.2.5}{Global\040Reach\040without\040much\040Hassle}{subsection.1.2}% 13
\BOOKMARK [3][-]{subsubsection.1.2.6}{No\040Maintenance\040Cost}{subsection.1.2}% 14
\BOOKMARK [1][-]{section.2}{AWS\040Global\040Infrastructure}{}% 15
\BOOKMARK [2][-]{subsection.2.1}{AWS\040Regions}{section.2}% 16
\BOOKMARK [2][-]{subsection.2.2}{Availability\040Zones}{section.2}% 17
\BOOKMARK [2][-]{subsection.2.3}{Data\040Centers}{section.2}% 18
\BOOKMARK [1][-]{section.3}{Amazon\040Elastic\040Compute\040Cloud\040\(EC2\)}{}% 19
\BOOKMARK [2][-]{subsection.3.1}{Choose\040an\040Amazon\040Machine\040Image}{section.3}% 20
\BOOKMARK [2][-]{subsection.3.2}{Choose\040an\040Instance\040Type}{section.3}% 21
\BOOKMARK [2][-]{subsection.3.3}{Configure\040Instance\040Details}{section.3}% 22
\BOOKMARK [2][-]{subsection.3.4}{Add\040Storage}{section.3}% 23
\BOOKMARK [2][-]{subsection.3.5}{Add\040Tags}{section.3}% 24
\BOOKMARK [2][-]{subsection.3.6}{Configure\040Security\040Groups}{section.3}% 25
\BOOKMARK [2][-]{subsection.3.7}{Review\040and\040Launch}{section.3}% 26
