C51 COMPILER V9.60.0.0   LAB3_3                                                            11/13/2020 21:32:01 PAGE 1   


C51 COMPILER V9.60.0.0, COMPILATION OF MODULE LAB3_3
OBJECT MODULE PLACED IN .\Objects\lab3_3.obj
COMPILER INVOKED BY: C:\Keil_v5\C51\BIN\C51.EXE ..\..\Codes\C\lab3_3.c OPTIMIZE(8,SPEED) BROWSE DEBUG OBJECTEXTEND PRINT
                    -(.\Listings\lab3_3.lst) TABS(2) OBJECT(.\Objects\lab3_3.obj)

line level    source

   1          #include <reg51.h>
   2          unsigned char led_pattern[10] = {
   3              0x3f, 0x06, 0x5b, 0x4f, 0x66, 0x6d,
   4              0x7d, 0x07, 0x7f, 0x6f};
   5          void delay(void)
   6          {
   7   1          TMOD = 0x10;
   8   1          TH1 = 0xE9;
   9   1          TL1 = 0x3F;
  10   1          TR1 = 1;
  11   1          while (!TF1);
  12   1          TR1 = 0;
  13   1          TF1 = 0;
  14   1      }
  15          void display(int min, int sec)
  16          {
  17   1          int i, r, led[4];
  18   1          led[0] = min / 10;
  19   1          led[1] = min % 10;
  20   1          led[2] = sec / 10;
  21   1          led[3] = sec % 10;
  22   1          for (r = 0; r < 39; r++)
  23   1          {
  24   2              P2 = 0x01;
  25   2              for (i = 0; i < 4; i++)
  26   2              {
  27   3                  if (i == 1)
  28   3                      P0 = led_pattern[led[i]] | 0x80;
  29   3                  else
  30   3                      P0 = led_pattern[led[i]];
  31   3                  delay();
  32   3                  P2 <<= 1;
  33   3              }
  34   2          }
  35   1      }
  36          void main(void)
  37          {
  38   1          int i, j;
  39   1          while (1)
  40   1              for (i = 0; i < 60; i++)
  41   1                  for (j = 0; j < 60; j++)
  42   1                      display(i, j);
  43   1      }


MODULE INFORMATION:   STATIC OVERLAYABLE
   CODE SIZE        =    223    ----
   CONSTANT SIZE    =   ----    ----
   XDATA SIZE       =   ----    ----
   PDATA SIZE       =   ----    ----
   DATA SIZE        =     10      12
   IDATA SIZE       =   ----    ----
   BIT SIZE         =   ----    ----
END OF MODULE INFORMATION.

C51 COMPILER V9.60.0.0   LAB3_3                                                            11/13/2020 21:32:01 PAGE 2   


C51 COMPILATION COMPLETE.  0 WARNING(S),  0 ERROR(S)
