Release 14.5 - xst P.58f (nt64)
Copyright (c) 1995-2012 Xilinx, Inc.  All rights reserved.
--> Parameter TMPDIR set to xst/projnav.tmp


Total REAL time to Xst completion: 0.00 secs
Total CPU time to Xst completion: 0.07 secs
 
--> Parameter xsthdpdir set to xst


Total REAL time to Xst completion: 0.00 secs
Total CPU time to Xst completion: 0.07 secs
 
--> Reading design: johnson.prj

TABLE OF CONTENTS
  1) Synthesis Options Summary
  2) HDL Parsing
  3) HDL Elaboration
  4) HDL Synthesis
       4.1) HDL Synthesis Report
  5) Advanced HDL Synthesis
       5.1) Advanced HDL Synthesis Report
  6) Low Level Synthesis
  7) Partition Report
  8) Design Summary
       8.1) Primitive and Black Box Usage
       8.2) Device utilization summary
       8.3) Partition Resource Summary
       8.4) Timing Report
            8.4.1) Clock Information
            8.4.2) Asynchronous Control Signals Information
            8.4.3) Timing Summary
            8.4.4) Timing Details
            8.4.5) Cross Clock Domains Report


=========================================================================
*                      Synthesis Options Summary                        *
=========================================================================
---- Source Parameters
Input File Name                    : "johnson.prj"
Ignore Synthesis Constraint File   : NO

---- Target Parameters
Output File Name                   : "johnson"
Output Format                      : NGC
Target Device                      : xa7a100t-2I-csg324

---- Source Options
Top Module Name                    : johnson
Automatic FSM Extraction           : YES
FSM Encoding Algorithm             : Auto
Safe Implementation                : No
FSM Style                          : LUT
RAM Extraction                     : Yes
RAM Style                          : Auto
ROM Extraction                     : Yes
Shift Register Extraction          : YES
ROM Style                          : Auto
Resource Sharing                   : YES
Asynchronous To Synchronous        : NO
Shift Register Minimum Size        : 2
Use DSP Block                      : Auto
Automatic Register Balancing       : No

---- Target Options
LUT Combining                      : Auto
Reduce Control Sets                : Auto
Add IO Buffers                     : YES
Global Maximum Fanout              : 100000
Add Generic Clock Buffer(BUFG)     : 32
Register Duplication               : YES
Optimize Instantiated Primitives   : NO
Use Clock Enable                   : Auto
Use Synchronous Set                : Auto
Use Synchronous Reset              : Auto
Pack IO Registers into IOBs        : Auto
Equivalent register Removal        : YES

---- General Options
Optimization Goal                  : Speed
Optimization Effort                : 1
Power Reduction                    : NO
Keep Hierarchy                     : No
Netlist Hierarchy                  : As_Optimized
RTL Output                         : Yes
Global Optimization                : AllClockNets
Read Cores                         : YES
Write Timing Constraints           : NO
Cross Clock Analysis               : NO
Hierarchy Separator                : /
Bus Delimiter                      : <>
Case Specifier                     : Maintain
Slice Utilization Ratio            : 100
BRAM Utilization Ratio             : 100
DSP48 Utilization Ratio            : 100
Auto BRAM Packing                  : NO
Slice Utilization Ratio Delta      : 5

=========================================================================


=========================================================================
*                          HDL Parsing                                  *
=========================================================================
Parsing VHDL file "P:\Assignments_Lab_Reports_LaTeX\Embedded System\Lab 5\Codes\dff_be.vhd" into library work
Parsing entity <dff>.
Parsing architecture <STRUC> of entity <dff>.
Parsing VHDL file "P:\Assignments_Lab_Reports_LaTeX\Embedded System\Lab 5\Codes\john_st.vhd" into library work
Parsing entity <johnson>.
Parsing architecture <structural> of entity <johnson>.

=========================================================================
*                            HDL Elaboration                            *
=========================================================================

Elaborating entity <johnson> (architecture <structural>) from library <work>.

Elaborating entity <dff> (architecture <STRUC>) from library <work>.
WARNING:HDLCompiler:92 - "P:\Assignments_Lab_Reports_LaTeX\Embedded System\Lab 5\Codes\dff_be.vhd" Line 16: reset should be on the sensitivity list of the process

=========================================================================
*                           HDL Synthesis                               *
=========================================================================

Synthesizing Unit <johnson>.
    Related source file is "P:\Assignments_Lab_Reports_LaTeX\Embedded System\Lab 5\Codes\john_st.vhd".
INFO:Xst:3210 - "P:\Assignments_Lab_Reports_LaTeX\Embedded System\Lab 5\Codes\john_st.vhd" line 26: Output port <qnot> of the instance <d0> is unconnected or connected to loadless signal.
INFO:Xst:3210 - "P:\Assignments_Lab_Reports_LaTeX\Embedded System\Lab 5\Codes\john_st.vhd" line 28: Output port <qnot> of the instance <d1> is unconnected or connected to loadless signal.
INFO:Xst:3210 - "P:\Assignments_Lab_Reports_LaTeX\Embedded System\Lab 5\Codes\john_st.vhd" line 30: Output port <qnot> of the instance <d2> is unconnected or connected to loadless signal.
INFO:Xst:3210 - "P:\Assignments_Lab_Reports_LaTeX\Embedded System\Lab 5\Codes\john_st.vhd" line 32: Output port <qnot> of the instance <d3> is unconnected or connected to loadless signal.
    Summary:
	no macro.
Unit <johnson> synthesized.

Synthesizing Unit <dff>.
    Related source file is "P:\Assignments_Lab_Reports_LaTeX\Embedded System\Lab 5\Codes\dff_be.vhd".
    Found 1-bit register for signal <q>.
    Found 1-bit register for signal <qnot>.
    Summary:
	inferred   2 D-type flip-flop(s).
Unit <dff> synthesized.

=========================================================================
HDL Synthesis Report

Macro Statistics
# Registers                                            : 8
 1-bit register                                        : 8

=========================================================================

=========================================================================
*                       Advanced HDL Synthesis                          *
=========================================================================

WARNING:Xst - The specified part-type was not generated at build time. XST is loading the full part-type and will therefore consume more CPU and memory.
Loading device for application Rf_Device from file '7a100t.nph' in environment D:\Xilinx\14.5\ISE_DS\ISE\.
Loading device for application Rf_Device from file '7a100t.nph' in environment D:\Xilinx\14.5\ISE_DS\ISE\.

=========================================================================
Advanced HDL Synthesis Report

Macro Statistics
# Registers                                            : 8
 Flip-Flops                                            : 8

=========================================================================

=========================================================================
*                         Low Level Synthesis                           *
=========================================================================
WARNING:Xst:2677 - Node <d3/qnot> of sequential type is unconnected in block <johnson>.
WARNING:Xst:2677 - Node <d2/qnot> of sequential type is unconnected in block <johnson>.
WARNING:Xst:2677 - Node <d1/qnot> of sequential type is unconnected in block <johnson>.
WARNING:Xst:2677 - Node <d0/qnot> of sequential type is unconnected in block <johnson>.

Optimizing unit <johnson> ...

Mapping all equations...
Building and optimizing final netlist ...
Found area constraint ratio of 100 (+ 5) on block johnson, actual ratio is 0.

Final Macro Processing ...

=========================================================================
Final Register Report

Macro Statistics
# Registers                                            : 4
 Flip-Flops                                            : 4

=========================================================================

=========================================================================
*                           Partition Report                            *
=========================================================================

Partition Implementation Status
-------------------------------

  No Partitions were found in this design.

-------------------------------

=========================================================================
*                            Design Summary                             *
=========================================================================

Top Level Output File Name         : johnson.ngc

Primitive and Black Box Usage:
------------------------------
# BELS                             : 1
#      INV                         : 1
# FlipFlops/Latches                : 4
#      FDC                         : 4
# Clock Buffers                    : 1
#      BUFGP                       : 1
# IO Buffers                       : 5
#      IBUF                        : 1
#      OBUF                        : 4

Device utilization summary:
---------------------------

Selected Device : xa7a100tcsg324-2i 


Slice Logic Utilization: 
 Number of Slice Registers:               4  out of  126800     0%  
 Number of Slice LUTs:                    1  out of  63400     0%  
    Number used as Logic:                 1  out of  63400     0%  

Slice Logic Distribution: 
 Number of LUT Flip Flop pairs used:      5
   Number with an unused Flip Flop:       1  out of      5    20%  
   Number with an unused LUT:             4  out of      5    80%  
   Number of fully used LUT-FF pairs:     0  out of      5     0%  
   Number of unique control sets:         1

IO Utilization: 
 Number of IOs:                           6
 Number of bonded IOBs:                   6  out of    210     2%  

Specific Feature Utilization:
 Number of BUFG/BUFGCTRL/BUFHCEs:         1  out of    128     0%  

---------------------------
Partition Resource Summary:
---------------------------

  No Partitions were found in this design.

---------------------------


=========================================================================
Timing Report

NOTE: THESE TIMING NUMBERS ARE ONLY A SYNTHESIS ESTIMATE.
      FOR ACCURATE TIMING INFORMATION PLEASE REFER TO THE TRACE REPORT
      GENERATED AFTER PLACE-and-ROUTE.

Clock Information:
------------------
-----------------------------------+------------------------+-------+
Clock Signal                       | Clock buffer(FF name)  | Load  |
-----------------------------------+------------------------+-------+
clock                              | BUFGP                  | 4     |
-----------------------------------+------------------------+-------+

Asynchronous Control Signals Information:
----------------------------------------
No asynchronous control signals found in this design

Timing Summary:
---------------
Speed Grade: -2

   Minimum period: 1.165ns (Maximum Frequency: 858.074MHz)
   Minimum input arrival time before clock: 0.706ns
   Maximum output required time after clock: 0.705ns
   Maximum combinational path delay: No path found

Timing Details:
---------------
All values displayed in nanoseconds (ns)

=========================================================================
Timing constraint: Default period analysis for Clock 'clock'
  Clock period: 1.165ns (frequency: 858.074MHz)
  Total number of paths / destination ports: 4 / 4
-------------------------------------------------------------------------
Delay:               1.165ns (Levels of Logic = 1)
  Source:            d3/q (FF)
  Destination:       d0/q (FF)
  Source Clock:      clock rising
  Destination Clock: clock rising

  Data Path: d3/q to d0/q
                                Gate     Net
    Cell:in->out      fanout   Delay   Delay  Logical Name (Net Name)
    ----------------------------------------  ------------
     FDC:C->Q              2   0.361   0.344  d3/q (d3/q)
     INV:I->O              1   0.113   0.339  wir1_INV_0 (wir)
     FDC:D                     0.008          d0/q
    ----------------------------------------
    Total                      1.165ns (0.482ns logic, 0.683ns route)
                                       (41.4% logic, 58.6% route)

=========================================================================
Timing constraint: Default OFFSET IN BEFORE for Clock 'clock'
  Total number of paths / destination ports: 4 / 4
-------------------------------------------------------------------------
Offset:              0.706ns (Levels of Logic = 1)
  Source:            reset (PAD)
  Destination:       d3/q (FF)
  Destination Clock: clock rising

  Data Path: reset to d3/q
                                Gate     Net
    Cell:in->out      fanout   Delay   Delay  Logical Name (Net Name)
    ----------------------------------------  ------------
     IBUF:I->O             4   0.001   0.356  reset_IBUF (reset_IBUF)
     FDC:CLR                   0.349          d3/q
    ----------------------------------------
    Total                      0.706ns (0.350ns logic, 0.356ns route)
                                       (49.6% logic, 50.4% route)

=========================================================================
Timing constraint: Default OFFSET OUT AFTER for Clock 'clock'
  Total number of paths / destination ports: 4 / 4
-------------------------------------------------------------------------
Offset:              0.705ns (Levels of Logic = 1)
  Source:            d0/q (FF)
  Destination:       data<3> (PAD)
  Source Clock:      clock rising

  Data Path: d0/q to data<3>
                                Gate     Net
    Cell:in->out      fanout   Delay   Delay  Logical Name (Net Name)
    ----------------------------------------  ------------
     FDC:C->Q              2   0.361   0.344  d0/q (d0/q)
     OBUF:I->O                 0.000          data_3_OBUF (data<3>)
    ----------------------------------------
    Total                      0.705ns (0.361ns logic, 0.344ns route)
                                       (51.2% logic, 48.8% route)

=========================================================================

Cross Clock Domains Report:
--------------------------

Clock to Setup on destination clock clock
---------------+---------+---------+---------+---------+
               | Src:Rise| Src:Fall| Src:Rise| Src:Fall|
Source Clock   |Dest:Rise|Dest:Rise|Dest:Fall|Dest:Fall|
---------------+---------+---------+---------+---------+
clock          |    1.165|         |         |         |
---------------+---------+---------+---------+---------+

=========================================================================


Total REAL time to Xst completion: 39.00 secs
Total CPU time to Xst completion: 39.14 secs
 
--> 

Total memory usage is 5078424 kilobytes

Number of errors   :    0 (   0 filtered)
Number of warnings :    6 (   0 filtered)
Number of infos    :    4 (   0 filtered)

