This is pdfTeX, Version 3.14159265-2.6-1.40.21 (MiKTeX 20.6.29) (preloaded format=pdflatex 2020.9.26)  3 NOV 2020 20:32
entering extended mode
**"p:/Embedded System Lab/Lab 2/Report/main.tex"
("p:/Embedded System Lab/Lab 2/Report/main.tex"
LaTeX2e <2020-02-02> patch level 5
L3 programming layer <2020-06-18> ("D:\LaTeX installed\MikTex\tex/latex/labDecorator\lab_sheet.cls" ("D:\LaTeX installed\MikTex\tex/latex/base\article.cls"
Document Class: article 2019/12/20 v1.4l Standard LaTeX document class
("D:\LaTeX installed\MikTex\tex/latex/base\size10.clo"
File: size10.clo 2019/12/20 v1.4l Standard LaTeX file (size option)
)
\c@part=\count167
\c@section=\count168
\c@subsection=\count169
\c@subsubsection=\count170
\c@paragraph=\count171
\c@subparagraph=\count172
\c@figure=\count173
\c@table=\count174
\abovecaptionskip=\skip47
\belowcaptionskip=\skip48
\bibindent=\dimen134
)
Document Class: lab_sheet 2020/09/24 My custom Lab Sheet class
("D:\LaTeX installed\MikTex\tex/latex/fancyhdr\fancyhdr.sty"
Package: fancyhdr 2019/01/31 v3.10 Extensive control of page headers and footers
\f@nch@headwidth=\skip49
\f@nch@O@elh=\skip50
\f@nch@O@erh=\skip51
\f@nch@O@olh=\skip52
\f@nch@O@orh=\skip53
\f@nch@O@elf=\skip54
\f@nch@O@erf=\skip55
\f@nch@O@olf=\skip56
\f@nch@O@orf=\skip57
) ("D:\LaTeX installed\MikTex\tex/latex/fancyhdr\extramarks.sty"
Package: extramarks 2019/01/31 v3.10 Extra marks for LaTeX
\@temptokenb=\toks15
) ("D:\LaTeX installed\MikTex\tex/latex/koma-script\scrextend.sty"
Package: scrextend 2020/07/22 v3.31 KOMA-Script package (extend other classes with features of KOMA-Script classes)
 ("D:\LaTeX installed\MikTex\tex/latex/koma-script\scrkbase.sty"
Package: scrkbase 2020/07/22 v3.31 KOMA-Script package (KOMA-Script-dependent basics and keyval usage)
 ("D:\LaTeX installed\MikTex\tex/latex/koma-script\scrbase.sty"
Package: scrbase 2020/07/22 v3.31 KOMA-Script package (KOMA-Script-independent basics and keyval usage)
 ("D:\LaTeX installed\MikTex\tex/latex/graphics\keyval.sty"
Package: keyval 2014/10/28 v1.15 key=value parser (DPC)
\KV@toks@=\toks16
) ("D:\LaTeX installed\MikTex\tex/latex/koma-script\scrlfile.sty"
Package: scrlfile 2020/07/22 v3.31 KOMA-Script package (loading files)
)))) ("D:\LaTeX installed\MikTex\tex/latex/float\float.sty"
Package: float 2001/11/08 v1.3d Float enhancements (AL)
\c@float@type=\count175
\float@exts=\toks17
\float@box=\box45
\@float@everytoks=\toks18
\@floatcapt=\box46
) ("D:\LaTeX installed\MikTex\tex/latex/graphics\graphicx.sty"
Package: graphicx 2019/11/30 v1.2a Enhanced LaTeX Graphics (DPC,SPQR)
 ("D:\LaTeX installed\MikTex\tex/latex/graphics\graphics.sty"
Package: graphics 2019/11/30 v1.4a Standard LaTeX Graphics (DPC,SPQR)
 ("D:\LaTeX installed\MikTex\tex/latex/graphics\trig.sty"
Package: trig 2016/01/03 v1.10 sin cos tan (DPC)
) ("D:\LaTeX installed\MikTex\tex/latex/graphics-cfg\graphics.cfg"
File: graphics.cfg 2016/06/04 v1.11 sample graphics configuration
)
Package graphics Info: Driver file: pdftex.def on input line 105.
 ("D:\LaTeX installed\MikTex\tex/latex/graphics-def\pdftex.def"
File: pdftex.def 2018/01/08 v1.0l Graphics/color driver for pdftex
))
\Gin@req@height=\dimen135
\Gin@req@width=\dimen136
) ("D:\LaTeX installed\MikTex\tex/latex/listings\listings.sty"
\lst@mode=\count176
\lst@gtempboxa=\box47
\lst@token=\toks19
\lst@length=\count177
\lst@currlwidth=\dimen137
\lst@column=\count178
\lst@pos=\count179
\lst@lostspace=\dimen138
\lst@width=\dimen139
\lst@newlines=\count180
\lst@lineno=\count181
\lst@maxwidth=\dimen140
 ("D:\LaTeX installed\MikTex\tex/latex/listings\lstmisc.sty"
File: lstmisc.sty 2020/03/24 1.8d (Carsten Heinz)
\c@lstnumber=\count182
\lst@skipnumbers=\count183
\lst@framebox=\box48
) ("D:\LaTeX installed\MikTex\tex/latex/listings\listings.cfg"
File: listings.cfg 2020/03/24 1.8d listings configuration
))
Package: listings 2020/03/24 1.8d (Carsten Heinz)
 ("D:\LaTeX installed\MikTex\tex/latex/tools\multicol.sty"
Package: multicol 2019/12/09 v1.8y multicolumn formatting (FMi)
\c@tracingmulticols=\count184
\mult@box=\box49
\multicol@leftmargin=\dimen141
\c@unbalance=\count185
\c@collectmore=\count186
\doublecol@number=\count187
\multicoltolerance=\count188
\multicolpretolerance=\count189
\full@width=\dimen142
\page@free=\dimen143
\premulticols=\dimen144
\postmulticols=\dimen145
\multicolsep=\skip58
\multicolbaselineskip=\skip59
\partial@page=\box50
\last@line=\box51
\maxbalancingoverflow=\dimen146
\mult@rightbox=\box52
\mult@grightbox=\box53
\mult@gfirstbox=\box54
\mult@firstbox=\box55
\@tempa=\box56
\@tempa=\box57
\@tempa=\box58
\@tempa=\box59
\@tempa=\box60
\@tempa=\box61
\@tempa=\box62
\@tempa=\box63
\@tempa=\box64
\@tempa=\box65
\@tempa=\box66
\@tempa=\box67
\@tempa=\box68
\@tempa=\box69
\@tempa=\box70
\@tempa=\box71
\@tempa=\box72
\@tempa=\box73
\@tempa=\box74
\@tempa=\box75
\@tempa=\box76
\@tempa=\box77
\@tempa=\box78
\@tempa=\box79
\@tempa=\box80
\@tempa=\box81
\@tempa=\box82
\@tempa=\box83
\@tempa=\box84
\@tempa=\box85
\@tempa=\box86
\@tempa=\box87
\@tempa=\box88
\@tempa=\box89
\@tempa=\box90
\@tempa=\box91
\@tempa=\box92
\c@minrows=\count190
\c@columnbadness=\count191
\c@finalcolumnbadness=\count192
\last@try=\dimen147
\multicolovershoot=\dimen148
\multicolundershoot=\dimen149
\mult@nat@firstbox=\box93
\colbreak@box=\box94
\mc@col@check@num=\count193
) ("D:\LaTeX installed\MikTex\tex/latex/xcolor\xcolor.sty"
Package: xcolor 2016/05/11 v2.12 LaTeX color extensions (UK)
 ("D:\LaTeX installed\MikTex\tex/latex/graphics-cfg\color.cfg"
File: color.cfg 2016/01/02 v1.6 sample color configuration
)
Package xcolor Info: Driver file: pdftex.def on input line 225.
Package xcolor Info: Model `cmy' substituted by `cmy0' on input line 1348.
Package xcolor Info: Model `hsb' substituted by `rgb' on input line 1352.
Package xcolor Info: Model `RGB' extended on input line 1364.
Package xcolor Info: Model `HTML' substituted by `rgb' on input line 1366.
Package xcolor Info: Model `Hsb' substituted by `hsb' on input line 1367.
Package xcolor Info: Model `tHsb' substituted by `hsb' on input line 1368.
Package xcolor Info: Model `HSB' substituted by `hsb' on input line 1369.
Package xcolor Info: Model `Gray' substituted by `gray' on input line 1370.
Package xcolor Info: Model `wave' substituted by `hsb' on input line 1371.
) ("D:\LaTeX installed\MikTex\tex/latex/caption\caption.sty"
Package: caption 2020/09/12 v3.5b Customizing captions (AR)
 ("D:\LaTeX installed\MikTex\tex/latex/caption\caption3.sty"
Package: caption3 2020/09/17 v2.1b caption3 kernel (AR)
\captionmargin=\dimen150
\captionmargin@=\dimen151
\captionwidth=\dimen152
\caption@tempdima=\dimen153
\caption@indent=\dimen154
\caption@parindent=\dimen155
\caption@hangindent=\dimen156
Package caption Info: Standard document class detected.
)
\c@caption@flags=\count194
\c@continuedfloat=\count195
Package caption Info: float package is loaded.
Package caption Info: listings package is loaded.
) ("D:\LaTeX installed\MikTex\tex/latex/caption\subcaption.sty"
Package: subcaption 2020/08/23 v1.3g Sub-captions (AR)
\c@subfigure=\count196
\c@subtable=\count197
) ("D:\LaTeX installed\MikTex\tex/latex/tools\array.sty"
Package: array 2019/08/31 v2.4l Tabular extension package (FMi)
\col@sep=\dimen157
\ar@mcellbox=\box95
\extrarowheight=\dimen158
\NC@list=\toks20
\extratabsurround=\skip60
\backup@length=\skip61
\ar@cellbox=\box96
) ("D:\LaTeX installed\MikTex\tex/latex/mdframed\mdframed.sty"
Package: mdframed 2013/07/01 1.9b: mdframed
 ("D:\LaTeX installed\MikTex\tex/latex/kvoptions\kvoptions.sty"
Package: kvoptions 2019/11/29 v3.13 Key value format for package options (HO)
 ("D:\LaTeX installed\MikTex\tex/generic/ltxcmds\ltxcmds.sty"
Package: ltxcmds 2019/12/15 v1.24 LaTeX kernel commands for general use (HO)
) ("D:\LaTeX installed\MikTex\tex/generic/kvsetkeys\kvsetkeys.sty"
Package: kvsetkeys 2019/12/15 v1.18 Key value parser (HO)
)) ("D:\LaTeX installed\MikTex\tex/latex/l3packages/xparse\xparse.sty" ("D:\LaTeX installed\MikTex\tex/latex/l3kernel\expl3.sty"
Package: expl3 2020-06-18 L3 programming layer (loader) 
 ("D:\LaTeX installed\MikTex\tex/latex/l3backend\l3backend-pdfmode.def"
File: l3backend-pdfmode.def 2020-06-29 L3 backend support: PDF mode
\l__kernel_color_stack_int=\count198
\l__pdf_internal_box=\box97
))
Package: xparse 2020-05-15 L3 Experimental document command parser
 ("D:\LaTeX installed\MikTex\tex/latex/l3packages/xparse\xparse-generic.tex"
\l__xparse_current_arg_int=\count199
\g__xparse_grabber_int=\count266
\l__xparse_m_args_int=\count267
\l__xparse_v_nesting_int=\count268
)) ("D:\LaTeX installed\MikTex\tex/latex/etoolbox\etoolbox.sty"
Package: etoolbox 2019/09/21 v2.5h e-TeX tools for LaTeX (JAW)
\etb@tempcnta=\count269
) ("D:\LaTeX installed\MikTex\tex/latex/zref\zref-abspage.sty"
Package: zref-abspage 2020-07-03 v2.32 Module abspage for zref (HO)
 ("D:\LaTeX installed\MikTex\tex/latex/zref\zref-base.sty"
Package: zref-base 2020-07-03 v2.32 Module base for zref (HO)
 ("D:\LaTeX installed\MikTex\tex/generic/infwarerr\infwarerr.sty"
Package: infwarerr 2019/12/03 v1.5 Providing info/warning/error messages (HO)
) ("D:\LaTeX installed\MikTex\tex/generic/kvdefinekeys\kvdefinekeys.sty"
Package: kvdefinekeys 2019-12-19 v1.6 Define keys (HO)
) ("D:\LaTeX installed\MikTex\tex/generic/pdftexcmds\pdftexcmds.sty"
Package: pdftexcmds 2020-06-27 v0.33 Utility functions of pdfTeX for LuaTeX (HO)
 ("D:\LaTeX installed\MikTex\tex/generic/iftex\iftex.sty"
Package: iftex 2020/03/06 v1.0d TeX engine tests
)
Package pdftexcmds Info: \pdf@primitive is available.
Package pdftexcmds Info: \pdf@ifprimitive is available.
Package pdftexcmds Info: \pdfdraftmode found.
) ("D:\LaTeX installed\MikTex\tex/generic/etexcmds\etexcmds.sty"
Package: etexcmds 2019/12/15 v1.7 Avoid name clashes with e-TeX commands (HO)
) ("D:\LaTeX installed\MikTex\tex/latex/auxhook\auxhook.sty"
Package: auxhook 2019-12-17 v1.6 Hooks for auxiliary files (HO)
)
Package zref Info: New property list: main on input line 764.
Package zref Info: New property: default on input line 765.
Package zref Info: New property: page on input line 766.
) ("D:\LaTeX installed\MikTex\tex/generic/atbegshi\atbegshi.sty"
Package: atbegshi 2019/12/05 v1.19 At begin shipout hook (HO)
)
\c@abspage=\count270
Package zref Info: New property: abspage on input line 66.
) ("D:\LaTeX installed\MikTex\tex/latex/needspace\needspace.sty"
Package: needspace 2010/09/12 v1.3d reserve vertical space
)
\mdf@templength=\skip62
\c@mdf@globalstyle@cnt=\count271
\mdf@skipabove@length=\skip63
\mdf@skipbelow@length=\skip64
\mdf@leftmargin@length=\skip65
\mdf@rightmargin@length=\skip66
\mdf@innerleftmargin@length=\skip67
\mdf@innerrightmargin@length=\skip68
\mdf@innertopmargin@length=\skip69
\mdf@innerbottommargin@length=\skip70
\mdf@splittopskip@length=\skip71
\mdf@splitbottomskip@length=\skip72
\mdf@outermargin@length=\skip73
\mdf@innermargin@length=\skip74
\mdf@linewidth@length=\skip75
\mdf@innerlinewidth@length=\skip76
\mdf@middlelinewidth@length=\skip77
\mdf@outerlinewidth@length=\skip78
\mdf@roundcorner@length=\skip79
\mdf@footenotedistance@length=\skip80
\mdf@userdefinedwidth@length=\skip81
\mdf@needspace@length=\skip82
\mdf@frametitleaboveskip@length=\skip83
\mdf@frametitlebelowskip@length=\skip84
\mdf@frametitlerulewidth@length=\skip85
\mdf@frametitleleftmargin@length=\skip86
\mdf@frametitlerightmargin@length=\skip87
\mdf@shadowsize@length=\skip88
\mdf@extratopheight@length=\skip89
\mdf@subtitleabovelinewidth@length=\skip90
\mdf@subtitlebelowlinewidth@length=\skip91
\mdf@subtitleaboveskip@length=\skip92
\mdf@subtitlebelowskip@length=\skip93
\mdf@subtitleinneraboveskip@length=\skip94
\mdf@subtitleinnerbelowskip@length=\skip95
\mdf@subsubtitleabovelinewidth@length=\skip96
\mdf@subsubtitlebelowlinewidth@length=\skip97
\mdf@subsubtitleaboveskip@length=\skip98
\mdf@subsubtitlebelowskip@length=\skip99
\mdf@subsubtitleinneraboveskip@length=\skip100
\mdf@subsubtitleinnerbelowskip@length=\skip101
 ("D:\LaTeX installed\MikTex\tex/latex/mdframed\md-frame-0.mdf"
File: md-frame-0.mdf 2013/07/01\ 1.9b: md-frame-0
)
\mdf@frametitlebox=\box98
\mdf@footnotebox=\box99
\mdf@splitbox@one=\box100
\mdf@splitbox@two=\box101
\mdf@splitbox@save=\box102
\mdfsplitboxwidth=\skip102
\mdfsplitboxtotalwidth=\skip103
\mdfsplitboxheight=\skip104
\mdfsplitboxdepth=\skip105
\mdfsplitboxtotalheight=\skip106
\mdfframetitleboxwidth=\skip107
\mdfframetitleboxtotalwidth=\skip108
\mdfframetitleboxheight=\skip109
\mdfframetitleboxdepth=\skip110
\mdfframetitleboxtotalheight=\skip111
\mdffootnoteboxwidth=\skip112
\mdffootnoteboxtotalwidth=\skip113
\mdffootnoteboxheight=\skip114
\mdffootnoteboxdepth=\skip115
\mdffootnoteboxtotalheight=\skip116
\mdftotallinewidth=\skip117
\mdfboundingboxwidth=\skip118
\mdfboundingboxtotalwidth=\skip119
\mdfboundingboxheight=\skip120
\mdfboundingboxdepth=\skip121
\mdfboundingboxtotalheight=\skip122
\mdf@freevspace@length=\skip123
\mdf@horizontalwidthofbox@length=\skip124
\mdf@verticalmarginwhole@length=\skip125
\mdf@horizontalspaceofbox=\skip126
\mdfsubtitleheight=\skip127
\mdfsubsubtitleheight=\skip128
\c@mdfcountframes=\count272

****** mdframed patching \endmdf@trivlist

****** -- success******

\mdf@envdepth=\count273
\c@mdf@env@i=\count274
\c@mdf@env@ii=\count275
\c@mdf@zref@counter=\count276
Package zref Info: New property: mdf@pagevalue on input line 895.
) ("D:\LaTeX installed\MikTex\tex/latex/adjustbox\adjustbox.sty"
Package: adjustbox 2020/08/19 v1.3 Adjusting TeX boxes (trim, clip, ...)
 ("D:\LaTeX installed\MikTex\tex/latex/xkeyval\xkeyval.sty"
Package: xkeyval 2014/12/03 v2.7a package option processing (HA)
 ("D:\LaTeX installed\MikTex\tex/generic/xkeyval\xkeyval.tex" ("D:\LaTeX installed\MikTex\tex/generic/xkeyval\xkvutils.tex"
\XKV@toks=\toks21
\XKV@tempa@toks=\toks22
)
\XKV@depth=\count277
File: xkeyval.tex 2014/12/03 v2.7a key=value parser (HA)
)) ("D:\LaTeX installed\MikTex\tex/latex/adjustbox\adjcalc.sty"
Package: adjcalc 2012/05/16 v1.1 Provides advanced setlength with multiple back-ends (calc, etex, pgfmath)
) ("D:\LaTeX installed\MikTex\tex/latex/adjustbox\trimclip.sty"
Package: trimclip 2020/08/19 v1.2 Trim and clip general TeX material
 ("D:\LaTeX installed\MikTex\tex/latex/collectbox\collectbox.sty"
Package: collectbox 2012/05/17 v0.4b Collect macro arguments as boxes
\collectedbox=\box103
)
\tc@llx=\dimen159
\tc@lly=\dimen160
\tc@urx=\dimen161
\tc@ury=\dimen162
Package trimclip Info: Using driver 'tc-pdftex.def'.
 ("D:\LaTeX installed\MikTex\tex/latex/adjustbox\tc-pdftex.def"
File: tc-pdftex.def 2019/01/04 v2.2 Clipping driver for pdftex
))
\adjbox@Width=\dimen163
\adjbox@Height=\dimen164
\adjbox@Depth=\dimen165
\adjbox@Totalheight=\dimen166
\adjbox@pwidth=\dimen167
\adjbox@pheight=\dimen168
\adjbox@pdepth=\dimen169
\adjbox@ptotalheight=\dimen170
 ("D:\LaTeX installed\MikTex\tex/latex/ifoddpage\ifoddpage.sty"
Package: ifoddpage 2016/04/23 v1.1 Conditionals for odd/even page detection
\c@checkoddpage=\count278
) ("D:\LaTeX installed\MikTex\tex/latex/varwidth\varwidth.sty"
Package: varwidth 2009/03/30 ver 0.92;  Variable-width minipages
\@vwid@box=\box104
\sift@deathcycles=\count279
\@vwid@loff=\dimen171
\@vwid@roff=\dimen172
)) ("D:\LaTeX installed\MikTex\tex/latex/amsfonts\amssymb.sty"
Package: amssymb 2013/01/14 v3.01 AMS font symbols
 ("D:\LaTeX installed\MikTex\tex/latex/amsfonts\amsfonts.sty"
Package: amsfonts 2013/01/14 v3.01 Basic AMSFonts support
\@emptytoks=\toks23
\symAMSa=\mathgroup4
\symAMSb=\mathgroup5
LaTeX Font Info:    Redeclaring math symbol \hbar on input line 98.
LaTeX Font Info:    Overwriting math alphabet `\mathfrak' in version `bold'
(Font)                  U/euf/m/n --> U/euf/b/n on input line 106.
))
\c@homeworkProblemCounter=\count280
\c@subProblemCounter=\count281
) ("D:\LaTeX installed\MikTex\tex/latex/booktabs\booktabs.sty"
Package: booktabs 2020/01/12 v1.61803398 Publication quality tables
\heavyrulewidth=\dimen173
\lightrulewidth=\dimen174
\cmidrulewidth=\dimen175
\belowrulesep=\dimen176
\belowbottomsep=\dimen177
\aboverulesep=\dimen178
\abovetopsep=\dimen179
\cmidrulesep=\dimen180
\cmidrulekern=\dimen181
\defaultaddspace=\dimen182
\@cmidla=\count282
\@cmidlb=\count283
\@aboverulesep=\dimen183
\@belowrulesep=\dimen184
\@thisruleclass=\count284
\@lastruleclass=\count285
\@thisrulewidth=\dimen185
) ("D:\LaTeX installed\MikTex\tex/latex/threeparttable\threeparttable.sty"
Package: threeparttable 2003/06/13  v 3.0
\@tempboxb=\box105
) ("D:\LaTeX installed\MikTex\tex/latex/biblatex\biblatex.sty"
Package: biblatex 2019/12/01 v3.14 programmable bibliographies (PK/MW)
 ("D:\LaTeX installed\MikTex\tex/latex/logreq\logreq.sty"
Package: logreq 2010/08/04 v1.0 xml request logger
\lrq@indent=\count286
 ("D:\LaTeX installed\MikTex\tex/latex/logreq\logreq.def"
File: logreq.def 2010/08/04 v1.0 logreq spec v1.0
)) ("D:\LaTeX installed\MikTex\tex/latex/base\ifthen.sty"
Package: ifthen 2014/09/29 v1.1c Standard LaTeX ifthen package (DPC)
) ("D:\LaTeX installed\MikTex\tex/latex/url\url.sty"
\Urlmuskip=\muskip16
Package: url 2013/09/16  ver 3.4  Verb mode for urls, etc.
)
\c@tabx@nest=\count287
\c@listtotal=\count288
\c@listcount=\count289
\c@liststart=\count290
\c@liststop=\count291
\c@citecount=\count292
\c@citetotal=\count293
\c@multicitecount=\count294
\c@multicitetotal=\count295
\c@instcount=\count296
\c@maxnames=\count297
\c@minnames=\count298
\c@maxitems=\count299
\c@minitems=\count300
\c@citecounter=\count301
\c@maxcitecounter=\count302
\c@savedcitecounter=\count303
\c@uniquelist=\count304
\c@uniquename=\count305
\c@refsection=\count306
\c@refsegment=\count307
\c@maxextratitle=\count308
\c@maxextratitleyear=\count309
\c@maxextraname=\count310
\c@maxextradate=\count311
\c@maxextraalpha=\count312
\c@abbrvpenalty=\count313
\c@highnamepenalty=\count314
\c@lownamepenalty=\count315
\c@maxparens=\count316
\c@parenlevel=\count317
\blx@tempcnta=\count318
\blx@tempcntb=\count319
\blx@tempcntc=\count320
\blx@maxsection=\count321
\blx@maxsegment@0=\count322
\blx@notetype=\count323
\blx@parenlevel@text=\count324
\blx@parenlevel@foot=\count325
\blx@sectionciteorder@0=\count326
\blx@entrysetcounter=\count327
\labelnumberwidth=\skip129
\labelalphawidth=\skip130
\biblabelsep=\skip131
\bibitemsep=\skip132
\bibnamesep=\skip133
\bibinitsep=\skip134
\bibparsep=\skip135
\bibhang=\skip136
\blx@bcfin=\read2
\blx@bcfout=\write3
\blx@langwohyphens=\language79
\c@mincomprange=\count328
\c@maxcomprange=\count329
\c@mincompwidth=\count330
Package biblatex Info: Trying to load biblatex default data model...
Package biblatex Info: ... file 'blx-dm.def' found.
 ("D:\LaTeX installed\MikTex\tex/latex/biblatex\blx-dm.def"
File: blx-dm.def 2019/12/01 v3.14 biblatex localization (PK/MW)
)
Package biblatex Info: Trying to load biblatex custom data model...
Package biblatex Info: ... file 'biblatex-dm.cfg' not found.
\c@afterword=\count331
\c@savedafterword=\count332
\c@annotator=\count333
\c@savedannotator=\count334
\c@author=\count335
\c@savedauthor=\count336
\c@bookauthor=\count337
\c@savedbookauthor=\count338
\c@commentator=\count339
\c@savedcommentator=\count340
\c@editor=\count341
\c@savededitor=\count342
\c@editora=\count343
\c@savededitora=\count344
\c@editorb=\count345
\c@savededitorb=\count346
\c@editorc=\count347
\c@savededitorc=\count348
\c@foreword=\count349
\c@savedforeword=\count350
\c@holder=\count351
\c@savedholder=\count352
\c@introduction=\count353
\c@savedintroduction=\count354
\c@namea=\count355
\c@savednamea=\count356
\c@nameb=\count357
\c@savednameb=\count358
\c@namec=\count359
\c@savednamec=\count360
\c@translator=\count361
\c@savedtranslator=\count362
\c@shortauthor=\count363
\c@savedshortauthor=\count364
\c@shorteditor=\count365
\c@savedshorteditor=\count366
\c@labelname=\count367
\c@savedlabelname=\count368
\c@institution=\count369
\c@savedinstitution=\count370
\c@lista=\count371
\c@savedlista=\count372
\c@listb=\count373
\c@savedlistb=\count374
\c@listc=\count375
\c@savedlistc=\count376
\c@listd=\count377
\c@savedlistd=\count378
\c@liste=\count379
\c@savedliste=\count380
\c@listf=\count381
\c@savedlistf=\count382
\c@location=\count383
\c@savedlocation=\count384
\c@organization=\count385
\c@savedorganization=\count386
\c@origlocation=\count387
\c@savedoriglocation=\count388
\c@origpublisher=\count389
\c@savedorigpublisher=\count390
\c@publisher=\count391
\c@savedpublisher=\count392
\c@language=\count393
\c@savedlanguage=\count394
\c@origlanguage=\count395
\c@savedoriglanguage=\count396
\c@pageref=\count397
\c@savedpageref=\count398
\shorthandwidth=\skip137
\shortjournalwidth=\skip138
\shortserieswidth=\skip139
\shorttitlewidth=\skip140
\shortauthorwidth=\skip141
\shorteditorwidth=\skip142
\locallabelnumberwidth=\skip143
\locallabelalphawidth=\skip144
\localshorthandwidth=\skip145
\localshortjournalwidth=\skip146
\localshortserieswidth=\skip147
\localshorttitlewidth=\skip148
\localshortauthorwidth=\skip149
\localshorteditorwidth=\skip150
Package biblatex Info: Trying to load compatibility code...
Package biblatex Info: ... file 'blx-compat.def' found.
 ("D:\LaTeX installed\MikTex\tex/latex/biblatex\blx-compat.def"
File: blx-compat.def 2019/12/01 v3.14 biblatex compatibility (PK/MW)
)
Package biblatex Info: Trying to load generic definitions...
Package biblatex Info: ... file 'biblatex.def' found.
 ("D:\LaTeX installed\MikTex\tex/latex/biblatex\biblatex.def"
File: biblatex.def 2019/12/01 v3.14 biblatex compatibility (PK/MW)
\c@textcitecount=\count399
\c@textcitetotal=\count400
\c@textcitemaxnames=\count401
\c@biburlbigbreakpenalty=\count402
\c@biburlbreakpenalty=\count403
\c@biburlnumpenalty=\count404
\c@biburlucpenalty=\count405
\c@biburllcpenalty=\count406
\biburlbigskip=\muskip17
\biburlnumskip=\muskip18
\biburlucskip=\muskip19
\biburllcskip=\muskip20
\c@smartand=\count407
)
Package biblatex Info: Trying to load bibliography style 'numeric'...
Package biblatex Info: ... file 'numeric.bbx' found.
 ("D:\LaTeX installed\MikTex\tex/latex/biblatex/bbx\numeric.bbx"
File: numeric.bbx 2019/12/01 v3.14 biblatex bibliography style (PK/MW)
Package biblatex Info: Trying to load bibliography style 'standard'...
Package biblatex Info: ... file 'standard.bbx' found.
 ("D:\LaTeX installed\MikTex\tex/latex/biblatex/bbx\standard.bbx"
File: standard.bbx 2019/12/01 v3.14 biblatex bibliography style (PK/MW)
\c@bbx:relatedcount=\count408
\c@bbx:relatedtotal=\count409
))
Package biblatex Info: Trying to load citation style 'numeric'...
Package biblatex Info: ... file 'numeric.cbx' found.
 ("D:\LaTeX installed\MikTex\tex/latex/biblatex/cbx\numeric.cbx"
File: numeric.cbx 2019/12/01 v3.14 biblatex citation style (PK/MW)
Package biblatex Info: Redefining '\cite'.
Package biblatex Info: Redefining '\parencite'.
Package biblatex Info: Redefining '\footcite'.
Package biblatex Info: Redefining '\footcitetext'.
Package biblatex Info: Redefining '\smartcite'.
Package biblatex Info: Redefining '\supercite'.
Package biblatex Info: Redefining '\textcite'.
Package biblatex Info: Redefining '\textcites'.
Package biblatex Info: Redefining '\cites'.
Package biblatex Info: Redefining '\parencites'.
Package biblatex Info: Redefining '\smartcites'.
)
Package biblatex Info: Trying to load configuration file...
Package biblatex Info: ... file 'biblatex.cfg' found.
 ("D:\LaTeX installed\MikTex\tex/latex/biblatex\biblatex.cfg"
File: biblatex.cfg 
))
\@quotelevel=\count410
\@quotereset=\count411
 ("p:/Embedded System Lab\Lab 2\Report\main.aux")
\openout1 = `main.aux'.

LaTeX Font Info:    Checking defaults for OML/cmm/m/it on input line 21.
LaTeX Font Info:    ... okay on input line 21.
LaTeX Font Info:    Checking defaults for OMS/cmsy/m/n on input line 21.
LaTeX Font Info:    ... okay on input line 21.
LaTeX Font Info:    Checking defaults for OT1/cmr/m/n on input line 21.
LaTeX Font Info:    ... okay on input line 21.
LaTeX Font Info:    Checking defaults for T1/cmr/m/n on input line 21.
LaTeX Font Info:    ... okay on input line 21.
LaTeX Font Info:    Checking defaults for TS1/cmr/m/n on input line 21.
LaTeX Font Info:    ... okay on input line 21.
LaTeX Font Info:    Checking defaults for OMX/cmex/m/n on input line 21.
LaTeX Font Info:    ... okay on input line 21.
LaTeX Font Info:    Checking defaults for U/cmr/m/n on input line 21.
LaTeX Font Info:    ... okay on input line 21.
 ("D:\LaTeX installed\MikTex\tex/context/base/mkii\supp-pdf.mkii"
[Loading MPS to PDF converter (version 2006.09.02).]
\scratchcounter=\count412
\scratchdimen=\dimen186
\scratchbox=\box106
\nofMPsegments=\count413
\nofMParguments=\count414
\everyMPshowfont=\toks24
\MPscratchCnt=\count415
\MPscratchDim=\dimen187
\MPnumerator=\count416
\makeMPintoPDFobject=\count417
\everyMPtoPDFconversion=\toks25
) ("D:\LaTeX installed\MikTex\tex/latex/epstopdf-pkg\epstopdf-base.sty"
Package: epstopdf-base 2020-01-24 v2.11 Base part for package epstopdf
 ("D:\LaTeX installed\MikTex\tex/latex/grfext\grfext.sty"
Package: grfext 2019/12/03 v1.3 Manage graphics extensions (HO)
)
Package epstopdf-base Info: Redefining graphics rule for `.eps' on input line 485.
Package grfext Info: Graphics extension search list:
(grfext)             [.pdf,.png,.jpg,.mps,.jpeg,.jbig2,.jb2,.PDF,.PNG,.JPG,.JPEG,.JBIG2,.JB2,.eps]
(grfext)             \AppendGraphicsExtensions on input line 504.
)
\c@lstlisting=\count418
Package caption Info: Begin \AtBeginDocument code.
Package caption Info: threeparttable package is loaded.
Package caption Info: End \AtBeginDocument code.
\AtBeginShipoutBox=\box107
Package biblatex Info: Trying to load language 'english'...
Package biblatex Info: ... file 'english.lbx' found.
 ("D:\LaTeX installed\MikTex\tex/latex/biblatex/lbx\english.lbx"
File: english.lbx 2019/12/01 v3.14 biblatex localization (PK/MW)
)
Package biblatex Info: Input encoding 'utf8' detected.
Package biblatex Info: Automatic encoding selection.
(biblatex)             Assuming data encoding 'utf8'.
\openout3 = `main.bcf'.

Package biblatex Info: Trying to load bibliographic data...
Package biblatex Info: ... file 'main.bbl' found.
 ("p:/Embedded System Lab\Lab 2\Report\main.bbl")
Package biblatex Info: Reference section=0 on input line 21.
Package biblatex Info: Reference segment=0 on input line 21.
<logo.png, id=1, 299.1175pt x 335.2525pt>
File: logo.png Graphic file (type png)
<use logo.png>
Package pdftex.def Info: logo.png  used on input line 22.
(pdftex.def)             Requested size: 149.55838pt x 167.62584pt.
LaTeX Font Info:    Trying to load font information for U+msa on input line 22.
 ("D:\LaTeX installed\MikTex\tex/latex/amsfonts\umsa.fd"
File: umsa.fd 2013/01/14 v3.01 AMS symbols A
)
LaTeX Font Info:    Trying to load font information for U+msb on input line 22.
 ("D:\LaTeX installed\MikTex\tex/latex/amsfonts\umsb.fd"
File: umsb.fd 2013/01/14 v3.01 AMS symbols B
) [1

{C:/Users/hp/AppData/Local/MiKTeX/pdftex/config/pdftex.map} <D:/LaTeX installed/MikTex/tex/latex/labDecorator/logo.png>] ("p:/Embedded System Lab\Lab 2\Report\main.toc")
\tf@toc=\write4
\openout4 = `main.toc'.

 [1] ("p:/Embedded System Lab\Lab 2\Report\main.lof")
\tf@lof=\write5
\openout5 = `main.lof'.

 [2] ("p:/Embedded System Lab\Lab 2\Report\main.lot")
\tf@lot=\write6
\openout6 = `main.lot'.

 [3] ("p:/Embedded System Lab\Lab 2\Report\main.lol")
\tf@lol=\write7
\openout7 = `main.lol'.

 [4]
<../Figures/led1.pdf, id=25, 361.35pt x 216.81pt>
File: ../Figures/led1.pdf Graphic file (type pdf)
<use ../Figures/led1.pdf>
Package pdftex.def Info: ../Figures/led1.pdf  used on input line 56.
(pdftex.def)             Requested size: 361.34912pt x 216.80946pt.
 [1]
<../Figures/led2.pdf, id=30, 354.32375pt x 202.7575pt>
File: ../Figures/led2.pdf Graphic file (type pdf)
<use ../Figures/led2.pdf>
Package pdftex.def Info: ../Figures/led2.pdf  used on input line 64.
(pdftex.def)             Requested size: 354.32288pt x 202.757pt.
 [2 <../Figures/led1.pdf> <../Figures/led2.pdf>] [3]
<../Figures/proteus.pdf, id=68, 433.62pt x 390.45876pt>
File: ../Figures/proteus.pdf Graphic file (type pdf)
<use ../Figures/proteus.pdf>
Package pdftex.def Info: ../Figures/proteus.pdf  used on input line 130.
(pdftex.def)             Requested size: 390.2544pt x 351.40962pt.
 [4 <../Figures/proteus.pdf>] (../Codes/Assembly/lab_2_a.a) ("D:\LaTeX installed\MikTex\tex/latex/listings\lstlang1.sty"
File: lstlang1.sty 2020/03/24 1.8d listings language file
) ("D:\LaTeX installed\MikTex\tex/latex/listings\lstmisc.sty"
File: lstmisc.sty 2020/03/24 1.8d (Carsten Heinz)
) (../Codes/C/lab_2_a.c) [5] (../Codes/Assembly/lab_2_b.a) (../Codes/C/lab_2_b.c [6]) (../Codes/Assembly/lab_2_c.a [7]) (../Codes/C/lab_2_c.c) (../Codes/Assembly/lab_2_d.a [8]) (../Codes/C/lab_2_d.c) [9] (../Codes/Assembly/lab_2_e.a) (../Codes/C/lab_2_e.c) [10] (../Codes/Assembly/lab_2_f.a) (../Codes/C/lab_2_f.c [11])
<../Figures/s0.pdf, id=106, 202.7575pt x 87.32625pt>
File: ../Figures/s0.pdf Graphic file (type pdf)
<use ../Figures/s0.pdf>
Package pdftex.def Info: ../Figures/s0.pdf  used on input line 153.
(pdftex.def)             Requested size: 202.757pt x 87.32603pt.
<../Figures/s1.pdf, id=107, 202.7575pt x 87.32625pt>
File: ../Figures/s1.pdf Graphic file (type pdf)
<use ../Figures/s1.pdf>
Package pdftex.def Info: ../Figures/s1.pdf  used on input line 159.
(pdftex.def)             Requested size: 202.757pt x 87.32603pt.
<../Figures/s2.pdf, id=108, 202.7575pt x 87.32625pt>
File: ../Figures/s2.pdf Graphic file (type pdf)
<use ../Figures/s2.pdf>
Package pdftex.def Info: ../Figures/s2.pdf  used on input line 165.
(pdftex.def)             Requested size: 202.757pt x 87.32603pt.
<../Figures/s3.pdf, id=109, 202.7575pt x 87.32625pt>
File: ../Figures/s3.pdf Graphic file (type pdf)
<use ../Figures/s3.pdf>
Package pdftex.def Info: ../Figures/s3.pdf  used on input line 172.
(pdftex.def)             Requested size: 202.757pt x 87.32603pt.
<../Figures/s4.pdf, id=110, 202.7575pt x 87.32625pt>
File: ../Figures/s4.pdf Graphic file (type pdf)
<use ../Figures/s4.pdf>
Package pdftex.def Info: ../Figures/s4.pdf  used on input line 178.
(pdftex.def)             Requested size: 202.757pt x 87.32603pt.
<../Figures/s5.pdf, id=111, 202.7575pt x 87.32625pt>
File: ../Figures/s5.pdf Graphic file (type pdf)
<use ../Figures/s5.pdf>
Package pdftex.def Info: ../Figures/s5.pdf  used on input line 184.
(pdftex.def)             Requested size: 202.757pt x 87.32603pt.
<../Figures/s6.pdf, id=112, 202.7575pt x 87.32625pt>
File: ../Figures/s6.pdf Graphic file (type pdf)
<use ../Figures/s6.pdf>
Package pdftex.def Info: ../Figures/s6.pdf  used on input line 191.
(pdftex.def)             Requested size: 202.757pt x 87.32603pt.
<../Figures/s7.pdf, id=113, 202.7575pt x 87.32625pt>
File: ../Figures/s7.pdf Graphic file (type pdf)
<use ../Figures/s7.pdf>
Package pdftex.def Info: ../Figures/s7.pdf  used on input line 197.
(pdftex.def)             Requested size: 202.757pt x 87.32603pt.
<../Figures/s8.pdf, id=114, 202.7575pt x 87.32625pt>
File: ../Figures/s8.pdf Graphic file (type pdf)
<use ../Figures/s8.pdf>
Package pdftex.def Info: ../Figures/s8.pdf  used on input line 203.
(pdftex.def)             Requested size: 202.757pt x 87.32603pt.
<../Figures/s9.pdf, id=115, 202.7575pt x 87.32625pt>
File: ../Figures/s9.pdf Graphic file (type pdf)
<use ../Figures/s9.pdf>
Package pdftex.def Info: ../Figures/s9.pdf  used on input line 210.
(pdftex.def)             Requested size: 202.757pt x 87.32603pt.
File: ../Figures/s8.pdf Graphic file (type pdf)
<use ../Figures/s8.pdf>
Package pdftex.def Info: ../Figures/s8.pdf  used on input line 216.
(pdftex.def)             Requested size: 202.757pt x 87.32603pt.
File: ../Figures/s7.pdf Graphic file (type pdf)
<use ../Figures/s7.pdf>
Package pdftex.def Info: ../Figures/s7.pdf  used on input line 222.
(pdftex.def)             Requested size: 202.757pt x 87.32603pt.
File: ../Figures/s6.pdf Graphic file (type pdf)
<use ../Figures/s6.pdf>
Package pdftex.def Info: ../Figures/s6.pdf  used on input line 232.
(pdftex.def)             Requested size: 202.757pt x 87.32603pt.
File: ../Figures/s5.pdf Graphic file (type pdf)
<use ../Figures/s5.pdf>
Package pdftex.def Info: ../Figures/s5.pdf  used on input line 238.
(pdftex.def)             Requested size: 202.757pt x 87.32603pt.
File: ../Figures/s4.pdf Graphic file (type pdf)
<use ../Figures/s4.pdf>
Package pdftex.def Info: ../Figures/s4.pdf  used on input line 244.
(pdftex.def)             Requested size: 202.757pt x 87.32603pt.
File: ../Figures/s3.pdf Graphic file (type pdf)
<use ../Figures/s3.pdf>
Package pdftex.def Info: ../Figures/s3.pdf  used on input line 251.
(pdftex.def)             Requested size: 202.757pt x 87.32603pt.
File: ../Figures/s2.pdf Graphic file (type pdf)
<use ../Figures/s2.pdf>
Package pdftex.def Info: ../Figures/s2.pdf  used on input line 257.
(pdftex.def)             Requested size: 202.757pt x 87.32603pt.
File: ../Figures/s1.pdf Graphic file (type pdf)
<use ../Figures/s1.pdf>
Package pdftex.def Info: ../Figures/s1.pdf  used on input line 263.
(pdftex.def)             Requested size: 202.757pt x 87.32603pt.
File: ../Figures/s0.pdf Graphic file (type pdf)
<use ../Figures/s0.pdf>
Package pdftex.def Info: ../Figures/s0.pdf  used on input line 271.
(pdftex.def)             Requested size: 202.757pt x 87.32603pt.
 [12 <../Figures/s0.pdf> <../Figures/s1.pdf> <../Figures/s2.pdf> <../Figures/s3.pdf> <../Figures/s4.pdf> <../Figures/s5.pdf> <../Figures/s6.pdf> <../Figures/s7.pdf> <../Figures/s8.pdf> <../Figures/s9.pdf>]
<../Figures/d0.pdf, id=149, 202.7575pt x 87.32625pt>
File: ../Figures/d0.pdf Graphic file (type pdf)
<use ../Figures/d0.pdf>
Package pdftex.def Info: ../Figures/d0.pdf  used on input line 283.
(pdftex.def)             Requested size: 202.757pt x 87.32603pt.
<../Figures/d1.pdf, id=150, 202.7575pt x 87.32625pt>
File: ../Figures/d1.pdf Graphic file (type pdf)
<use ../Figures/d1.pdf>
Package pdftex.def Info: ../Figures/d1.pdf  used on input line 289.
(pdftex.def)             Requested size: 202.757pt x 87.32603pt.
<../Figures/d2.pdf, id=151, 202.7575pt x 87.32625pt>
File: ../Figures/d2.pdf Graphic file (type pdf)
<use ../Figures/d2.pdf>
Package pdftex.def Info: ../Figures/d2.pdf  used on input line 295.
(pdftex.def)             Requested size: 202.757pt x 87.32603pt.
<../Figures/d3.pdf, id=152, 202.7575pt x 87.32625pt>
File: ../Figures/d3.pdf Graphic file (type pdf)
<use ../Figures/d3.pdf>
Package pdftex.def Info: ../Figures/d3.pdf  used on input line 302.
(pdftex.def)             Requested size: 202.757pt x 87.32603pt.
<../Figures/d4.pdf, id=153, 202.7575pt x 87.32625pt>
File: ../Figures/d4.pdf Graphic file (type pdf)
<use ../Figures/d4.pdf>
Package pdftex.def Info: ../Figures/d4.pdf  used on input line 308.
(pdftex.def)             Requested size: 202.757pt x 87.32603pt.
<../Figures/d5.pdf, id=154, 202.7575pt x 87.32625pt>
File: ../Figures/d5.pdf Graphic file (type pdf)
<use ../Figures/d5.pdf>
Package pdftex.def Info: ../Figures/d5.pdf  used on input line 314.
(pdftex.def)             Requested size: 202.757pt x 87.32603pt.
<../Figures/d6.pdf, id=155, 202.7575pt x 87.32625pt>
File: ../Figures/d6.pdf Graphic file (type pdf)
<use ../Figures/d6.pdf>
Package pdftex.def Info: ../Figures/d6.pdf  used on input line 321.
(pdftex.def)             Requested size: 202.757pt x 87.32603pt.
<../Figures/d7.pdf, id=156, 202.7575pt x 87.32625pt>
File: ../Figures/d7.pdf Graphic file (type pdf)
<use ../Figures/d7.pdf>
Package pdftex.def Info: ../Figures/d7.pdf  used on input line 327.
(pdftex.def)             Requested size: 202.757pt x 87.32603pt.
<../Figures/d8.pdf, id=157, 202.7575pt x 87.32625pt>
File: ../Figures/d8.pdf Graphic file (type pdf)
<use ../Figures/d8.pdf>
Package pdftex.def Info: ../Figures/d8.pdf  used on input line 333.
(pdftex.def)             Requested size: 202.757pt x 87.32603pt.
<../Figures/d9.pdf, id=158, 202.7575pt x 87.32625pt>
File: ../Figures/d9.pdf Graphic file (type pdf)
<use ../Figures/d9.pdf>
Package pdftex.def Info: ../Figures/d9.pdf  used on input line 343.
(pdftex.def)             Requested size: 202.757pt x 87.32603pt.
<../Figures/d10.pdf, id=159, 202.7575pt x 87.32625pt>
File: ../Figures/d10.pdf Graphic file (type pdf)
<use ../Figures/d10.pdf>
Package pdftex.def Info: ../Figures/d10.pdf  used on input line 349.
(pdftex.def)             Requested size: 202.757pt x 87.32603pt.
<../Figures/d11.pdf, id=160, 202.7575pt x 87.32625pt>
File: ../Figures/d11.pdf Graphic file (type pdf)
<use ../Figures/d11.pdf>
Package pdftex.def Info: ../Figures/d11.pdf  used on input line 355.
(pdftex.def)             Requested size: 202.757pt x 87.32603pt.
<../Figures/d12.pdf, id=161, 202.7575pt x 87.32625pt>
File: ../Figures/d12.pdf Graphic file (type pdf)
<use ../Figures/d12.pdf>
Package pdftex.def Info: ../Figures/d12.pdf  used on input line 362.
(pdftex.def)             Requested size: 202.757pt x 87.32603pt.
<../Figures/d13.pdf, id=162, 202.7575pt x 87.32625pt>
File: ../Figures/d13.pdf Graphic file (type pdf)
<use ../Figures/d13.pdf>
Package pdftex.def Info: ../Figures/d13.pdf  used on input line 368.
(pdftex.def)             Requested size: 202.757pt x 87.32603pt.
<../Figures/d14.pdf, id=163, 202.7575pt x 87.32625pt>
File: ../Figures/d14.pdf Graphic file (type pdf)
<use ../Figures/d14.pdf>
Package pdftex.def Info: ../Figures/d14.pdf  used on input line 374.
(pdftex.def)             Requested size: 202.757pt x 87.32603pt.
<../Figures/d15.pdf, id=164, 202.7575pt x 87.32625pt>
File: ../Figures/d15.pdf Graphic file (type pdf)
<use ../Figures/d15.pdf>
Package pdftex.def Info: ../Figures/d15.pdf  used on input line 381.
(pdftex.def)             Requested size: 202.757pt x 87.32603pt.
<../Figures/d16.pdf, id=165, 202.7575pt x 87.32625pt>
File: ../Figures/d16.pdf Graphic file (type pdf)
<use ../Figures/d16.pdf>
Package pdftex.def Info: ../Figures/d16.pdf  used on input line 387.
(pdftex.def)             Requested size: 202.757pt x 87.32603pt.
<../Figures/d17.pdf, id=166, 202.7575pt x 87.32625pt>
File: ../Figures/d17.pdf Graphic file (type pdf)
<use ../Figures/d17.pdf>
Package pdftex.def Info: ../Figures/d17.pdf  used on input line 393.
(pdftex.def)             Requested size: 202.757pt x 87.32603pt.
<../Figures/d18.pdf, id=167, 202.7575pt x 87.32625pt>
File: ../Figures/d18.pdf Graphic file (type pdf)
<use ../Figures/d18.pdf>
Package pdftex.def Info: ../Figures/d18.pdf  used on input line 400.
(pdftex.def)             Requested size: 202.757pt x 87.32603pt.
<../Figures/d19.pdf, id=168, 202.7575pt x 87.32625pt>
File: ../Figures/d19.pdf Graphic file (type pdf)
<use ../Figures/d19.pdf>
Package pdftex.def Info: ../Figures/d19.pdf  used on input line 406.
(pdftex.def)             Requested size: 202.757pt x 87.32603pt.
<../Figures/d20.pdf, id=169, 202.7575pt x 87.32625pt>
File: ../Figures/d20.pdf Graphic file (type pdf)
<use ../Figures/d20.pdf>
Package pdftex.def Info: ../Figures/d20.pdf  used on input line 412.
(pdftex.def)             Requested size: 202.757pt x 87.32603pt.
File: ../Figures/d19.pdf Graphic file (type pdf)
<use ../Figures/d19.pdf>
Package pdftex.def Info: ../Figures/d19.pdf  used on input line 419.
(pdftex.def)             Requested size: 202.757pt x 87.32603pt.
File: ../Figures/d18.pdf Graphic file (type pdf)
<use ../Figures/d18.pdf>
Package pdftex.def Info: ../Figures/d18.pdf  used on input line 425.
(pdftex.def)             Requested size: 202.757pt x 87.32603pt.
File: ../Figures/d17.pdf Graphic file (type pdf)
<use ../Figures/d17.pdf>
Package pdftex.def Info: ../Figures/d17.pdf  used on input line 431.
(pdftex.def)             Requested size: 202.757pt x 87.32603pt.
File: ../Figures/d16.pdf Graphic file (type pdf)
<use ../Figures/d16.pdf>
Package pdftex.def Info: ../Figures/d16.pdf  used on input line 438.
(pdftex.def)             Requested size: 202.757pt x 87.32603pt.
File: ../Figures/d15.pdf Graphic file (type pdf)
<use ../Figures/d15.pdf>
Package pdftex.def Info: ../Figures/d15.pdf  used on input line 444.
(pdftex.def)             Requested size: 202.757pt x 87.32603pt.
File: ../Figures/d14.pdf Graphic file (type pdf)
<use ../Figures/d14.pdf>
Package pdftex.def Info: ../Figures/d14.pdf  used on input line 450.
(pdftex.def)             Requested size: 202.757pt x 87.32603pt.
File: ../Figures/d13.pdf Graphic file (type pdf)
<use ../Figures/d13.pdf>
Package pdftex.def Info: ../Figures/d13.pdf  used on input line 457.
(pdftex.def)             Requested size: 202.757pt x 87.32603pt.
File: ../Figures/d12.pdf Graphic file (type pdf)
<use ../Figures/d12.pdf>
Package pdftex.def Info: ../Figures/d12.pdf  used on input line 463.
(pdftex.def)             Requested size: 202.757pt x 87.32603pt.
File: ../Figures/d11.pdf Graphic file (type pdf)
<use ../Figures/d11.pdf>
Package pdftex.def Info: ../Figures/d11.pdf  used on input line 469.
(pdftex.def)             Requested size: 202.757pt x 87.32603pt.
File: ../Figures/d10.pdf Graphic file (type pdf)
<use ../Figures/d10.pdf>
Package pdftex.def Info: ../Figures/d10.pdf  used on input line 476.
(pdftex.def)             Requested size: 202.757pt x 87.32603pt.
File: ../Figures/d9.pdf Graphic file (type pdf)
<use ../Figures/d9.pdf>
Package pdftex.def Info: ../Figures/d9.pdf  used on input line 482.
(pdftex.def)             Requested size: 202.757pt x 87.32603pt.
File: ../Figures/d8.pdf Graphic file (type pdf)
<use ../Figures/d8.pdf>
Package pdftex.def Info: ../Figures/d8.pdf  used on input line 488.
(pdftex.def)             Requested size: 202.757pt x 87.32603pt.
File: ../Figures/d7.pdf Graphic file (type pdf)
<use ../Figures/d7.pdf>
Package pdftex.def Info: ../Figures/d7.pdf  used on input line 497.
(pdftex.def)             Requested size: 202.757pt x 87.32603pt.
File: ../Figures/d6.pdf Graphic file (type pdf)
<use ../Figures/d6.pdf>
Package pdftex.def Info: ../Figures/d6.pdf  used on input line 503.
(pdftex.def)             Requested size: 202.757pt x 87.32603pt.
File: ../Figures/d5.pdf Graphic file (type pdf)
<use ../Figures/d5.pdf>
Package pdftex.def Info: ../Figures/d5.pdf  used on input line 509.
(pdftex.def)             Requested size: 202.757pt x 87.32603pt.
File: ../Figures/d4.pdf Graphic file (type pdf)
<use ../Figures/d4.pdf>
Package pdftex.def Info: ../Figures/d4.pdf  used on input line 516.
(pdftex.def)             Requested size: 202.757pt x 87.32603pt.
File: ../Figures/d3.pdf Graphic file (type pdf)
<use ../Figures/d3.pdf>
Package pdftex.def Info: ../Figures/d3.pdf  used on input line 522.
(pdftex.def)             Requested size: 202.757pt x 87.32603pt.
File: ../Figures/d2.pdf Graphic file (type pdf)
<use ../Figures/d2.pdf>
Package pdftex.def Info: ../Figures/d2.pdf  used on input line 528.
(pdftex.def)             Requested size: 202.757pt x 87.32603pt.
File: ../Figures/d1.pdf Graphic file (type pdf)
<use ../Figures/d1.pdf>
Package pdftex.def Info: ../Figures/d1.pdf  used on input line 536.
(pdftex.def)             Requested size: 202.757pt x 87.32603pt.
File: ../Figures/d0.pdf Graphic file (type pdf)
<use ../Figures/d0.pdf>
Package pdftex.def Info: ../Figures/d0.pdf  used on input line 542.
(pdftex.def)             Requested size: 202.757pt x 87.32603pt.
 [13 <../Figures/d0.pdf> <../Figures/d1.pdf> <../Figures/d2.pdf> <../Figures/d3.pdf> <../Figures/d4.pdf> <../Figures/d5.pdf> <../Figures/d6.pdf> <../Figures/d7.pdf> <../Figures/d8.pdf>]
Overfull \vbox (7.80046pt too high) has occurred while \output is active []

 [14 <../Figures/d9.pdf> <../Figures/d10.pdf> <../Figures/d11.pdf> <../Figures/d12.pdf> <../Figures/d13.pdf> <../Figures/d14.pdf> <../Figures/d15.pdf> <../Figures/d16.pdf> <../Figures/d17.pdf> <../Figures/d18.pdf> <../Figures/d19.pdf> <../Figures/d20.pdf>]
<../Figures/f0.pdf, id=240, 202.7575pt x 87.32625pt>
File: ../Figures/f0.pdf Graphic file (type pdf)
<use ../Figures/f0.pdf>
Package pdftex.def Info: ../Figures/f0.pdf  used on input line 554.
(pdftex.def)             Requested size: 202.757pt x 87.32603pt.
<../Figures/f1.pdf, id=241, 202.7575pt x 87.32625pt>
File: ../Figures/f1.pdf Graphic file (type pdf)
<use ../Figures/f1.pdf>
Package pdftex.def Info: ../Figures/f1.pdf  used on input line 560.
(pdftex.def)             Requested size: 202.757pt x 87.32603pt.
File: ../Figures/f1.pdf Graphic file (type pdf)
<use ../Figures/f1.pdf>
Package pdftex.def Info: ../Figures/f1.pdf  used on input line 566.
(pdftex.def)             Requested size: 202.757pt x 87.32603pt.
<../Figures/f2.pdf, id=242, 202.7575pt x 87.32625pt>
File: ../Figures/f2.pdf Graphic file (type pdf)
<use ../Figures/f2.pdf>
Package pdftex.def Info: ../Figures/f2.pdf  used on input line 573.
(pdftex.def)             Requested size: 202.757pt x 87.32603pt.
<../Figures/f3.pdf, id=243, 202.7575pt x 87.32625pt>
File: ../Figures/f3.pdf Graphic file (type pdf)
<use ../Figures/f3.pdf>
Package pdftex.def Info: ../Figures/f3.pdf  used on input line 579.
(pdftex.def)             Requested size: 202.757pt x 87.32603pt.
<../Figures/f5.pdf, id=244, 202.7575pt x 87.32625pt>
File: ../Figures/f5.pdf Graphic file (type pdf)
<use ../Figures/f5.pdf>
Package pdftex.def Info: ../Figures/f5.pdf  used on input line 585.
(pdftex.def)             Requested size: 202.757pt x 87.32603pt.
<../Figures/f8.pdf, id=245, 202.7575pt x 87.32625pt>
File: ../Figures/f8.pdf Graphic file (type pdf)
<use ../Figures/f8.pdf>
Package pdftex.def Info: ../Figures/f8.pdf  used on input line 592.
(pdftex.def)             Requested size: 202.757pt x 87.32603pt.
<../Figures/f13.pdf, id=246, 202.7575pt x 87.32625pt>
File: ../Figures/f13.pdf Graphic file (type pdf)
<use ../Figures/f13.pdf>
Package pdftex.def Info: ../Figures/f13.pdf  used on input line 598.
(pdftex.def)             Requested size: 202.757pt x 87.32603pt.
<../Figures/f21.pdf, id=247, 202.7575pt x 87.32625pt>
File: ../Figures/f21.pdf Graphic file (type pdf)
<use ../Figures/f21.pdf>
Package pdftex.def Info: ../Figures/f21.pdf  used on input line 604.
(pdftex.def)             Requested size: 202.757pt x 87.32603pt.
 [15 <../Figures/f0.pdf> <../Figures/f1.pdf> <../Figures/f2.pdf> <../Figures/f3.pdf> <../Figures/f5.pdf> <../Figures/f8.pdf> <../Figures/f13.pdf> <../Figures/f21.pdf>]
<../Figures/m8.pdf, id=275, 202.7575pt x 87.32625pt>
File: ../Figures/m8.pdf Graphic file (type pdf)
<use ../Figures/m8.pdf>
Package pdftex.def Info: ../Figures/m8.pdf  used on input line 616.
(pdftex.def)             Requested size: 202.757pt x 87.32603pt.
<../Figures/m16.pdf, id=276, 202.7575pt x 87.32625pt>
File: ../Figures/m16.pdf Graphic file (type pdf)
<use ../Figures/m16.pdf>
Package pdftex.def Info: ../Figures/m16.pdf  used on input line 622.
(pdftex.def)             Requested size: 202.757pt x 87.32603pt.
<../Figures/m24.pdf, id=277, 202.7575pt x 87.32625pt>
File: ../Figures/m24.pdf Graphic file (type pdf)
<use ../Figures/m24.pdf>
Package pdftex.def Info: ../Figures/m24.pdf  used on input line 628.
(pdftex.def)             Requested size: 202.757pt x 87.32603pt.
<../Figures/m32.pdf, id=278, 202.7575pt x 87.32625pt>
File: ../Figures/m32.pdf Graphic file (type pdf)
<use ../Figures/m32.pdf>
Package pdftex.def Info: ../Figures/m32.pdf  used on input line 635.
(pdftex.def)             Requested size: 202.757pt x 87.32603pt.
<../Figures/m40.pdf, id=279, 202.7575pt x 87.32625pt>
File: ../Figures/m40.pdf Graphic file (type pdf)
<use ../Figures/m40.pdf>
Package pdftex.def Info: ../Figures/m40.pdf  used on input line 641.
(pdftex.def)             Requested size: 202.757pt x 87.32603pt.
<../Figures/m48.pdf, id=280, 202.7575pt x 87.32625pt>
File: ../Figures/m48.pdf Graphic file (type pdf)
<use ../Figures/m48.pdf>
Package pdftex.def Info: ../Figures/m48.pdf  used on input line 647.
(pdftex.def)             Requested size: 202.757pt x 87.32603pt.
<../Figures/m56.pdf, id=281, 202.7575pt x 87.32625pt>
File: ../Figures/m56.pdf Graphic file (type pdf)
<use ../Figures/m56.pdf>
Package pdftex.def Info: ../Figures/m56.pdf  used on input line 654.
(pdftex.def)             Requested size: 202.757pt x 87.32603pt.
<../Figures/m64.pdf, id=282, 202.7575pt x 87.32625pt>
File: ../Figures/m64.pdf Graphic file (type pdf)
<use ../Figures/m64.pdf>
Package pdftex.def Info: ../Figures/m64.pdf  used on input line 660.
(pdftex.def)             Requested size: 202.757pt x 87.32603pt.
<../Figures/m72.pdf, id=283, 202.7575pt x 87.32625pt>
File: ../Figures/m72.pdf Graphic file (type pdf)
<use ../Figures/m72.pdf>
Package pdftex.def Info: ../Figures/m72.pdf  used on input line 666.
(pdftex.def)             Requested size: 202.757pt x 87.32603pt.
<../Figures/m80.pdf, id=284, 202.7575pt x 87.32625pt>
File: ../Figures/m80.pdf Graphic file (type pdf)
<use ../Figures/m80.pdf>
Package pdftex.def Info: ../Figures/m80.pdf  used on input line 674.
(pdftex.def)             Requested size: 202.757pt x 87.32603pt.
<../Figures/static_roll.pdf, id=285, 202.7575pt x 87.32625pt>
File: ../Figures/static_roll.pdf Graphic file (type pdf)
<use ../Figures/static_roll.pdf>
Package pdftex.def Info: ../Figures/static_roll.pdf  used on input line 688.
(pdftex.def)             Requested size: 202.757pt x 87.32603pt.
 [16 <../Figures/m8.pdf> <../Figures/m16.pdf> <../Figures/m24.pdf> <../Figures/m32.pdf> <../Figures/m40.pdf> <../Figures/m48.pdf> <../Figures/m56.pdf> <../Figures/m64.pdf> <../Figures/m72.pdf> <../Figures/m80.pdf> <../Figures/static_roll.pdf>]
<../Figures/scr1.pdf, id=322, 202.7575pt x 87.32625pt>
File: ../Figures/scr1.pdf Graphic file (type pdf)
<use ../Figures/scr1.pdf>
Package pdftex.def Info: ../Figures/scr1.pdf  used on input line 699.
(pdftex.def)             Requested size: 202.757pt x 87.32603pt.
<../Figures/scr2.pdf, id=323, 202.7575pt x 87.32625pt>
File: ../Figures/scr2.pdf Graphic file (type pdf)
<use ../Figures/scr2.pdf>
Package pdftex.def Info: ../Figures/scr2.pdf  used on input line 705.
(pdftex.def)             Requested size: 202.757pt x 87.32603pt.
<../Figures/scr3.pdf, id=324, 202.7575pt x 87.32625pt>
File: ../Figures/scr3.pdf Graphic file (type pdf)
<use ../Figures/scr3.pdf>
Package pdftex.def Info: ../Figures/scr3.pdf  used on input line 711.
(pdftex.def)             Requested size: 202.757pt x 87.32603pt.
<../Figures/scr4.pdf, id=325, 202.7575pt x 87.32625pt>
File: ../Figures/scr4.pdf Graphic file (type pdf)
<use ../Figures/scr4.pdf>
Package pdftex.def Info: ../Figures/scr4.pdf  used on input line 719.
(pdftex.def)             Requested size: 202.757pt x 87.32603pt.
File: ../Figures/scr1.pdf Graphic file (type pdf)
<use ../Figures/scr1.pdf>
Package pdftex.def Info: ../Figures/scr1.pdf  used on input line 725.
(pdftex.def)             Requested size: 202.757pt x 87.32603pt.
 [17 <../Figures/scr1.pdf> <../Figures/scr2.pdf> <../Figures/scr3.pdf> <../Figures/scr4.pdf>] [18] ("p:/Embedded System Lab\Lab 2\Report\main.aux")
Package logreq Info: Writing requests to 'main.run.xml'.
\openout1 = `main.run.xml'.

 ) 
Here is how much of TeX's memory you used:
 17202 strings out of 480790
 301889 string characters out of 2906132
 1398348 words of memory out of 3000000
 32880 multiletter control sequences out of 15000+200000
 544025 words of font info for 69 fonts, out of 3000000 for 9000
 1141 hyphenation exceptions out of 8191
 57i,13n,75p,994b,2084s stack positions out of 5000i,500n,10000p,200000b,50000s
 <C:\Users\hp\AppData\Local\MiKTeX\fonts/pk/ljfour/jknappen/ec/dpi600\tcrm1000.pk><D:/LaTeX installed/MikTex/fonts/type1/public/amsfonts/cm/cmbx10.pfb><D:/LaTeX installed/MikTex/fonts/type1/public/amsfonts/cm/cmbx12.pfb><D:/LaTeX installed/MikTex/fonts/type1/public/amsfonts/cm/cmcsc10.pfb><D:/LaTeX installed/MikTex/fonts/type1/public/amsfonts/cm/cmmi10.pfb><D:/LaTeX installed/MikTex/fonts/type1/public/amsfonts/cm/cmr10.pfb><D:/LaTeX installed/MikTex/fonts/type1/public/amsfonts/cm/cmr5.pfb><D:/LaTeX installed/MikTex/fonts/type1/public/amsfonts/cm/cmr9.pfb><D:/LaTeX installed/MikTex/fonts/type1/public/amsfonts/cm/cmti10.pfb><D:/LaTeX installed/MikTex/fonts/type1/public/amsfonts/cm/cmti12.pfb><D:/LaTeX installed/MikTex/fonts/type1/public/amsfonts/cm/cmtt10.pfb><D:/LaTeX installed/MikTex/fonts/type1/public/amsfonts/cm/cmtt8.pfb>
Output written on "p:/Embedded System Lab\Lab 2\Report\main.pdf" (23 pages, 562957 bytes).
PDF statistics:
 386 PDF objects out of 1000 (max. 8388607)
 0 named destinations out of 1000 (max. 500000)
 291 words of extra memory for PDF output out of 10000 (max. 10000000)

