Command line:
   tff_tb_isim_beh.exe
     -simmode  gui
     -simrunnum  0
     -socket  52684

Thu Dec 03 13:07:19 2020


 Elaboration Time: 0.015625 sec

 Current Memory Usage: 5152.94 Meg

 Total Signals          : 48
 Total Nets             : 15
 Total Signal Drivers   : 14
 Total Blocks           : 12
 Total Primitive Blocks : 9
 Total Processes        : 14
 Total Traceable Variables  : 14
 Total Scalar Nets and Variables : 499
Total Line Count : 23

 Total Simulation Time: 0.03125 sec

 Current Memory Usage: 4995.65 Meg

Thu Dec 03 13:08:22 2020

