C51 COMPILER V9.60.0.0   LAB_1_F2                                                          10/07/2020 13:44:17 PAGE 1   


C51 COMPILER V9.60.0.0, COMPILATION OF MODULE LAB_1_F2
OBJECT MODULE PLACED IN .\Objects\lab_1_f2.obj
COMPILER INVOKED BY: C:\Keil_v5\C51\BIN\C51.EXE ..\..\Codes\C\lab_1_f2.c OPTIMIZE(8,SPEED) BROWSE DEBUG OBJECTEXTEND PRI
                    -NT(.\Listings\lab_1_f2.lst) TABS(2) OBJECT(.\Objects\lab_1_f2.obj)

line level    source

   1          #include <reg51.h>
   2          unsigned char data a[10] _at_ 0x60;
   3          
   4          void delay(int time)
   5          {
   6   1        unsigned int i,j;
   7   1        for (i=0;i<time;i++)
   8   1          for (j=0;j<125;j++);
   9   1      }
  10          
  11          void main(void)
  12          {
  13   1        unsigned char i, j, temp;
  14   1        unsigned char largest = a[0];
  15   1      
  16   1        a[0] = 0xa5; a[1] = 0xfd; a[2] = 0x67;
  17   1        a[3] = 0x42; a[4] = 0xdf; a[5] = 0x9a;
  18   1        a[6] = 0x84; a[7] = 0x1b; a[8] = 0xc7;
  19   1        a[9] = 0x31;
  20   1      
  21   1        for(i=0;i<10;i++)
  22   1        {
  23   2          for(j=i;j<10;j++)
  24   2            if(a[j] > a[i])
  25   2            {
  26   3              temp = a[i];
  27   3              a[i] = a[j];
  28   3              a[j] = temp;
  29   3            }
  30   2      
  31   2        }
  32   1      
  33   1        while(1)
  34   1        {
  35   2          for( i = 0;i<10;i++)
  36   2          {
  37   3            P0 = a[i];
  38   3            delay(1000);
  39   3          }
  40   2        }
  41   1      }


MODULE INFORMATION:   STATIC OVERLAYABLE
   CODE SIZE        =    152    ----
   CONSTANT SIZE    =   ----    ----
   XDATA SIZE       =   ----    ----
   PDATA SIZE       =   ----    ----
   DATA SIZE        =   ----       1
   IDATA SIZE       =   ----    ----
   BIT SIZE         =   ----    ----
END OF MODULE INFORMATION.


C51 COMPILATION COMPLETE.  0 WARNING(S),  0 ERROR(S)
