C51 COMPILER V9.60.0.0   LAB3_1_C                                                          11/13/2020 11:16:09 PAGE 1   


C51 COMPILER V9.60.0.0, COMPILATION OF MODULE LAB3_1_C
OBJECT MODULE PLACED IN .\Objects\lab3_1_c.obj
COMPILER INVOKED BY: C:\Keil_v5\C51\BIN\C51.EXE ..\..\Codes\C\lab3_1_c.c OPTIMIZE(8,SPEED) BROWSE DEBUG OBJECTEXTEND PRI
                    -NT(.\Listings\lab3_1_c.lst) TABS(2) OBJECT(.\Objects\lab3_1_c.obj)

line level    source

   1          #include <reg51.h>
   2          sbit select_bit=P2^0;
   3          void delay(int multiplier)
   4          {
   5   1      int i;
   6   1      TMOD=0x20;
   7   1      for(i = 0; i < 15; i++)
   8   1      {
   9   2      TH1=0x48;
  10   2      TR1=1;
  11   2      while (!TF1);
  12   2      TR1=0;
  13   2      TF1=0;
  14   2      }
  15   1      }
*** WARNING C280 IN LINE 3 OF ..\..\Codes\C\lab3_1_c.c: 'multiplier': unreferenced local variable
  16          void main(void)
  17          {
  18   1      int i;
  19   1      while (1)
  20   1      {
  21   2      select_bit = 1;
  22   2      delay();
*** WARNING C209 IN LINE 22 OF ..\..\Codes\C\lab3_1_c.c: '_delay': too few actual parameters
  23   2      for(i = 0; i < 4; i++)
  24   2      {
  25   3      select_bit = 0;
  26   3      delay();
*** WARNING C209 IN LINE 26 OF ..\..\Codes\C\lab3_1_c.c: '_delay': too few actual parameters
  27   3      }
  28   2      };
  29   1      }


MODULE INFORMATION:   STATIC OVERLAYABLE
   CODE SIZE        =     60    ----
   CONSTANT SIZE    =   ----    ----
   XDATA SIZE       =   ----    ----
   PDATA SIZE       =   ----    ----
   DATA SIZE        =   ----       2
   IDATA SIZE       =   ----    ----
   BIT SIZE         =   ----    ----
END OF MODULE INFORMATION.


C51 COMPILATION COMPLETE.  3 WARNING(S),  0 ERROR(S)
