Release 14.5 - xst P.58f (nt64)
Copyright (c) 1995-2012 Xilinx, Inc.  All rights reserved.
--> Parameter TMPDIR set to xst/projnav.tmp


Total REAL time to Xst completion: 0.00 secs
Total CPU time to Xst completion: 0.07 secs
 
--> Parameter xsthdpdir set to xst


Total REAL time to Xst completion: 0.00 secs
Total CPU time to Xst completion: 0.08 secs
 
--> Reading design: syncup.prj

TABLE OF CONTENTS
  1) Synthesis Options Summary
  2) HDL Parsing
  3) HDL Elaboration
  4) HDL Synthesis
       4.1) HDL Synthesis Report
  5) Advanced HDL Synthesis
       5.1) Advanced HDL Synthesis Report
  6) Low Level Synthesis
  7) Partition Report
  8) Design Summary
       8.1) Primitive and Black Box Usage
       8.2) Device utilization summary
       8.3) Partition Resource Summary
       8.4) Timing Report
            8.4.1) Clock Information
            8.4.2) Asynchronous Control Signals Information
            8.4.3) Timing Summary
            8.4.4) Timing Details
            8.4.5) Cross Clock Domains Report


=========================================================================
*                      Synthesis Options Summary                        *
=========================================================================
---- Source Parameters
Input File Name                    : "syncup.prj"
Ignore Synthesis Constraint File   : NO

---- Target Parameters
Output File Name                   : "syncup"
Output Format                      : NGC
Target Device                      : xa7a100t-2I-csg324

---- Source Options
Top Module Name                    : syncup
Automatic FSM Extraction           : YES
FSM Encoding Algorithm             : Auto
Safe Implementation                : No
FSM Style                          : LUT
RAM Extraction                     : Yes
RAM Style                          : Auto
ROM Extraction                     : Yes
Shift Register Extraction          : YES
ROM Style                          : Auto
Resource Sharing                   : YES
Asynchronous To Synchronous        : NO
Shift Register Minimum Size        : 2
Use DSP Block                      : Auto
Automatic Register Balancing       : No

---- Target Options
LUT Combining                      : Auto
Reduce Control Sets                : Auto
Add IO Buffers                     : YES
Global Maximum Fanout              : 100000
Add Generic Clock Buffer(BUFG)     : 32
Register Duplication               : YES
Optimize Instantiated Primitives   : NO
Use Clock Enable                   : Auto
Use Synchronous Set                : Auto
Use Synchronous Reset              : Auto
Pack IO Registers into IOBs        : Auto
Equivalent register Removal        : YES

---- General Options
Optimization Goal                  : Speed
Optimization Effort                : 1
Power Reduction                    : NO
Keep Hierarchy                     : No
Netlist Hierarchy                  : As_Optimized
RTL Output                         : Yes
Global Optimization                : AllClockNets
Read Cores                         : YES
Write Timing Constraints           : NO
Cross Clock Analysis               : NO
Hierarchy Separator                : /
Bus Delimiter                      : <>
Case Specifier                     : Maintain
Slice Utilization Ratio            : 100
BRAM Utilization Ratio             : 100
DSP48 Utilization Ratio            : 100
Auto BRAM Packing                  : NO
Slice Utilization Ratio Delta      : 5

=========================================================================


=========================================================================
*                          HDL Parsing                                  *
=========================================================================
Parsing VHDL file "P:\Assignments_Lab_Reports_LaTeX\Embedded System\Lab 5\Codes\ttf_be.vhd" into library work
Parsing entity <tff>.
Parsing architecture <behavioral> of entity <tff>.
Parsing VHDL file "P:\Assignments_Lab_Reports_LaTeX\Embedded System\Lab 5\Codes\syncup_st.vhd" into library work
Parsing entity <syncup>.
Parsing architecture <structural> of entity <syncup>.

=========================================================================
*                            HDL Elaboration                            *
=========================================================================

Elaborating entity <syncup> (architecture <structural>) from library <work>.

Elaborating entity <tff> (architecture <behavioral>) from library <work>.

=========================================================================
*                           HDL Synthesis                               *
=========================================================================

Synthesizing Unit <syncup>.
    Related source file is "P:\Assignments_Lab_Reports_LaTeX\Embedded System\Lab 5\Codes\syncup_st.vhd".
WARNING:Xst:647 - Input <input> is never used. This port will be preserved and left unconnected if it belongs to a top-level block or it belongs to a sub-block and the hierarchy of this sub-block is preserved.
INFO:Xst:3210 - "P:\Assignments_Lab_Reports_LaTeX\Embedded System\Lab 5\Codes\syncup_st.vhd" line 24: Output port <QTBAR> of the instance <d0> is unconnected or connected to loadless signal.
INFO:Xst:3210 - "P:\Assignments_Lab_Reports_LaTeX\Embedded System\Lab 5\Codes\syncup_st.vhd" line 26: Output port <QTBAR> of the instance <d1> is unconnected or connected to loadless signal.
INFO:Xst:3210 - "P:\Assignments_Lab_Reports_LaTeX\Embedded System\Lab 5\Codes\syncup_st.vhd" line 28: Output port <QTBAR> of the instance <d2> is unconnected or connected to loadless signal.
INFO:Xst:3210 - "P:\Assignments_Lab_Reports_LaTeX\Embedded System\Lab 5\Codes\syncup_st.vhd" line 30: Output port <QTBAR> of the instance <d3> is unconnected or connected to loadless signal.
    Summary:
	no macro.
Unit <syncup> synthesized.

Synthesizing Unit <tff>.
    Related source file is "P:\Assignments_Lab_Reports_LaTeX\Embedded System\Lab 5\Codes\ttf_be.vhd".
    Found 1-bit register for signal <output>.
    Summary:
	inferred   1 D-type flip-flop(s).
Unit <tff> synthesized.

=========================================================================
HDL Synthesis Report

Macro Statistics
# Registers                                            : 4
 1-bit register                                        : 4

=========================================================================

=========================================================================
*                       Advanced HDL Synthesis                          *
=========================================================================

WARNING:Xst - The specified part-type was not generated at build time. XST is loading the full part-type and will therefore consume more CPU and memory.
Loading device for application Rf_Device from file '7a100t.nph' in environment D:\Xilinx\14.5\ISE_DS\ISE\.
Loading device for application Rf_Device from file '7a100t.nph' in environment D:\Xilinx\14.5\ISE_DS\ISE\.
