Command line:
   q1_isim_beh.exe
     -simmode  gui
     -simrunnum  0
     -socket  60444

Fri Dec 04 11:52:52 2020


 Elaboration Time: 0.015625 sec

 Current Memory Usage: 5152.87 Meg

 Total Signals          : 9
 Total Nets             : 9
 Total Signal Drivers   : 3
 Total Blocks           : 2
 Total Primitive Blocks : 2
 Total Processes        : 1
 Total Traceable Variables  : 8
 Total Scalar Nets and Variables : 369
Total Line Count : 3

 Total Simulation Time: 0.015625 sec

 Current Memory Usage: 5152.87 Meg

Fri Dec 04 11:52:57 2020

