\BOOKMARK [1][-]{section*.2}{Abstract}{}% 1
\BOOKMARK [1][-]{section*.4}{List\040of\040Figures}{}% 2
\BOOKMARK [1][-]{section*.6}{List\040of\040Abbreviations}{}% 3
\BOOKMARK [1][-]{section.1}{Problem\040Statement}{}% 4
\BOOKMARK [1][-]{section.2}{Requirement\040of\040the\040Architecture}{}% 5
\BOOKMARK [1][-]{section.3}{Background\040Theory}{}% 6
\BOOKMARK [2][-]{subsection.3.1}{Global\040Infrastructures}{section.3}% 7
\BOOKMARK [3][-]{subsubsection.3.1.1}{AWS\040Cloud}{subsection.3.1}% 8
\BOOKMARK [3][-]{subsubsection.3.1.2}{AWS\040Regions}{subsection.3.1}% 9
\BOOKMARK [3][-]{subsubsection.3.1.3}{Availability\040Zones}{subsection.3.1}% 10
\BOOKMARK [2][-]{subsection.3.2}{Server\040related\040Services}{section.3}% 11
\BOOKMARK [3][-]{subsubsection.3.2.1}{Amazon\040Elastic\040Compute\040Cloud\040\(EC2\)}{subsection.3.2}% 12
\BOOKMARK [3][-]{subsubsection.3.2.2}{Elastic\040Load\040Balancing}{subsection.3.2}% 13
\BOOKMARK [3][-]{subsubsection.3.2.3}{Autoscaling}{subsection.3.2}% 14
\BOOKMARK [2][-]{subsection.3.3}{Database\040and\040Storage\040related\040Services}{section.3}% 15
\BOOKMARK [3][-]{subsubsection.3.3.1}{Amazon\040Aurora}{subsection.3.3}% 16
\BOOKMARK [3][-]{subsubsection.3.3.2}{Amazon\040Memcached}{subsection.3.3}% 17
\BOOKMARK [3][-]{subsubsection.3.3.3}{Amazon\040Simple\040Storage\040Service\040\(S3\)}{subsection.3.3}% 18
\BOOKMARK [3][-]{subsubsection.3.3.4}{Amazon\040Elastic\040File\040System\040\(EFS\)}{subsection.3.3}% 19
\BOOKMARK [2][-]{subsection.3.4}{Networking\040related\040Services}{section.3}% 20
\BOOKMARK [3][-]{subsubsection.3.4.1}{Virtual\040Private\040Cloud\040\(VPC\)}{subsection.3.4}% 21
\BOOKMARK [3][-]{subsubsection.3.4.2}{Subnet}{subsection.3.4}% 22
\BOOKMARK [3][-]{subsubsection.3.4.3}{Amazon\040Route\04053}{subsection.3.4}% 23
\BOOKMARK [3][-]{subsubsection.3.4.4}{Amazon\040Cloudfront}{subsection.3.4}% 24
\BOOKMARK [3][-]{subsubsection.3.4.5}{Internet\040Gateway}{subsection.3.4}% 25
\BOOKMARK [3][-]{subsubsection.3.4.6}{Network\040Address\040Translation\040\(NAT\)\040Gateway}{subsection.3.4}% 26
\BOOKMARK [1][-]{section.4}{Library\040e-Portal\040Architecture}{}% 27
