Command line:
   q5_mux2_1_tb_isim_beh.exe
     -simmode  gui
     -simrunnum  0
     -socket  52465

Mon Nov 30 22:13:26 2020


 Elaboration Time: 0.015625 sec

 Current Memory Usage: 5152.99 Meg

 Total Signals          : 6
 Total Nets             : 4
 Total Signal Drivers   : 2
 Total Blocks           : 4
 Total Primitive Blocks : 3
 Total Processes        : 2
 Total Traceable Variables  : 13
 Total Scalar Nets and Variables : 487
Total Line Count : 5

 Total Simulation Time: 0.03125 sec

 Current Memory Usage: 5467.57 Meg

Mon Nov 30 22:14:20 2020

