Command line:
   q2_tb_isim_beh.exe
     -simmode  gui
     -simrunnum  0
     -socket  52431

Mon Nov 30 22:05:24 2020


 Elaboration Time: 0.015625 sec

 Current Memory Usage: 5152.93 Meg

 Total Signals          : 35
 Total Nets             : 21
 Total Signal Drivers   : 17
 Total Blocks           : 8
 Total Primitive Blocks : 6
 Total Processes        : 5
 Total Traceable Variables  : 13
 Total Scalar Nets and Variables : 504
Total Line Count : 19

 Total Simulation Time: 0.015625 sec

 Current Memory Usage: 5152.93 Meg

Mon Nov 30 22:19:28 2020

