Command line:
   johnson_tb_isim_beh.exe
     -simmode  gui
     -simrunnum  0
     -socket  53094

Thu Dec 03 14:13:08 2020


 Elaboration Time: 0.015625 sec

 Current Memory Usage: 5152.98 Meg

 Total Signals          : 28
 Total Nets             : 15
 Total Signal Drivers   : 12
 Total Blocks           : 9
 Total Primitive Blocks : 7
 Total Processes        : 8
 Total Traceable Variables  : 10
 Total Scalar Nets and Variables : 393
Total Line Count : 24

 Total Simulation Time: 0.015625 sec

 Current Memory Usage: 5152.98 Meg

Thu Dec 03 14:13:20 2020

