Command line:
   tff_isim_beh.exe
     -simmode  gui
     -simrunnum  0
     -socket  52863

Thu Dec 03 13:36:41 2020


 Elaboration Time: 0.015625 sec

 Current Memory Usage: 5153.48 Meg

 Total Signals          : 6
 Total Nets             : 6
 Total Signal Drivers   : 3
 Total Blocks           : 2
 Total Primitive Blocks : 2
 Total Processes        : 3
 Total Traceable Variables  : 8
 Total Scalar Nets and Variables : 366
Total Line Count : 8

 Total Simulation Time: 0.015625 sec

 Current Memory Usage: 5153.48 Meg

Thu Dec 03 13:36:46 2020

