C51 COMPILER V9.60.0.0   LAB3_2_A                                                          11/13/2020 11:31:42 PAGE 1   


C51 COMPILER V9.60.0.0, COMPILATION OF MODULE LAB3_2_A
OBJECT MODULE PLACED IN .\Objects\lab3_2_a.obj
COMPILER INVOKED BY: C:\Keil_v5\C51\BIN\C51.EXE ..\..\Codes\C\lab3_2_a.c OPTIMIZE(8,SPEED) BROWSE DEBUG OBJECTEXTEND PRI
                    -NT(.\Listings\lab3_2_a.lst) TABS(2) OBJECT(.\Objects\lab3_2_a.obj)

line level    source

   1          #include <reg51.h>
   2          sbit select_bit=P0^0;
   3          void delay(int factor)
   4          {
   5   1      int i;
   6   1      TMOD=0x00;
   7   1      for(i = 0; i < factor; i++)
   8   1      {
   9   2      TL0=0x00;
  10   2      TH0=0x70;
  11   2      TR0=1;
  12   2      while (!TF0);
  13   2      TR0=0;
  14   2      TF0=0;
  15   2      }
  16   1      }
  17          void main(void)
  18          {
  19   1      int i;
  20   1      while (1)
  21   1      {
  22   2      select_bit = 1;
  23   2      delay(10);
  24   2      select_bit = 0;
  25   2      delay(10);
  26   2      for(i = 0; i < 5; i++)
  27   2      {
  28   3      select_bit = 1;
  29   3      delay(2);
  30   3      select_bit = 0;
  31   3      delay(2);
  32   3      }
  33   2      };
  34   1      }


MODULE INFORMATION:   STATIC OVERLAYABLE
   CODE SIZE        =     78    ----
   CONSTANT SIZE    =   ----    ----
   XDATA SIZE       =   ----    ----
   PDATA SIZE       =   ----    ----
   DATA SIZE        =   ----    ----
   IDATA SIZE       =   ----    ----
   BIT SIZE         =   ----    ----
END OF MODULE INFORMATION.


C51 COMPILATION COMPLETE.  0 WARNING(S),  0 ERROR(S)
