C51 COMPILER V9.60.0.0   LAB_1_B                                                           10/06/2020 20:21:56 PAGE 1   


C51 COMPILER V9.60.0.0, COMPILATION OF MODULE LAB_1_B
OBJECT MODULE PLACED IN .\Objects\lab_1_b.obj
COMPILER INVOKED BY: C:\Keil_v5\C51\BIN\C51.EXE ..\..\Codes\C\lab_1_b.c OPTIMIZE(8,SPEED) BROWSE DEBUG OBJECTEXTEND PRIN
                    -T(.\Listings\lab_1_b.lst) TABS(2) OBJECT(.\Objects\lab_1_b.obj)

line level    source

   1          #include<reg51.h>
   2          
   3          void delay(int time)
   4          {
   5   1        unsigned int i,j;
   6   1        for (i=0;i<time;i++)
   7   1          for (j=0;j<125;j++);
   8   1      }
   9          
  10          void main()
  11          {
  12   1        unsigned char value = 0xb6;
  13   1        unsigned char reversevalue;
  14   1        unsigned char a,b;
  15   1        a=value/0x10;
  16   1        b=value%0x10;
  17   1        reversevalue = b*(0x10) + a;
  18   1      
  19   1        while(1)
  20   1        {
  21   2          P0 = value;
  22   2          delay(1000);
  23   2          P0 = reversevalue;
  24   2          delay(1000);
  25   2        }
  26   1      }


MODULE INFORMATION:   STATIC OVERLAYABLE
   CODE SIZE        =     65    ----
   CONSTANT SIZE    =   ----    ----
   XDATA SIZE       =   ----    ----
   PDATA SIZE       =   ----    ----
   DATA SIZE        =   ----       1
   IDATA SIZE       =   ----    ----
   BIT SIZE         =   ----    ----
END OF MODULE INFORMATION.


C51 COMPILATION COMPLETE.  0 WARNING(S),  0 ERROR(S)
