Running: D:\Xilinx\14.5\ISE_DS\ISE\bin\nt64\unwrapped\fuse.exe -intstyle ise -incremental -lib secureip -o P:/Assignments_Lab_Reports_LaTeX/Embedded System/Lab 4/q4sop/q4_sop_tb_isim_beh.exe -prj P:/Assignments_Lab_Reports_LaTeX/Embedded System/Lab 4/q4sop/q4_sop_tb_beh.prj work.q4_sop_tb 
ISim P.58f (signature 0x7708f090)
Number of CPUs detected in this system: 4
Turning on mult-threading, number of parallel sub-compilation jobs: 8 
Determining compilation order of HDL files
Parsing VHDL file "P:/Assignments_Lab_Reports_LaTeX/Embedded System/Lab 4/q4sop/../Codes/q4_or.vhd" into library work
Parsing VHDL file "P:/Assignments_Lab_Reports_LaTeX/Embedded System/Lab 4/q4sop/../Codes/q4_not.vhd" into library work
Parsing VHDL file "P:/Assignments_Lab_Reports_LaTeX/Embedded System/Lab 4/q4sop/../Codes/q4_and.vhd" into library work
Parsing VHDL file "P:/Assignments_Lab_Reports_LaTeX/Embedded System/Lab 4/q4sop/../Codes/q4sop_st.vhd" into library work
Parsing VHDL file "P:/Assignments_Lab_Reports_LaTeX/Embedded System/Lab 4/q4sop/../Codes/q4sop_tb.vhd" into library work
Starting static elaboration
Completed static elaboration
Compiling package standard
Compiling package std_logic_1164
Compiling package numeric_std
Compiling architecture behavorial of entity q4_not [q4_not_default]
Compiling architecture behavorial of entity q4_and [q4_and_default]
Compiling architecture behavorial of entity q4_or [q4_or_default]
Compiling architecture structural of entity q4_sop [q4_sop_default]
Compiling architecture behavioral of entity q4_sop_tb
Time Resolution for simulation is 1ps.
Waiting for 1 sub-compilation(s) to finish...
Compiled 12 VHDL Units
Built simulation executable P:/Assignments_Lab_Reports_LaTeX/Embedded System/Lab 4/q4sop/q4_sop_tb_isim_beh.exe
Fuse Memory Usage: 35276 KB
Fuse CPU Usage: 593 ms
