Command line:
   syncup_tb_isim_beh.exe
     -simmode  gui
     -simrunnum  0
     -socket  52932

Thu Dec 03 13:45:22 2020


 Elaboration Time: 0.015625 sec

 Current Memory Usage: 5153.03 Meg

 Total Signals          : 36
 Total Nets             : 22
 Total Signal Drivers   : 18
 Total Blocks           : 10
 Total Primitive Blocks : 8
 Total Processes        : 17
 Total Traceable Variables  : 15
 Total Scalar Nets and Variables : 523
Total Line Count : 42

 Total Simulation Time: 0.015625 sec

 Current Memory Usage: 5153.03 Meg

Thu Dec 03 13:45:30 2020

