Command line:
   asyncdec_tb_isim_beh.exe
     -simmode  gui
     -simrunnum  0
     -socket  52866

Thu Dec 03 13:36:56 2020


 Elaboration Time: 0.03125 sec

 Current Memory Usage: 5153.63 Meg

 Total Signals          : 33
 Total Nets             : 19
 Total Signal Drivers   : 16
 Total Blocks           : 10
 Total Primitive Blocks : 8
 Total Processes        : 16
 Total Traceable Variables  : 15
 Total Scalar Nets and Variables : 520
Total Line Count : 38

 Total Simulation Time: 0.046875 sec

 Current Memory Usage: 4996.34 Meg

Thu Dec 03 13:38:41 2020

