C51 COMPILER V9.60.0.0   LAB_2_F                                                           11/06/2020 17:41:44 PAGE 1   


C51 COMPILER V9.60.0.0, COMPILATION OF MODULE LAB_2_F
OBJECT MODULE PLACED IN .\Objects\lab_2_f.obj
COMPILER INVOKED BY: C:\Keil_v5\C51\BIN\C51.EXE ..\..\Codes\C\lab_2_f.c OPTIMIZE(8,SPEED) BROWSE DEBUG OBJECTEXTEND PRIN
                    -T(.\Listings\lab_2_f.lst) TABS(2) OBJECT(.\Objects\lab_2_f.obj)

line level    source

   1          #include <reg51.h>
   2          
   3          unsigned char scroll_pattern[7] = { 0x79, 0x66, 0x06, 0x86,   
   4                             0x79, 0x66, 0x06};
   5          
   6          void delay(int time)
   7          {
   8   1        unsigned int i,j;
   9   1        for (i=0; i<time; i++)
  10   1          for (j=0; j<125; j++);
  11   1      }
  12            
  13          void display(unsigned int i)
  14          {
  15   1        unsigned int j;
  16   1        for(j=0; j<80; j++) 
  17   1        {
  18   2          P2 = 0x1;
  19   2          P0 = scroll_pattern[i-4];
  20   2          delay(10);//selected to avoid flickering
  21   2          
  22   2          P2 = 0x2;
  23   2          P0 = scroll_pattern[i-3];
  24   2          delay(10);
  25   2        
  26   2          P2 = 0x4;
  27   2          P0 = scroll_pattern[i-2];
  28   2          delay(10);
  29   2          
  30   2          P2 = 0x8;
  31   2          P0 = scroll_pattern[i-1];
  32   2          delay(10);
  33   2        }
  34   1      }
  35          
  36          void main(void)
  37          {
  38   1        unsigned int i;
  39   1        while(1)
  40   1          for(i=4; i<8; i++)
  41   1            display(i);//scrolling happens here
  42   1      }


MODULE INFORMATION:   STATIC OVERLAYABLE
   CODE SIZE        =    129    ----
   CONSTANT SIZE    =   ----    ----
   XDATA SIZE       =   ----    ----
   PDATA SIZE       =   ----    ----
   DATA SIZE        =      7       4
   IDATA SIZE       =   ----    ----
   BIT SIZE         =   ----    ----
END OF MODULE INFORMATION.


C51 COMPILATION COMPLETE.  0 WARNING(S),  0 ERROR(S)
