This is pdfTeX, Version 3.14159265-2.6-1.40.21 (MiKTeX 20.6.29) (preloaded format=pdflatex 2020.9.26)  2 NOV 2020 18:15
entering extended mode
**"p:/Embedded System Lab/Lab 1/Report/main.tex"
("p:/Embedded System Lab/Lab 1/Report/main.tex"
LaTeX2e <2020-02-02> patch level 5
L3 programming layer <2020-06-18> ("D:\LaTeX installed\MikTex\tex/latex/labDecorator\lab_sheet.cls" ("D:\LaTeX installed\MikTex\tex/latex/base\article.cls"
Document Class: article 2019/12/20 v1.4l Standard LaTeX document class
("D:\LaTeX installed\MikTex\tex/latex/base\size10.clo"
File: size10.clo 2019/12/20 v1.4l Standard LaTeX file (size option)
)
\c@part=\count167
\c@section=\count168
\c@subsection=\count169
\c@subsubsection=\count170
\c@paragraph=\count171
\c@subparagraph=\count172
\c@figure=\count173
\c@table=\count174
\abovecaptionskip=\skip47
\belowcaptionskip=\skip48
\bibindent=\dimen134
)
Document Class: lab_sheet 2020/09/24 My custom Lab Sheet class
("D:\LaTeX installed\MikTex\tex/latex/fancyhdr\fancyhdr.sty"
Package: fancyhdr 2019/01/31 v3.10 Extensive control of page headers and footers
\f@nch@headwidth=\skip49
\f@nch@O@elh=\skip50
\f@nch@O@erh=\skip51
\f@nch@O@olh=\skip52
\f@nch@O@orh=\skip53
\f@nch@O@elf=\skip54
\f@nch@O@erf=\skip55
\f@nch@O@olf=\skip56
\f@nch@O@orf=\skip57
) ("D:\LaTeX installed\MikTex\tex/latex/fancyhdr\extramarks.sty"
Package: extramarks 2019/01/31 v3.10 Extra marks for LaTeX
\@temptokenb=\toks15
) ("D:\LaTeX installed\MikTex\tex/latex/koma-script\scrextend.sty"
Package: scrextend 2020/07/22 v3.31 KOMA-Script package (extend other classes with features of KOMA-Script classes)
 ("D:\LaTeX installed\MikTex\tex/latex/koma-script\scrkbase.sty"
Package: scrkbase 2020/07/22 v3.31 KOMA-Script package (KOMA-Script-dependent basics and keyval usage)
 ("D:\LaTeX installed\MikTex\tex/latex/koma-script\scrbase.sty"
Package: scrbase 2020/07/22 v3.31 KOMA-Script package (KOMA-Script-independent basics and keyval usage)
 ("D:\LaTeX installed\MikTex\tex/latex/graphics\keyval.sty"
Package: keyval 2014/10/28 v1.15 key=value parser (DPC)
\KV@toks@=\toks16
) ("D:\LaTeX installed\MikTex\tex/latex/koma-script\scrlfile.sty"
Package: scrlfile 2020/07/22 v3.31 KOMA-Script package (loading files)
)))) ("D:\LaTeX installed\MikTex\tex/latex/float\float.sty"
Package: float 2001/11/08 v1.3d Float enhancements (AL)
\c@float@type=\count175
\float@exts=\toks17
\float@box=\box45
\@float@everytoks=\toks18
\@floatcapt=\box46
) ("D:\LaTeX installed\MikTex\tex/latex/graphics\graphicx.sty"
Package: graphicx 2019/11/30 v1.2a Enhanced LaTeX Graphics (DPC,SPQR)
 ("D:\LaTeX installed\MikTex\tex/latex/graphics\graphics.sty"
Package: graphics 2019/11/30 v1.4a Standard LaTeX Graphics (DPC,SPQR)
 ("D:\LaTeX installed\MikTex\tex/latex/graphics\trig.sty"
Package: trig 2016/01/03 v1.10 sin cos tan (DPC)
) ("D:\LaTeX installed\MikTex\tex/latex/graphics-cfg\graphics.cfg"
File: graphics.cfg 2016/06/04 v1.11 sample graphics configuration
)
Package graphics Info: Driver file: pdftex.def on input line 105.
 ("D:\LaTeX installed\MikTex\tex/latex/graphics-def\pdftex.def"
File: pdftex.def 2018/01/08 v1.0l Graphics/color driver for pdftex
))
\Gin@req@height=\dimen135
\Gin@req@width=\dimen136
) ("D:\LaTeX installed\MikTex\tex/latex/listings\listings.sty"
\lst@mode=\count176
\lst@gtempboxa=\box47
\lst@token=\toks19
\lst@length=\count177
\lst@currlwidth=\dimen137
\lst@column=\count178
\lst@pos=\count179
\lst@lostspace=\dimen138
\lst@width=\dimen139
\lst@newlines=\count180
\lst@lineno=\count181
\lst@maxwidth=\dimen140
 ("D:\LaTeX installed\MikTex\tex/latex/listings\lstmisc.sty"
File: lstmisc.sty 2020/03/24 1.8d (Carsten Heinz)
\c@lstnumber=\count182
\lst@skipnumbers=\count183
\lst@framebox=\box48
) ("D:\LaTeX installed\MikTex\tex/latex/listings\listings.cfg"
File: listings.cfg 2020/03/24 1.8d listings configuration
))
Package: listings 2020/03/24 1.8d (Carsten Heinz)
 ("D:\LaTeX installed\MikTex\tex/latex/tools\multicol.sty"
Package: multicol 2019/12/09 v1.8y multicolumn formatting (FMi)
\c@tracingmulticols=\count184
\mult@box=\box49
\multicol@leftmargin=\dimen141
\c@unbalance=\count185
\c@collectmore=\count186
\doublecol@number=\count187
\multicoltolerance=\count188
\multicolpretolerance=\count189
\full@width=\dimen142
\page@free=\dimen143
\premulticols=\dimen144
\postmulticols=\dimen145
\multicolsep=\skip58
\multicolbaselineskip=\skip59
\partial@page=\box50
\last@line=\box51
\maxbalancingoverflow=\dimen146
\mult@rightbox=\box52
\mult@grightbox=\box53
\mult@gfirstbox=\box54
\mult@firstbox=\box55
\@tempa=\box56
\@tempa=\box57
\@tempa=\box58
\@tempa=\box59
\@tempa=\box60
\@tempa=\box61
\@tempa=\box62
\@tempa=\box63
\@tempa=\box64
\@tempa=\box65
\@tempa=\box66
\@tempa=\box67
\@tempa=\box68
\@tempa=\box69
\@tempa=\box70
\@tempa=\box71
\@tempa=\box72
\@tempa=\box73
\@tempa=\box74
\@tempa=\box75
\@tempa=\box76
\@tempa=\box77
\@tempa=\box78
\@tempa=\box79
\@tempa=\box80
\@tempa=\box81
\@tempa=\box82
\@tempa=\box83
\@tempa=\box84
\@tempa=\box85
\@tempa=\box86
\@tempa=\box87
\@tempa=\box88
\@tempa=\box89
\@tempa=\box90
\@tempa=\box91
\@tempa=\box92
\c@minrows=\count190
\c@columnbadness=\count191
\c@finalcolumnbadness=\count192
\last@try=\dimen147
\multicolovershoot=\dimen148
\multicolundershoot=\dimen149
\mult@nat@firstbox=\box93
\colbreak@box=\box94
\mc@col@check@num=\count193
) ("D:\LaTeX installed\MikTex\tex/latex/xcolor\xcolor.sty"
Package: xcolor 2016/05/11 v2.12 LaTeX color extensions (UK)
 ("D:\LaTeX installed\MikTex\tex/latex/graphics-cfg\color.cfg"
File: color.cfg 2016/01/02 v1.6 sample color configuration
)
Package xcolor Info: Driver file: pdftex.def on input line 225.
Package xcolor Info: Model `cmy' substituted by `cmy0' on input line 1348.
Package xcolor Info: Model `hsb' substituted by `rgb' on input line 1352.
Package xcolor Info: Model `RGB' extended on input line 1364.
Package xcolor Info: Model `HTML' substituted by `rgb' on input line 1366.
Package xcolor Info: Model `Hsb' substituted by `hsb' on input line 1367.
Package xcolor Info: Model `tHsb' substituted by `hsb' on input line 1368.
Package xcolor Info: Model `HSB' substituted by `hsb' on input line 1369.
Package xcolor Info: Model `Gray' substituted by `gray' on input line 1370.
Package xcolor Info: Model `wave' substituted by `hsb' on input line 1371.
) ("D:\LaTeX installed\MikTex\tex/latex/caption\caption.sty"
Package: caption 2020/09/12 v3.5b Customizing captions (AR)
 ("D:\LaTeX installed\MikTex\tex/latex/caption\caption3.sty"
Package: caption3 2020/09/17 v2.1b caption3 kernel (AR)
\captionmargin=\dimen150
\captionmargin@=\dimen151
\captionwidth=\dimen152
\caption@tempdima=\dimen153
\caption@indent=\dimen154
\caption@parindent=\dimen155
\caption@hangindent=\dimen156
Package caption Info: Standard document class detected.
)
\c@caption@flags=\count194
\c@continuedfloat=\count195
Package caption Info: float package is loaded.
Package caption Info: listings package is loaded.
) ("D:\LaTeX installed\MikTex\tex/latex/caption\subcaption.sty"
Package: subcaption 2020/08/23 v1.3g Sub-captions (AR)
\c@subfigure=\count196
\c@subtable=\count197
) ("D:\LaTeX installed\MikTex\tex/latex/tools\array.sty"
Package: array 2019/08/31 v2.4l Tabular extension package (FMi)
\col@sep=\dimen157
\ar@mcellbox=\box95
\extrarowheight=\dimen158
\NC@list=\toks20
\extratabsurround=\skip60
\backup@length=\skip61
\ar@cellbox=\box96
) ("D:\LaTeX installed\MikTex\tex/latex/mdframed\mdframed.sty"
Package: mdframed 2013/07/01 1.9b: mdframed
 ("D:\LaTeX installed\MikTex\tex/latex/kvoptions\kvoptions.sty"
Package: kvoptions 2019/11/29 v3.13 Key value format for package options (HO)
 ("D:\LaTeX installed\MikTex\tex/generic/ltxcmds\ltxcmds.sty"
Package: ltxcmds 2019/12/15 v1.24 LaTeX kernel commands for general use (HO)
) ("D:\LaTeX installed\MikTex\tex/generic/kvsetkeys\kvsetkeys.sty"
Package: kvsetkeys 2019/12/15 v1.18 Key value parser (HO)
)) ("D:\LaTeX installed\MikTex\tex/latex/l3packages/xparse\xparse.sty" ("D:\LaTeX installed\MikTex\tex/latex/l3kernel\expl3.sty"
Package: expl3 2020-06-18 L3 programming layer (loader) 
 ("D:\LaTeX installed\MikTex\tex/latex/l3backend\l3backend-pdfmode.def"
File: l3backend-pdfmode.def 2020-06-29 L3 backend support: PDF mode
\l__kernel_color_stack_int=\count198
\l__pdf_internal_box=\box97
))
Package: xparse 2020-05-15 L3 Experimental document command parser
 ("D:\LaTeX installed\MikTex\tex/latex/l3packages/xparse\xparse-generic.tex"
\l__xparse_current_arg_int=\count199
\g__xparse_grabber_int=\count266
\l__xparse_m_args_int=\count267
\l__xparse_v_nesting_int=\count268
)) ("D:\LaTeX installed\MikTex\tex/latex/etoolbox\etoolbox.sty"
Package: etoolbox 2019/09/21 v2.5h e-TeX tools for LaTeX (JAW)
\etb@tempcnta=\count269
) ("D:\LaTeX installed\MikTex\tex/latex/zref\zref-abspage.sty"
Package: zref-abspage 2020-07-03 v2.32 Module abspage for zref (HO)
 ("D:\LaTeX installed\MikTex\tex/latex/zref\zref-base.sty"
Package: zref-base 2020-07-03 v2.32 Module base for zref (HO)
 ("D:\LaTeX installed\MikTex\tex/generic/infwarerr\infwarerr.sty"
Package: infwarerr 2019/12/03 v1.5 Providing info/warning/error messages (HO)
) ("D:\LaTeX installed\MikTex\tex/generic/kvdefinekeys\kvdefinekeys.sty"
Package: kvdefinekeys 2019-12-19 v1.6 Define keys (HO)
) ("D:\LaTeX installed\MikTex\tex/generic/pdftexcmds\pdftexcmds.sty"
Package: pdftexcmds 2020-06-27 v0.33 Utility functions of pdfTeX for LuaTeX (HO)
 ("D:\LaTeX installed\MikTex\tex/generic/iftex\iftex.sty"
Package: iftex 2020/03/06 v1.0d TeX engine tests
)
Package pdftexcmds Info: \pdf@primitive is available.
Package pdftexcmds Info: \pdf@ifprimitive is available.
Package pdftexcmds Info: \pdfdraftmode found.
) ("D:\LaTeX installed\MikTex\tex/generic/etexcmds\etexcmds.sty"
Package: etexcmds 2019/12/15 v1.7 Avoid name clashes with e-TeX commands (HO)
) ("D:\LaTeX installed\MikTex\tex/latex/auxhook\auxhook.sty"
Package: auxhook 2019-12-17 v1.6 Hooks for auxiliary files (HO)
)
Package zref Info: New property list: main on input line 764.
Package zref Info: New property: default on input line 765.
Package zref Info: New property: page on input line 766.
) ("D:\LaTeX installed\MikTex\tex/generic/atbegshi\atbegshi.sty"
Package: atbegshi 2019/12/05 v1.19 At begin shipout hook (HO)
)
\c@abspage=\count270
Package zref Info: New property: abspage on input line 66.
) ("D:\LaTeX installed\MikTex\tex/latex/needspace\needspace.sty"
Package: needspace 2010/09/12 v1.3d reserve vertical space
)
\mdf@templength=\skip62
\c@mdf@globalstyle@cnt=\count271
\mdf@skipabove@length=\skip63
\mdf@skipbelow@length=\skip64
\mdf@leftmargin@length=\skip65
\mdf@rightmargin@length=\skip66
\mdf@innerleftmargin@length=\skip67
\mdf@innerrightmargin@length=\skip68
\mdf@innertopmargin@length=\skip69
\mdf@innerbottommargin@length=\skip70
\mdf@splittopskip@length=\skip71
\mdf@splitbottomskip@length=\skip72
\mdf@outermargin@length=\skip73
\mdf@innermargin@length=\skip74
\mdf@linewidth@length=\skip75
\mdf@innerlinewidth@length=\skip76
\mdf@middlelinewidth@length=\skip77
\mdf@outerlinewidth@length=\skip78
\mdf@roundcorner@length=\skip79
\mdf@footenotedistance@length=\skip80
\mdf@userdefinedwidth@length=\skip81
\mdf@needspace@length=\skip82
\mdf@frametitleaboveskip@length=\skip83
\mdf@frametitlebelowskip@length=\skip84
\mdf@frametitlerulewidth@length=\skip85
\mdf@frametitleleftmargin@length=\skip86
\mdf@frametitlerightmargin@length=\skip87
\mdf@shadowsize@length=\skip88
\mdf@extratopheight@length=\skip89
\mdf@subtitleabovelinewidth@length=\skip90
\mdf@subtitlebelowlinewidth@length=\skip91
\mdf@subtitleaboveskip@length=\skip92
\mdf@subtitlebelowskip@length=\skip93
\mdf@subtitleinneraboveskip@length=\skip94
\mdf@subtitleinnerbelowskip@length=\skip95
\mdf@subsubtitleabovelinewidth@length=\skip96
\mdf@subsubtitlebelowlinewidth@length=\skip97
\mdf@subsubtitleaboveskip@length=\skip98
\mdf@subsubtitlebelowskip@length=\skip99
\mdf@subsubtitleinneraboveskip@length=\skip100
\mdf@subsubtitleinnerbelowskip@length=\skip101
 ("D:\LaTeX installed\MikTex\tex/latex/mdframed\md-frame-0.mdf"
File: md-frame-0.mdf 2013/07/01\ 1.9b: md-frame-0
)
\mdf@frametitlebox=\box98
\mdf@footnotebox=\box99
\mdf@splitbox@one=\box100
\mdf@splitbox@two=\box101
\mdf@splitbox@save=\box102
\mdfsplitboxwidth=\skip102
\mdfsplitboxtotalwidth=\skip103
\mdfsplitboxheight=\skip104
\mdfsplitboxdepth=\skip105
\mdfsplitboxtotalheight=\skip106
\mdfframetitleboxwidth=\skip107
\mdfframetitleboxtotalwidth=\skip108
\mdfframetitleboxheight=\skip109
\mdfframetitleboxdepth=\skip110
\mdfframetitleboxtotalheight=\skip111
\mdffootnoteboxwidth=\skip112
\mdffootnoteboxtotalwidth=\skip113
\mdffootnoteboxheight=\skip114
\mdffootnoteboxdepth=\skip115
\mdffootnoteboxtotalheight=\skip116
\mdftotallinewidth=\skip117
\mdfboundingboxwidth=\skip118
\mdfboundingboxtotalwidth=\skip119
\mdfboundingboxheight=\skip120
\mdfboundingboxdepth=\skip121
\mdfboundingboxtotalheight=\skip122
\mdf@freevspace@length=\skip123
\mdf@horizontalwidthofbox@length=\skip124
\mdf@verticalmarginwhole@length=\skip125
\mdf@horizontalspaceofbox=\skip126
\mdfsubtitleheight=\skip127
\mdfsubsubtitleheight=\skip128
\c@mdfcountframes=\count272

****** mdframed patching \endmdf@trivlist

****** -- success******

\mdf@envdepth=\count273
\c@mdf@env@i=\count274
\c@mdf@env@ii=\count275
\c@mdf@zref@counter=\count276
Package zref Info: New property: mdf@pagevalue on input line 895.
) ("D:\LaTeX installed\MikTex\tex/latex/adjustbox\adjustbox.sty"
Package: adjustbox 2020/08/19 v1.3 Adjusting TeX boxes (trim, clip, ...)
 ("D:\LaTeX installed\MikTex\tex/latex/xkeyval\xkeyval.sty"
Package: xkeyval 2014/12/03 v2.7a package option processing (HA)
 ("D:\LaTeX installed\MikTex\tex/generic/xkeyval\xkeyval.tex" ("D:\LaTeX installed\MikTex\tex/generic/xkeyval\xkvutils.tex"
\XKV@toks=\toks21
\XKV@tempa@toks=\toks22
)
\XKV@depth=\count277
File: xkeyval.tex 2014/12/03 v2.7a key=value parser (HA)
)) ("D:\LaTeX installed\MikTex\tex/latex/adjustbox\adjcalc.sty"
Package: adjcalc 2012/05/16 v1.1 Provides advanced setlength with multiple back-ends (calc, etex, pgfmath)
) ("D:\LaTeX installed\MikTex\tex/latex/adjustbox\trimclip.sty"
Package: trimclip 2020/08/19 v1.2 Trim and clip general TeX material
 ("D:\LaTeX installed\MikTex\tex/latex/collectbox\collectbox.sty"
Package: collectbox 2012/05/17 v0.4b Collect macro arguments as boxes
\collectedbox=\box103
)
\tc@llx=\dimen159
\tc@lly=\dimen160
\tc@urx=\dimen161
\tc@ury=\dimen162
Package trimclip Info: Using driver 'tc-pdftex.def'.
 ("D:\LaTeX installed\MikTex\tex/latex/adjustbox\tc-pdftex.def"
File: tc-pdftex.def 2019/01/04 v2.2 Clipping driver for pdftex
))
\adjbox@Width=\dimen163
\adjbox@Height=\dimen164
\adjbox@Depth=\dimen165
\adjbox@Totalheight=\dimen166
\adjbox@pwidth=\dimen167
\adjbox@pheight=\dimen168
\adjbox@pdepth=\dimen169
\adjbox@ptotalheight=\dimen170
 ("D:\LaTeX installed\MikTex\tex/latex/ifoddpage\ifoddpage.sty"
Package: ifoddpage 2016/04/23 v1.1 Conditionals for odd/even page detection
\c@checkoddpage=\count278
) ("D:\LaTeX installed\MikTex\tex/latex/varwidth\varwidth.sty"
Package: varwidth 2009/03/30 ver 0.92;  Variable-width minipages
\@vwid@box=\box104
\sift@deathcycles=\count279
\@vwid@loff=\dimen171
\@vwid@roff=\dimen172
)) ("D:\LaTeX installed\MikTex\tex/latex/amsfonts\amssymb.sty"
Package: amssymb 2013/01/14 v3.01 AMS font symbols
 ("D:\LaTeX installed\MikTex\tex/latex/amsfonts\amsfonts.sty"
Package: amsfonts 2013/01/14 v3.01 Basic AMSFonts support
\@emptytoks=\toks23
\symAMSa=\mathgroup4
\symAMSb=\mathgroup5
LaTeX Font Info:    Redeclaring math symbol \hbar on input line 98.
LaTeX Font Info:    Overwriting math alphabet `\mathfrak' in version `bold'
(Font)                  U/euf/m/n --> U/euf/b/n on input line 106.
))
\c@homeworkProblemCounter=\count280
\c@subProblemCounter=\count281
) ("D:\LaTeX installed\MikTex\tex/latex/biblatex\biblatex.sty"
Package: biblatex 2019/12/01 v3.14 programmable bibliographies (PK/MW)
 ("D:\LaTeX installed\MikTex\tex/latex/logreq\logreq.sty"
Package: logreq 2010/08/04 v1.0 xml request logger
\lrq@indent=\count282
 ("D:\LaTeX installed\MikTex\tex/latex/logreq\logreq.def"
File: logreq.def 2010/08/04 v1.0 logreq spec v1.0
)) ("D:\LaTeX installed\MikTex\tex/latex/base\ifthen.sty"
Package: ifthen 2014/09/29 v1.1c Standard LaTeX ifthen package (DPC)
) ("D:\LaTeX installed\MikTex\tex/latex/url\url.sty"
\Urlmuskip=\muskip16
Package: url 2013/09/16  ver 3.4  Verb mode for urls, etc.
)
\c@tabx@nest=\count283
\c@listtotal=\count284
\c@listcount=\count285
\c@liststart=\count286
\c@liststop=\count287
\c@citecount=\count288
\c@citetotal=\count289
\c@multicitecount=\count290
\c@multicitetotal=\count291
\c@instcount=\count292
\c@maxnames=\count293
\c@minnames=\count294
\c@maxitems=\count295
\c@minitems=\count296
\c@citecounter=\count297
\c@maxcitecounter=\count298
\c@savedcitecounter=\count299
\c@uniquelist=\count300
\c@uniquename=\count301
\c@refsection=\count302
\c@refsegment=\count303
\c@maxextratitle=\count304
\c@maxextratitleyear=\count305
\c@maxextraname=\count306
\c@maxextradate=\count307
\c@maxextraalpha=\count308
\c@abbrvpenalty=\count309
\c@highnamepenalty=\count310
\c@lownamepenalty=\count311
\c@maxparens=\count312
\c@parenlevel=\count313
\blx@tempcnta=\count314
\blx@tempcntb=\count315
\blx@tempcntc=\count316
\blx@maxsection=\count317
\blx@maxsegment@0=\count318
\blx@notetype=\count319
\blx@parenlevel@text=\count320
\blx@parenlevel@foot=\count321
\blx@sectionciteorder@0=\count322
\blx@entrysetcounter=\count323
\labelnumberwidth=\skip129
\labelalphawidth=\skip130
\biblabelsep=\skip131
\bibitemsep=\skip132
\bibnamesep=\skip133
\bibinitsep=\skip134
\bibparsep=\skip135
\bibhang=\skip136
\blx@bcfin=\read2
\blx@bcfout=\write3
\blx@langwohyphens=\language79
\c@mincomprange=\count324
\c@maxcomprange=\count325
\c@mincompwidth=\count326
Package biblatex Info: Trying to load biblatex default data model...
Package biblatex Info: ... file 'blx-dm.def' found.
 ("D:\LaTeX installed\MikTex\tex/latex/biblatex\blx-dm.def"
File: blx-dm.def 2019/12/01 v3.14 biblatex localization (PK/MW)
)
Package biblatex Info: Trying to load biblatex custom data model...
Package biblatex Info: ... file 'biblatex-dm.cfg' not found.
\c@afterword=\count327
\c@savedafterword=\count328
\c@annotator=\count329
\c@savedannotator=\count330
\c@author=\count331
\c@savedauthor=\count332
\c@bookauthor=\count333
\c@savedbookauthor=\count334
\c@commentator=\count335
\c@savedcommentator=\count336
\c@editor=\count337
\c@savededitor=\count338
\c@editora=\count339
\c@savededitora=\count340
\c@editorb=\count341
\c@savededitorb=\count342
\c@editorc=\count343
\c@savededitorc=\count344
\c@foreword=\count345
\c@savedforeword=\count346
\c@holder=\count347
\c@savedholder=\count348
\c@introduction=\count349
\c@savedintroduction=\count350
\c@namea=\count351
\c@savednamea=\count352
\c@nameb=\count353
\c@savednameb=\count354
\c@namec=\count355
\c@savednamec=\count356
\c@translator=\count357
\c@savedtranslator=\count358
\c@shortauthor=\count359
\c@savedshortauthor=\count360
\c@shorteditor=\count361
\c@savedshorteditor=\count362
\c@labelname=\count363
\c@savedlabelname=\count364
\c@institution=\count365
\c@savedinstitution=\count366
\c@lista=\count367
\c@savedlista=\count368
\c@listb=\count369
\c@savedlistb=\count370
\c@listc=\count371
\c@savedlistc=\count372
\c@listd=\count373
\c@savedlistd=\count374
\c@liste=\count375
\c@savedliste=\count376
\c@listf=\count377
\c@savedlistf=\count378
\c@location=\count379
\c@savedlocation=\count380
\c@organization=\count381
\c@savedorganization=\count382
\c@origlocation=\count383
\c@savedoriglocation=\count384
\c@origpublisher=\count385
\c@savedorigpublisher=\count386
\c@publisher=\count387
\c@savedpublisher=\count388
\c@language=\count389
\c@savedlanguage=\count390
\c@origlanguage=\count391
\c@savedoriglanguage=\count392
\c@pageref=\count393
\c@savedpageref=\count394
\shorthandwidth=\skip137
\shortjournalwidth=\skip138
\shortserieswidth=\skip139
\shorttitlewidth=\skip140
\shortauthorwidth=\skip141
\shorteditorwidth=\skip142
\locallabelnumberwidth=\skip143
\locallabelalphawidth=\skip144
\localshorthandwidth=\skip145
\localshortjournalwidth=\skip146
\localshortserieswidth=\skip147
\localshorttitlewidth=\skip148
\localshortauthorwidth=\skip149
\localshorteditorwidth=\skip150
Package biblatex Info: Trying to load compatibility code...
Package biblatex Info: ... file 'blx-compat.def' found.
 ("D:\LaTeX installed\MikTex\tex/latex/biblatex\blx-compat.def"
File: blx-compat.def 2019/12/01 v3.14 biblatex compatibility (PK/MW)
)
Package biblatex Info: Trying to load generic definitions...
Package biblatex Info: ... file 'biblatex.def' found.
 ("D:\LaTeX installed\MikTex\tex/latex/biblatex\biblatex.def"
File: biblatex.def 2019/12/01 v3.14 biblatex compatibility (PK/MW)
\c@textcitecount=\count395
\c@textcitetotal=\count396
\c@textcitemaxnames=\count397
\c@biburlbigbreakpenalty=\count398
\c@biburlbreakpenalty=\count399
\c@biburlnumpenalty=\count400
\c@biburlucpenalty=\count401
\c@biburllcpenalty=\count402
\biburlbigskip=\muskip17
\biburlnumskip=\muskip18
\biburlucskip=\muskip19
\biburllcskip=\muskip20
\c@smartand=\count403
)
Package biblatex Info: Trying to load bibliography style 'numeric'...
Package biblatex Info: ... file 'numeric.bbx' found.
 ("D:\LaTeX installed\MikTex\tex/latex/biblatex/bbx\numeric.bbx"
File: numeric.bbx 2019/12/01 v3.14 biblatex bibliography style (PK/MW)
Package biblatex Info: Trying to load bibliography style 'standard'...
Package biblatex Info: ... file 'standard.bbx' found.
 ("D:\LaTeX installed\MikTex\tex/latex/biblatex/bbx\standard.bbx"
File: standard.bbx 2019/12/01 v3.14 biblatex bibliography style (PK/MW)
\c@bbx:relatedcount=\count404
\c@bbx:relatedtotal=\count405
))
Package biblatex Info: Trying to load citation style 'numeric'...
Package biblatex Info: ... file 'numeric.cbx' found.
 ("D:\LaTeX installed\MikTex\tex/latex/biblatex/cbx\numeric.cbx"
File: numeric.cbx 2019/12/01 v3.14 biblatex citation style (PK/MW)
Package biblatex Info: Redefining '\cite'.
Package biblatex Info: Redefining '\parencite'.
Package biblatex Info: Redefining '\footcite'.
Package biblatex Info: Redefining '\footcitetext'.
Package biblatex Info: Redefining '\smartcite'.
Package biblatex Info: Redefining '\supercite'.
Package biblatex Info: Redefining '\textcite'.
Package biblatex Info: Redefining '\textcites'.
Package biblatex Info: Redefining '\cites'.
Package biblatex Info: Redefining '\parencites'.
Package biblatex Info: Redefining '\smartcites'.
)
Package biblatex Info: Trying to load configuration file...
Package biblatex Info: ... file 'biblatex.cfg' found.
 ("D:\LaTeX installed\MikTex\tex/latex/biblatex\biblatex.cfg"
File: biblatex.cfg 
))
\@quotelevel=\count406
\@quotereset=\count407
 ("p:/Embedded System Lab\Lab 1\Report\main.aux")
\openout1 = `main.aux'.

LaTeX Font Info:    Checking defaults for OML/cmm/m/it on input line 9.
LaTeX Font Info:    ... okay on input line 9.
LaTeX Font Info:    Checking defaults for OMS/cmsy/m/n on input line 9.
LaTeX Font Info:    ... okay on input line 9.
LaTeX Font Info:    Checking defaults for OT1/cmr/m/n on input line 9.
LaTeX Font Info:    ... okay on input line 9.
LaTeX Font Info:    Checking defaults for T1/cmr/m/n on input line 9.
LaTeX Font Info:    ... okay on input line 9.
LaTeX Font Info:    Checking defaults for TS1/cmr/m/n on input line 9.
LaTeX Font Info:    ... okay on input line 9.
LaTeX Font Info:    Checking defaults for OMX/cmex/m/n on input line 9.
LaTeX Font Info:    ... okay on input line 9.
LaTeX Font Info:    Checking defaults for U/cmr/m/n on input line 9.
LaTeX Font Info:    ... okay on input line 9.
 ("D:\LaTeX installed\MikTex\tex/context/base/mkii\supp-pdf.mkii"
[Loading MPS to PDF converter (version 2006.09.02).]
\scratchcounter=\count408
\scratchdimen=\dimen173
\scratchbox=\box105
\nofMPsegments=\count409
\nofMParguments=\count410
\everyMPshowfont=\toks24
\MPscratchCnt=\count411
\MPscratchDim=\dimen174
\MPnumerator=\count412
\makeMPintoPDFobject=\count413
\everyMPtoPDFconversion=\toks25
) ("D:\LaTeX installed\MikTex\tex/latex/epstopdf-pkg\epstopdf-base.sty"
Package: epstopdf-base 2020-01-24 v2.11 Base part for package epstopdf
 ("D:\LaTeX installed\MikTex\tex/latex/grfext\grfext.sty"
Package: grfext 2019/12/03 v1.3 Manage graphics extensions (HO)
)
Package epstopdf-base Info: Redefining graphics rule for `.eps' on input line 485.
Package grfext Info: Graphics extension search list:
(grfext)             [.pdf,.png,.jpg,.mps,.jpeg,.jbig2,.jb2,.PDF,.PNG,.JPG,.JPEG,.JBIG2,.JB2,.eps]
(grfext)             \AppendGraphicsExtensions on input line 504.
)
\c@lstlisting=\count414
Package caption Info: Begin \AtBeginDocument code.
Package caption Info: End \AtBeginDocument code.
\AtBeginShipoutBox=\box106
Package biblatex Info: Trying to load language 'english'...
Package biblatex Info: ... file 'english.lbx' found.
 ("D:\LaTeX installed\MikTex\tex/latex/biblatex/lbx\english.lbx"
File: english.lbx 2019/12/01 v3.14 biblatex localization (PK/MW)
)
Package biblatex Info: Input encoding 'utf8' detected.
Package biblatex Info: Automatic encoding selection.
(biblatex)             Assuming data encoding 'utf8'.
\openout3 = `main.bcf'.

Package biblatex Info: Trying to load bibliographic data...
Package biblatex Info: ... file 'main.bbl' found.
 ("p:/Embedded System Lab\Lab 1\Report\main.bbl")
Package biblatex Info: Reference section=0 on input line 9.
Package biblatex Info: Reference segment=0 on input line 9.
<logo.png, id=1, 299.1175pt x 335.2525pt>
File: logo.png Graphic file (type png)
<use logo.png>
Package pdftex.def Info: logo.png  used on input line 10.
(pdftex.def)             Requested size: 149.55838pt x 167.62584pt.
LaTeX Font Info:    Trying to load font information for U+msa on input line 10.
 ("D:\LaTeX installed\MikTex\tex/latex/amsfonts\umsa.fd"
File: umsa.fd 2013/01/14 v3.01 AMS symbols A
)
LaTeX Font Info:    Trying to load font information for U+msb on input line 10.
 ("D:\LaTeX installed\MikTex\tex/latex/amsfonts\umsb.fd"
File: umsb.fd 2013/01/14 v3.01 AMS symbols B
) [1

{C:/Users/hp/AppData/Local/MiKTeX/pdftex/config/pdftex.map} <D:/LaTeX installed/MikTex/tex/latex/labDecorator/logo.png>] ("p:/Embedded System Lab\Lab 1\Report\main.toc")
\tf@toc=\write4
\openout4 = `main.toc'.

 [1] ("p:/Embedded System Lab\Lab 1\Report\main.lof")
\tf@lof=\write5
\openout5 = `main.lof'.

 [2] ("p:/Embedded System Lab\Lab 1\Report\main.lol")
\tf@lol=\write6
\openout6 = `main.lol'.

 [3]
Underfull \hbox (badness 10000) in paragraph at lines 23--35

 []

[1] [2]
<../Figures/proteus.pdf, id=29, 469.755pt x 332.24126pt>
File: ../Figures/proteus.pdf Graphic file (type pdf)
<use ../Figures/proteus.pdf>
Package pdftex.def Info: ../Figures/proteus.pdf  used on input line 109.
(pdftex.def)             Requested size: 469.75386pt x 332.24043pt.
 [3] (../Codes/Assembly/lab_1_a.a [4 <../Figures/proteus.pdf>]) ("D:\LaTeX installed\MikTex\tex/latex/listings\lstlang1.sty"
File: lstlang1.sty 2020/03/24 1.8d listings language file
) ("D:\LaTeX installed\MikTex\tex/latex/listings\lstmisc.sty"
File: lstmisc.sty 2020/03/24 1.8d (Carsten Heinz)
) (../Codes/C/lab_1_a.c) (../Codes/Assembly/lab_1_b.a) [5] (../Codes/C/lab_1_b.c) (../Codes/Assembly/lab_1_c.a) (../Codes/C/lab_1_c.c [6]) (../Codes/Assembly/lab_1_d.a) (../Codes/C/lab_1_d.c)
Overfull \vbox (0.33218pt too high) has occurred while \output is active []


Overfull \vbox (3.6472pt too high) has occurred while \output is active []

 [7] (../Codes/Assembly/lab_1_e.a) (../Codes/C/lab_1_e.c [8]) (../Codes/Assembly/lab_1_f1.a) (../Codes/C/lab_1_f1.c [9]) (../Codes/Assembly/lab_1_f2.a) [10] (../Codes/C/lab_1_f2.c) (../Codes/Assembly/lab_1_g.a) [11] (../Codes/C/lab_1_g.c) (../Codes/Assembly/lab_1_h.a [12]) (../Codes/C/lab_1_h.c)
<../Figures/1_1_a.png, id=74, 143.3355pt x 79.497pt>
File: ../Figures/1_1_a.png Graphic file (type png)
<use ../Figures/1_1_a.png>
Package pdftex.def Info: ../Figures/1_1_a.png  used on input line 139.
(pdftex.def)             Requested size: 143.33513pt x 79.4968pt.
<../Figures/1_1_b.png, id=75, 144.54pt x 78.2925pt>
File: ../Figures/1_1_b.png Graphic file (type png)
<use ../Figures/1_1_b.png>
Package pdftex.def Info: ../Figures/1_1_b.png  used on input line 145.
(pdftex.def)             Requested size: 144.53963pt x 78.2923pt.
<../Figures/1_1_c.png, id=76, 145.14224pt x 80.09924pt>
File: ../Figures/1_1_c.png Graphic file (type png)
<use ../Figures/1_1_c.png>
Package pdftex.def Info: ../Figures/1_1_c.png  used on input line 152.
(pdftex.def)             Requested size: 145.14188pt x 80.09903pt.
<../Figures/1_1_d.png, id=77, 144.54pt x 81.906pt>
File: ../Figures/1_1_d.png Graphic file (type png)
<use ../Figures/1_1_d.png>
Package pdftex.def Info: ../Figures/1_1_d.png  used on input line 158.
(pdftex.def)             Requested size: 144.53963pt x 81.90579pt.
<../Figures/1_1_e.png, id=78, 151.16475pt x 154.176pt>
File: ../Figures/1_1_e.png Graphic file (type png)
<use ../Figures/1_1_e.png>
Package pdftex.def Info: ../Figures/1_1_e.png  used on input line 166.
(pdftex.def)             Requested size: 151.16437pt x 154.1756pt.

Overfull \hbox (2.2222pt too wide) in paragraph at lines 137--171
[]$[]$ $[]$ 
 []


Overfull \hbox (2.2222pt too wide) in paragraph at lines 137--171
[]$ $[]$ 
 []

[13]
<../Figures/1_2_a.png, id=82, 144.54pt x 80.7015pt>
File: ../Figures/1_2_a.png Graphic file (type png)
<use ../Figures/1_2_a.png>
Package pdftex.def Info: ../Figures/1_2_a.png  used on input line 179.
(pdftex.def)             Requested size: 144.53963pt x 80.70131pt.
<../Figures/1_2_b.png, id=83, 142.73325pt x 79.497pt>
File: ../Figures/1_2_b.png Graphic file (type png)
<use ../Figures/1_2_b.png>
Package pdftex.def Info: ../Figures/1_2_b.png  used on input line 185.
(pdftex.def)             Requested size: 142.73288pt x 79.4968pt.

Overfull \hbox (2.2222pt too wide) in paragraph at lines 177--189
[]$[]$ $[]$ 
 []

[14 <../Figures/1_1_a.png> <../Figures/1_1_b.png> <../Figures/1_1_c.png> <../Figures/1_1_d.png> <../Figures/1_1_e.png>]
<../Figures/1_3_a.png, id=92, 143.3355pt x 79.497pt>
File: ../Figures/1_3_a.png Graphic file (type png)
<use ../Figures/1_3_a.png>
Package pdftex.def Info: ../Figures/1_3_a.png  used on input line 197.
(pdftex.def)             Requested size: 143.33513pt x 79.4968pt.
<../Figures/1_3_b.png, id=93, 143.3355pt x 81.906pt>
File: ../Figures/1_3_b.png Graphic file (type png)
<use ../Figures/1_3_b.png>
Package pdftex.def Info: ../Figures/1_3_b.png  used on input line 203.
(pdftex.def)             Requested size: 143.33513pt x 81.90579pt.
<../Figures/1_3_c.png, id=94, 149.358pt x 154.77824pt>
File: ../Figures/1_3_c.png Graphic file (type png)
<use ../Figures/1_3_c.png>
Package pdftex.def Info: ../Figures/1_3_c.png  used on input line 211.
(pdftex.def)             Requested size: 149.35762pt x 154.77786pt.

Overfull \hbox (2.2222pt too wide) in paragraph at lines 195--216
[]$[]$ $[]$ 
 []

[15 <../Figures/1_2_a.png> <../Figures/1_2_b.png> <../Figures/1_3_a.png> <../Figures/1_3_b.png> <../Figures/1_3_c.png>]
<../Figures/1_4_a.png, id=104, 143.3355pt x 79.497pt>
File: ../Figures/1_4_a.png Graphic file (type png)
<use ../Figures/1_4_a.png>
Package pdftex.def Info: ../Figures/1_4_a.png  used on input line 224.
(pdftex.def)             Requested size: 143.33513pt x 79.4968pt.
<../Figures/1_4_b.png, id=105, 142.73325pt x 80.09924pt>
File: ../Figures/1_4_b.png Graphic file (type png)
<use ../Figures/1_4_b.png>
Package pdftex.def Info: ../Figures/1_4_b.png  used on input line 230.
(pdftex.def)             Requested size: 142.73288pt x 80.09903pt.
<../Figures/1_4_c.png, id=106, 121.6545pt x 160.1985pt>
File: ../Figures/1_4_c.png Graphic file (type png)
<use ../Figures/1_4_c.png>
Package pdftex.def Info: ../Figures/1_4_c.png  used on input line 238.
(pdftex.def)             Requested size: 121.65419pt x 160.1981pt.

Overfull \hbox (2.2222pt too wide) in paragraph at lines 222--243
[]$[]$ $[]$ 
 []

<../Figures/1_5_a.png, id=107, 150.5625pt x 154.77824pt>
File: ../Figures/1_5_a.png Graphic file (type png)
<use ../Figures/1_5_a.png>
Package pdftex.def Info: ../Figures/1_5_a.png  used on input line 252.
(pdftex.def)             Requested size: 150.56212pt x 154.77786pt.
<../Figures/1_5_b.png, id=108, 147.55125pt x 81.906pt>
File: ../Figures/1_5_b.png Graphic file (type png)
<use ../Figures/1_5_b.png>
Package pdftex.def Info: ../Figures/1_5_b.png  used on input line 260.
(pdftex.def)             Requested size: 147.55087pt x 81.90579pt.
<../Figures/1_5_c.png, id=109, 142.73325pt x 79.497pt>
File: ../Figures/1_5_c.png Graphic file (type png)
<use ../Figures/1_5_c.png>
Package pdftex.def Info: ../Figures/1_5_c.png  used on input line 266.
(pdftex.def)             Requested size: 142.73288pt x 79.4968pt.

Overfull \hbox (2.2222pt too wide) in paragraph at lines 249--270
[]$ $[]$ 
 []

[16 <../Figures/1_4_a.png> <../Figures/1_4_b.png> <../Figures/1_4_c.png>]
<../Figures/1_6_a.png, id=116, 145.14224pt x 79.497pt>
File: ../Figures/1_6_a.png Graphic file (type png)
<use ../Figures/1_6_a.png>
Package pdftex.def Info: ../Figures/1_6_a.png  used on input line 278.
(pdftex.def)             Requested size: 145.14188pt x 79.4968pt.
<../Figures/1_6_b.png, id=117, 142.73325pt x 79.497pt>
File: ../Figures/1_6_b.png Graphic file (type png)
<use ../Figures/1_6_b.png>
Package pdftex.def Info: ../Figures/1_6_b.png  used on input line 284.
(pdftex.def)             Requested size: 142.73288pt x 79.4968pt.

Overfull \hbox (2.2222pt too wide) in paragraph at lines 276--288
[]$[]$ $[]$ 
 []

<../Figures/1_6_c.png, id=118, 143.3355pt x 81.30376pt>
File: ../Figures/1_6_c.png Graphic file (type png)
<use ../Figures/1_6_c.png>
Package pdftex.def Info: ../Figures/1_6_c.png  used on input line 294.
(pdftex.def)             Requested size: 143.33513pt x 81.30354pt.
<../Figures/1_6_d.png, id=119, 142.73325pt x 79.497pt>
File: ../Figures/1_6_d.png Graphic file (type png)
<use ../Figures/1_6_d.png>
Package pdftex.def Info: ../Figures/1_6_d.png  used on input line 300.
(pdftex.def)             Requested size: 142.73288pt x 79.4968pt.
<../Figures/1_6_e.png, id=120, 143.3355pt x 79.497pt>
File: ../Figures/1_6_e.png Graphic file (type png)
<use ../Figures/1_6_e.png>
Package pdftex.def Info: ../Figures/1_6_e.png  used on input line 306.
(pdftex.def)             Requested size: 143.33513pt x 79.4968pt.
<../Figures/1_6_f.png, id=121, 144.54pt x 79.497pt>
File: ../Figures/1_6_f.png Graphic file (type png)
<use ../Figures/1_6_f.png>
Package pdftex.def Info: ../Figures/1_6_f.png  used on input line 312.
(pdftex.def)             Requested size: 144.53963pt x 79.4968pt.
<../Figures/1_6_g.png, id=122, 143.3355pt x 81.30376pt>
File: ../Figures/1_6_g.png Graphic file (type png)
<use ../Figures/1_6_g.png>
Package pdftex.def Info: ../Figures/1_6_g.png  used on input line 318.
(pdftex.def)             Requested size: 143.33513pt x 81.30354pt.
<../Figures/1_6_h.png, id=123, 145.7445pt x 80.09924pt>
File: ../Figures/1_6_h.png Graphic file (type png)
<use ../Figures/1_6_h.png>
Package pdftex.def Info: ../Figures/1_6_h.png  used on input line 324.
(pdftex.def)             Requested size: 145.74414pt x 80.09903pt.
<../Figures/1_6_i.png, id=124, 144.54pt x 80.09924pt>
File: ../Figures/1_6_i.png Graphic file (type png)
<use ../Figures/1_6_i.png>
Package pdftex.def Info: ../Figures/1_6_i.png  used on input line 330.
(pdftex.def)             Requested size: 144.53963pt x 80.09903pt.
<../Figures/1_6_j.png, id=125, 144.54pt x 79.497pt>
File: ../Figures/1_6_j.png Graphic file (type png)
<use ../Figures/1_6_j.png>
Package pdftex.def Info: ../Figures/1_6_j.png  used on input line 336.
(pdftex.def)             Requested size: 144.53963pt x 79.4968pt.

Overfull \hbox (2.2222pt too wide) in paragraph at lines 292--340
[]$[]$ $[]$
 []


Overfull \hbox (2.2222pt too wide) in paragraph at lines 292--340
[]$ $[]$
 []


Overfull \hbox (2.2222pt too wide) in paragraph at lines 292--340
[]$ $[]$
 []


Overfull \hbox (2.2222pt too wide) in paragraph at lines 292--340
[]$ $[]$ 
 []

[17 <../Figures/1_5_a.png> <../Figures/1_5_b.png> <../Figures/1_5_c.png> <../Figures/1_6_a.png> <../Figures/1_6_b.png>]
File: ../Figures/1_6_j.png Graphic file (type png)
<use ../Figures/1_6_j.png>
Package pdftex.def Info: ../Figures/1_6_j.png  used on input line 346.
(pdftex.def)             Requested size: 144.53963pt x 79.4968pt.
File: ../Figures/1_6_i.png Graphic file (type png)
<use ../Figures/1_6_i.png>
Package pdftex.def Info: ../Figures/1_6_i.png  used on input line 352.
(pdftex.def)             Requested size: 144.53963pt x 80.09903pt.
File: ../Figures/1_6_h.png Graphic file (type png)
<use ../Figures/1_6_h.png>
Package pdftex.def Info: ../Figures/1_6_h.png  used on input line 358.
(pdftex.def)             Requested size: 145.74414pt x 80.09903pt.
File: ../Figures/1_6_g.png Graphic file (type png)
<use ../Figures/1_6_g.png>
Package pdftex.def Info: ../Figures/1_6_g.png  used on input line 364.
(pdftex.def)             Requested size: 143.33513pt x 81.30354pt.
File: ../Figures/1_6_f.png Graphic file (type png)
<use ../Figures/1_6_f.png>
Package pdftex.def Info: ../Figures/1_6_f.png  used on input line 370.
(pdftex.def)             Requested size: 144.53963pt x 79.4968pt.
File: ../Figures/1_6_e.png Graphic file (type png)
<use ../Figures/1_6_e.png>
Package pdftex.def Info: ../Figures/1_6_e.png  used on input line 376.
(pdftex.def)             Requested size: 143.33513pt x 79.4968pt.
File: ../Figures/1_6_d.png Graphic file (type png)
<use ../Figures/1_6_d.png>
Package pdftex.def Info: ../Figures/1_6_d.png  used on input line 382.
(pdftex.def)             Requested size: 142.73288pt x 79.4968pt.
File: ../Figures/1_6_c.png Graphic file (type png)
<use ../Figures/1_6_c.png>
Package pdftex.def Info: ../Figures/1_6_c.png  used on input line 388.
(pdftex.def)             Requested size: 143.33513pt x 81.30354pt.
File: ../Figures/1_6_b.png Graphic file (type png)
<use ../Figures/1_6_b.png>
Package pdftex.def Info: ../Figures/1_6_b.png  used on input line 394.
(pdftex.def)             Requested size: 142.73288pt x 79.4968pt.
File: ../Figures/1_6_a.png Graphic file (type png)
<use ../Figures/1_6_a.png>
Package pdftex.def Info: ../Figures/1_6_a.png  used on input line 400.
(pdftex.def)             Requested size: 145.14188pt x 79.4968pt.

Overfull \hbox (2.2222pt too wide) in paragraph at lines 344--404
[]$[]$ $[]$
 []


Overfull \hbox (2.2222pt too wide) in paragraph at lines 344--404
[]$ $[]$
 []


Overfull \hbox (2.2222pt too wide) in paragraph at lines 344--404
[]$ $[]$
 []


Overfull \hbox (2.2222pt too wide) in paragraph at lines 344--404
[]$ $[]$
 []


Overfull \hbox (2.2222pt too wide) in paragraph at lines 344--404
[]$ $[]$ 
 []

[18 <../Figures/1_6_c.png> <../Figures/1_6_d.png> <../Figures/1_6_e.png> <../Figures/1_6_f.png> <../Figures/1_6_g.png> <../Figures/1_6_h.png> <../Figures/1_6_i.png> <../Figures/1_6_j.png>]
<../Figures/1_6_k.png, id=145, 147.55125pt x 154.77824pt>
File: ../Figures/1_6_k.png Graphic file (type png)
<use ../Figures/1_6_k.png>
Package pdftex.def Info: ../Figures/1_6_k.png  used on input line 411.
(pdftex.def)             Requested size: 147.55087pt x 154.77786pt.
<../Figures/1_6_l.png, id=146, 150.5625pt x 154.77824pt>
File: ../Figures/1_6_l.png Graphic file (type png)
<use ../Figures/1_6_l.png>
Package pdftex.def Info: ../Figures/1_6_l.png  used on input line 417.
(pdftex.def)             Requested size: 150.56212pt x 154.77786pt.

Overfull \hbox (2.2222pt too wide) in paragraph at lines 409--421
[]$[]$ $[]$ 
 []

[19]
<../Figures/1_7_a.png, id=150, 142.73325pt x 81.30376pt>
File: ../Figures/1_7_a.png Graphic file (type png)
<use ../Figures/1_7_a.png>
Package pdftex.def Info: ../Figures/1_7_a.png  used on input line 430.
(pdftex.def)             Requested size: 142.73288pt x 81.30354pt.
<../Figures/1_7_b.png, id=151, 144.54pt x 80.09924pt>
File: ../Figures/1_7_b.png Graphic file (type png)
<use ../Figures/1_7_b.png>
Package pdftex.def Info: ../Figures/1_7_b.png  used on input line 436.
(pdftex.def)             Requested size: 144.53963pt x 80.09903pt.

Overfull \hbox (2.2222pt too wide) in paragraph at lines 428--440
[]$[]$ $[]$ 
 []

<../Figures/1_7_c.png, id=152, 145.7445pt x 80.09924pt>
File: ../Figures/1_7_c.png Graphic file (type png)
<use ../Figures/1_7_c.png>
Package pdftex.def Info: ../Figures/1_7_c.png  used on input line 446.
(pdftex.def)             Requested size: 145.74414pt x 80.09903pt.
<../Figures/1_7_d.png, id=153, 145.7445pt x 81.906pt>
File: ../Figures/1_7_d.png Graphic file (type png)
<use ../Figures/1_7_d.png>
Package pdftex.def Info: ../Figures/1_7_d.png  used on input line 452.
(pdftex.def)             Requested size: 145.74414pt x 81.90579pt.
<../Figures/1_7_e.png, id=154, 144.54pt x 80.09924pt>
File: ../Figures/1_7_e.png Graphic file (type png)
<use ../Figures/1_7_e.png>
Package pdftex.def Info: ../Figures/1_7_e.png  used on input line 458.
(pdftex.def)             Requested size: 144.53963pt x 80.09903pt.
<../Figures/1_7_f.png, id=155, 144.54pt x 81.30376pt>
File: ../Figures/1_7_f.png Graphic file (type png)
<use ../Figures/1_7_f.png>
Package pdftex.def Info: ../Figures/1_7_f.png  used on input line 464.
(pdftex.def)             Requested size: 144.53963pt x 81.30354pt.
<../Figures/1_7_g.png, id=156, 145.14224pt x 79.497pt>
File: ../Figures/1_7_g.png Graphic file (type png)
<use ../Figures/1_7_g.png>
Package pdftex.def Info: ../Figures/1_7_g.png  used on input line 470.
(pdftex.def)             Requested size: 145.14188pt x 79.4968pt.
<../Figures/1_7_h.png, id=157, 145.7445pt x 80.09924pt>
File: ../Figures/1_7_h.png Graphic file (type png)
<use ../Figures/1_7_h.png>
Package pdftex.def Info: ../Figures/1_7_h.png  used on input line 476.
(pdftex.def)             Requested size: 145.74414pt x 80.09903pt.
<../Figures/1_7_i.png, id=158, 145.14224pt x 80.09924pt>
File: ../Figures/1_7_i.png Graphic file (type png)
<use ../Figures/1_7_i.png>
Package pdftex.def Info: ../Figures/1_7_i.png  used on input line 482.
(pdftex.def)             Requested size: 145.14188pt x 80.09903pt.
<../Figures/1_7_j.png, id=159, 145.14224pt x 79.497pt>
File: ../Figures/1_7_j.png Graphic file (type png)
<use ../Figures/1_7_j.png>
Package pdftex.def Info: ../Figures/1_7_j.png  used on input line 488.
(pdftex.def)             Requested size: 145.14188pt x 79.4968pt.
<../Figures/1_7_k.png, id=160, 143.3355pt x 81.30376pt>
File: ../Figures/1_7_k.png Graphic file (type png)
<use ../Figures/1_7_k.png>
Package pdftex.def Info: ../Figures/1_7_k.png  used on input line 495.
(pdftex.def)             Requested size: 143.33513pt x 81.30354pt.

Overfull \hbox (2.2222pt too wide) in paragraph at lines 444--500
[]$[]$ $[]$
 []


Overfull \hbox (2.2222pt too wide) in paragraph at lines 444--500
[]$ $[]$
 []


Overfull \hbox (2.2222pt too wide) in paragraph at lines 444--500
[]$ $[]$
 []


Overfull \hbox (2.2222pt too wide) in paragraph at lines 444--500
[]$ $[]$
 []

[20 <../Figures/1_6_k.png> <../Figures/1_6_l.png> <../Figures/1_7_a.png> <../Figures/1_7_b.png>]
<../Figures/1_8_a.png, id=168, 144.54pt x 80.09924pt>
File: ../Figures/1_8_a.png Graphic file (type png)
<use ../Figures/1_8_a.png>
Package pdftex.def Info: ../Figures/1_8_a.png  used on input line 506.
(pdftex.def)             Requested size: 144.53963pt x 80.09903pt.
<../Figures/1_8_b.png, id=169, 145.14224pt x 79.497pt>
File: ../Figures/1_8_b.png Graphic file (type png)
<use ../Figures/1_8_b.png>
Package pdftex.def Info: ../Figures/1_8_b.png  used on input line 512.
(pdftex.def)             Requested size: 145.14188pt x 79.4968pt.
<../Figures/1_8_c.png, id=170, 145.14224pt x 79.497pt>
File: ../Figures/1_8_c.png Graphic file (type png)
<use ../Figures/1_8_c.png>
Package pdftex.def Info: ../Figures/1_8_c.png  used on input line 518.
(pdftex.def)             Requested size: 145.14188pt x 79.4968pt.
<../Figures/1_8_d.png, id=171, 145.14224pt x 79.497pt>
File: ../Figures/1_8_d.png Graphic file (type png)
<use ../Figures/1_8_d.png>
Package pdftex.def Info: ../Figures/1_8_d.png  used on input line 524.
(pdftex.def)             Requested size: 145.14188pt x 79.4968pt.

Overfull \hbox (2.2222pt too wide) in paragraph at lines 504--528
[]$[]$ $[]$
 []


Overfull \hbox (2.2222pt too wide) in paragraph at lines 504--528
[]$ $[]$ 
 []

[21 <../Figures/1_7_c.png> <../Figures/1_7_d.png> <../Figures/1_7_e.png> <../Figures/1_7_f.png> <../Figures/1_7_g.png> <../Figures/1_7_h.png> <../Figures/1_7_i.png> <../Figures/1_7_j.png> <../Figures/1_7_k.png>]
File: ../Figures/1_8_a.png Graphic file (type png)
<use ../Figures/1_8_a.png>
Package pdftex.def Info: ../Figures/1_8_a.png  used on input line 535.
(pdftex.def)             Requested size: 144.53963pt x 80.09903pt.
<../Figures/1_8_e.png, id=185, 145.14224pt x 80.09924pt>
File: ../Figures/1_8_e.png Graphic file (type png)
<use ../Figures/1_8_e.png>
Package pdftex.def Info: ../Figures/1_8_e.png  used on input line 541.
(pdftex.def)             Requested size: 145.14188pt x 80.09903pt.
File: ../Figures/1_8_d.png Graphic file (type png)
<use ../Figures/1_8_d.png>
Package pdftex.def Info: ../Figures/1_8_d.png  used on input line 548.
(pdftex.def)             Requested size: 145.14188pt x 79.4968pt.

Overfull \hbox (2.2222pt too wide) in paragraph at lines 533--553
[]$[]$ $[]$
 []

[22 <../Figures/1_8_a.png> <../Figures/1_8_b.png> <../Figures/1_8_c.png> <../Figures/1_8_d.png> <../Figures/1_8_e.png>] [23] ("p:/Embedded System Lab\Lab 1\Report\main.aux")
Package logreq Info: Writing requests to 'main.run.xml'.
\openout1 = `main.run.xml'.

 ) 
Here is how much of TeX's memory you used:
 17050 strings out of 480790
 298235 string characters out of 2906132
 1319634 words of memory out of 3000000
 32738 multiletter control sequences out of 15000+200000
 542779 words of font info for 64 fonts, out of 3000000 for 9000
 1141 hyphenation exceptions out of 8191
 57i,12n,75p,920b,2085s stack positions out of 5000i,500n,10000p,200000b,50000s
 <C:\Users\hp\AppData\Local\MiKTeX\fonts/pk/ljfour/jknappen/ec/dpi600\tcrm1000.pk><D:/LaTeX installed/MikTex/fonts/type1/public/amsfonts/cm/cmbx10.pfb><D:/LaTeX installed/MikTex/fonts/type1/public/amsfonts/cm/cmbx12.pfb><D:/LaTeX installed/MikTex/fonts/type1/public/amsfonts/cm/cmcsc10.pfb><D:/LaTeX installed/MikTex/fonts/type1/public/amsfonts/cm/cmmi10.pfb><D:/LaTeX installed/MikTex/fonts/type1/public/amsfonts/cm/cmr10.pfb><D:/LaTeX installed/MikTex/fonts/type1/public/amsfonts/cm/cmr5.pfb><D:/LaTeX installed/MikTex/fonts/type1/public/amsfonts/cm/cmr9.pfb><D:/LaTeX installed/MikTex/fonts/type1/public/amsfonts/cm/cmti10.pfb><D:/LaTeX installed/MikTex/fonts/type1/public/amsfonts/cm/cmti12.pfb><D:/LaTeX installed/MikTex/fonts/type1/public/amsfonts/cm/cmtt10.pfb><D:/LaTeX installed/MikTex/fonts/type1/public/amsfonts/cm/cmtt8.pfb>
Output written on "p:/Embedded System Lab\Lab 1\Report\main.pdf" (27 pages, 601498 bytes).
PDF statistics:
 239 PDF objects out of 1000 (max. 8388607)
 0 named destinations out of 1000 (max. 500000)
 231 words of extra memory for PDF output out of 10000 (max. 10000000)

