Command line:
   bit2dec_tb_isim_beh.exe
     -simmode  gui
     -simrunnum  0
     -socket  53190

Thu Dec 03 14:23:42 2020


 Elaboration Time: 0.015625 sec

 Current Memory Usage: 5155.71 Meg

 Total Signals          : 70
 Total Nets             : 36
 Total Signal Drivers   : 22
 Total Blocks           : 14
 Total Primitive Blocks : 12
 Total Processes        : 14
 Total Traceable Variables  : 15
 Total Scalar Nets and Variables : 537
Total Line Count : 57

 Total Simulation Time: 6.01563 sec

 Current Memory Usage: 4998.43 Meg

Thu Dec 03 14:28:37 2020

