C51 COMPILER V9.60.0.0   LAB_1_E                                                           10/07/2020 13:06:57 PAGE 1   


C51 COMPILER V9.60.0.0, COMPILATION OF MODULE LAB_1_E
OBJECT MODULE PLACED IN .\Objects\lab_1_e.obj
COMPILER INVOKED BY: C:\Keil_v5\C51\BIN\C51.EXE ..\..\Codes\C\lab_1_e.c OPTIMIZE(8,SPEED) BROWSE DEBUG OBJECTEXTEND PRIN
                    -T(.\Listings\lab_1_e.lst) TABS(2) OBJECT(.\Objects\lab_1_e.obj)

line level    source

   1          #include <reg51.h>
   2          unsigned char data d[10] _at_ 0x50;
   3          
   4          void delay(int time)
   5          {
   6   1        unsigned int i,j;
   7   1        for (i=0;i<time;i++)
   8   1          for (j=0;j<125;j++);
   9   1      }
  10          
  11          void main(void)
  12          {
  13   1        unsigned char smallest, largest;
  14   1        unsigned char i;
  15   1      
  16   1        d[0] = 0xd6; d[1] = 0xf2; d[2] = 0xe4;
  17   1        d[3] = 0xa8; d[4] = 0xce; d[5] = 0xb9;
  18   1        d[6] = 0xfa; d[7] = 0xae; d[8] = 0xba;
  19   1        d[9] = 0xcc;
  20   1      
  21   1        smallest = largest = d[0];
  22   1        for(i=1;i<10;i++)
  23   1        {
  24   2          if(d[i] < smallest)
  25   2            smallest = d[i];
  26   2          if(d[i] > largest)
  27   2            largest = d[i];
  28   2        }
  29   1      
  30   1        while(1)
  31   1        {
  32   2          P0 = smallest;
  33   2          delay(1000);
  34   2          P0 = largest;
  35   2          delay(1000);
  36   2        }
  37   1      }


MODULE INFORMATION:   STATIC OVERLAYABLE
   CODE SIZE        =    120    ----
   CONSTANT SIZE    =   ----    ----
   XDATA SIZE       =   ----    ----
   PDATA SIZE       =   ----    ----
   DATA SIZE        =   ----       1
   IDATA SIZE       =   ----    ----
   BIT SIZE         =   ----    ----
END OF MODULE INFORMATION.


C51 COMPILATION COMPLETE.  0 WARNING(S),  0 ERROR(S)
