This is pdfTeX, Version 3.14159265-2.6-1.40.21 (MiKTeX 20.6.29) (preloaded format=pdflatex 2020.9.26)  4 OCT 2020 12:08
entering extended mode
**./main.tex
(main.tex
LaTeX2e <2020-02-02> patch level 5
L3 programming layer <2020-06-18>
("D:\LaTeX installed\MikTex\tex/latex/assignmentDecorator\home_assignment.cls"
("D:\LaTeX installed\MikTex\tex/latex/base\article.cls"
Document Class: article 2019/12/20 v1.4l Standard LaTeX document class
("D:\LaTeX installed\MikTex\tex/latex/base\size10.clo"
File: size10.clo 2019/12/20 v1.4l Standard LaTeX file (size option)
)
\c@part=\count167
\c@section=\count168
\c@subsection=\count169
\c@subsubsection=\count170
\c@paragraph=\count171
\c@subparagraph=\count172
\c@figure=\count173
\c@table=\count174
\abovecaptionskip=\skip47
\belowcaptionskip=\skip48
\bibindent=\dimen134
)
Document Class: home_assignment 2020/09/26 My custom Assignment class
("D:\LaTeX installed\MikTex\tex/latex/jknappen\mathrsfs.sty"
Package: mathrsfs 1996/01/01 Math RSFS package v1.0 (jk)
\symrsfs=\mathgroup4
)
("D:\LaTeX installed\MikTex\tex/latex/fancyhdr\fancyhdr.sty"
Package: fancyhdr 2019/01/31 v3.10 Extensive control of page headers and footer
s
\f@nch@headwidth=\skip49
\f@nch@O@elh=\skip50
\f@nch@O@erh=\skip51
\f@nch@O@olh=\skip52
\f@nch@O@orh=\skip53
\f@nch@O@elf=\skip54
\f@nch@O@erf=\skip55
\f@nch@O@olf=\skip56
\f@nch@O@orf=\skip57
)
("D:\LaTeX installed\MikTex\tex/latex/fancyhdr\extramarks.sty"
Package: extramarks 2019/01/31 v3.10 Extra marks for LaTeX
\@temptokenb=\toks15
)
("D:\LaTeX installed\MikTex\tex/latex/koma-script\scrextend.sty"
Package: scrextend 2020/07/22 v3.31 KOMA-Script package (extend other classes w
ith features of KOMA-Script classes)

("D:\LaTeX installed\MikTex\tex/latex/koma-script\scrkbase.sty"
Package: scrkbase 2020/07/22 v3.31 KOMA-Script package (KOMA-Script-dependent b
asics and keyval usage)

("D:\LaTeX installed\MikTex\tex/latex/koma-script\scrbase.sty"
Package: scrbase 2020/07/22 v3.31 KOMA-Script package (KOMA-Script-independent 
basics and keyval usage)

("D:\LaTeX installed\MikTex\tex/latex/graphics\keyval.sty"
Package: keyval 2014/10/28 v1.15 key=value parser (DPC)
\KV@toks@=\toks16
)
("D:\LaTeX installed\MikTex\tex/latex/koma-script\scrlfile.sty"
Package: scrlfile 2020/07/22 v3.31 KOMA-Script package (loading files)
))))
("D:\LaTeX installed\MikTex\tex/latex/float\float.sty"
Package: float 2001/11/08 v1.3d Float enhancements (AL)
\c@float@type=\count175
\float@exts=\toks17
\float@box=\box45
\@float@everytoks=\toks18
\@floatcapt=\box46
)
("D:\LaTeX installed\MikTex\tex/latex/amsmath\amsmath.sty"
Package: amsmath 2020/01/20 v2.17e AMS math features
\@mathmargin=\skip58

For additional information on amsmath, use the `?' option.
("D:\LaTeX installed\MikTex\tex/latex/amsmath\amstext.sty"
Package: amstext 2000/06/29 v2.01 AMS text

("D:\LaTeX installed\MikTex\tex/latex/amsmath\amsgen.sty"
File: amsgen.sty 1999/11/30 v2.0 generic functions
\@emptytoks=\toks19
\ex@=\dimen135
))
("D:\LaTeX installed\MikTex\tex/latex/amsmath\amsbsy.sty"
Package: amsbsy 1999/11/29 v1.2d Bold Symbols
\pmbraise@=\dimen136
)
("D:\LaTeX installed\MikTex\tex/latex/amsmath\amsopn.sty"
Package: amsopn 2016/03/08 v2.02 operator names
)
\inf@bad=\count176
LaTeX Info: Redefining \frac on input line 227.
\uproot@=\count177
\leftroot@=\count178
LaTeX Info: Redefining \overline on input line 389.
\classnum@=\count179
\DOTSCASE@=\count180
LaTeX Info: Redefining \ldots on input line 486.
LaTeX Info: Redefining \dots on input line 489.
LaTeX Info: Redefining \cdots on input line 610.
\Mathstrutbox@=\box47
\strutbox@=\box48
\big@size=\dimen137
LaTeX Font Info:    Redeclaring font encoding OML on input line 733.
LaTeX Font Info:    Redeclaring font encoding OMS on input line 734.
\macc@depth=\count181
\c@MaxMatrixCols=\count182
\dotsspace@=\muskip16
\c@parentequation=\count183
\dspbrk@lvl=\count184
\tag@help=\toks20
\row@=\count185
\column@=\count186
\maxfields@=\count187
\andhelp@=\toks21
\eqnshift@=\dimen138
\alignsep@=\dimen139
\tagshift@=\dimen140
\tagwidth@=\dimen141
\totwidth@=\dimen142
\lineht@=\dimen143
\@envbody=\toks22
\multlinegap=\skip59
\multlinetaggap=\skip60
\mathdisplay@stack=\toks23
LaTeX Info: Redefining \[ on input line 2859.
LaTeX Info: Redefining \] on input line 2860.
)
("D:\LaTeX installed\MikTex\tex/latex/amsfonts\amssymb.sty"
Package: amssymb 2013/01/14 v3.01 AMS font symbols

("D:\LaTeX installed\MikTex\tex/latex/amsfonts\amsfonts.sty"
Package: amsfonts 2013/01/14 v3.01 Basic AMSFonts support
\symAMSa=\mathgroup5
\symAMSb=\mathgroup6
LaTeX Font Info:    Redeclaring math symbol \hbar on input line 98.
LaTeX Font Info:    Overwriting math alphabet `\mathfrak' in version `bold'
(Font)                  U/euf/m/n --> U/euf/b/n on input line 106.
))
("D:\LaTeX installed\MikTex\tex/latex/graphics\graphicx.sty"
Package: graphicx 2019/11/30 v1.2a Enhanced LaTeX Graphics (DPC,SPQR)

("D:\LaTeX installed\MikTex\tex/latex/graphics\graphics.sty"
Package: graphics 2019/11/30 v1.4a Standard LaTeX Graphics (DPC,SPQR)

("D:\LaTeX installed\MikTex\tex/latex/graphics\trig.sty"
Package: trig 2016/01/03 v1.10 sin cos tan (DPC)
)
("D:\LaTeX installed\MikTex\tex/latex/graphics-cfg\graphics.cfg"
File: graphics.cfg 2016/06/04 v1.11 sample graphics configuration
)
Package graphics Info: Driver file: pdftex.def on input line 105.

("D:\LaTeX installed\MikTex\tex/latex/graphics-def\pdftex.def"
File: pdftex.def 2018/01/08 v1.0l Graphics/color driver for pdftex
))
\Gin@req@height=\dimen144
\Gin@req@width=\dimen145
)
("D:\LaTeX installed\MikTex\tex/latex/tools\array.sty"
Package: array 2019/08/31 v2.4l Tabular extension package (FMi)
\col@sep=\dimen146
\ar@mcellbox=\box49
\extrarowheight=\dimen147
\NC@list=\toks24
\extratabsurround=\skip61
\backup@length=\skip62
\ar@cellbox=\box50
)
\c@homeworkProblemCounter=\count188
)
("D:\LaTeX installed\MikTex\tex/latex/enumitem\enumitem.sty"
Package: enumitem 2019/06/20 v3.9 Customized lists
\labelindent=\skip63
\enit@outerparindent=\dimen148
\enit@toks=\toks25
\enit@inbox=\box51
\enit@count@id=\count189
\enitdp@description=\count190
)
("D:\LaTeX installed\MikTex\tex/latex/amscls\amsthm.sty"
Package: amsthm 2020/05/29 v2.20.6
\thm@style=\toks26
\thm@bodyfont=\toks27
\thm@headfont=\toks28
\thm@notefont=\toks29
\thm@headpunct=\toks30
\thm@preskip=\skip64
\thm@postskip=\skip65
\thm@headsep=\skip66
\dth@everypar=\toks31
)
("D:\LaTeX installed\MikTex\tex/latex/pgf/frontendlayer\tikz.sty"
("D:\LaTeX installed\MikTex\tex/latex/pgf/basiclayer\pgf.sty"
("D:\LaTeX installed\MikTex\tex/latex/pgf/utilities\pgfrcs.sty"
("D:\LaTeX installed\MikTex\tex/generic/pgf/utilities\pgfutil-common.tex"
\pgfutil@everybye=\toks32
\pgfutil@tempdima=\dimen149
\pgfutil@tempdimb=\dimen150

("D:\LaTeX installed\MikTex\tex/generic/pgf/utilities\pgfutil-common-lists.tex"
)) ("D:\LaTeX installed\MikTex\tex/generic/pgf/utilities\pgfutil-latex.def"
\pgfutil@abb=\box52

("D:\LaTeX installed\MikTex\tex/latex/ms\everyshi.sty"
Package: everyshi 2001/05/15 v3.00 EveryShipout Package (MS)
))
("D:\LaTeX installed\MikTex\tex/generic/pgf/utilities\pgfrcs.code.tex"
("D:\LaTeX installed\MikTex\tex/generic/pgf\pgf.revision.tex")
Package: pgfrcs 2020/01/08 v3.1.5b (3.1.5b)
))
Package: pgf 2020/01/08 v3.1.5b (3.1.5b)

("D:\LaTeX installed\MikTex\tex/latex/pgf/basiclayer\pgfcore.sty"
("D:\LaTeX installed\MikTex\tex/latex/pgf/systemlayer\pgfsys.sty"
("D:\LaTeX installed\MikTex\tex/generic/pgf/systemlayer\pgfsys.code.tex"
Package: pgfsys 2020/01/08 v3.1.5b (3.1.5b)

("D:\LaTeX installed\MikTex\tex/generic/pgf/utilities\pgfkeys.code.tex"
\pgfkeys@pathtoks=\toks33
\pgfkeys@temptoks=\toks34

("D:\LaTeX installed\MikTex\tex/generic/pgf/utilities\pgfkeysfiltered.code.tex"
\pgfkeys@tmptoks=\toks35
))
\pgf@x=\dimen151
\pgf@y=\dimen152
\pgf@xa=\dimen153
\pgf@ya=\dimen154
\pgf@xb=\dimen155
\pgf@yb=\dimen156
\pgf@xc=\dimen157
\pgf@yc=\dimen158
\pgf@xd=\dimen159
\pgf@yd=\dimen160
\w@pgf@writea=\write3
\r@pgf@reada=\read2
\c@pgf@counta=\count191
\c@pgf@countb=\count192
\c@pgf@countc=\count193
\c@pgf@countd=\count194
\t@pgf@toka=\toks36
\t@pgf@tokb=\toks37
\t@pgf@tokc=\toks38
\pgf@sys@id@count=\count195
 ("D:\LaTeX installed\MikTex\tex/generic/pgf/systemlayer\pgf.cfg"
File: pgf.cfg 2020/01/08 v3.1.5b (3.1.5b)
)
Driver file for pgf: pgfsys-pdftex.def

("D:\LaTeX installed\MikTex\tex/generic/pgf/systemlayer\pgfsys-pdftex.def"
File: pgfsys-pdftex.def 2020/01/08 v3.1.5b (3.1.5b)

("D:\LaTeX installed\MikTex\tex/generic/pgf/systemlayer\pgfsys-common-pdf.def"
File: pgfsys-common-pdf.def 2020/01/08 v3.1.5b (3.1.5b)
)))
("D:\LaTeX installed\MikTex\tex/generic/pgf/systemlayer\pgfsyssoftpath.code.tex
"
File: pgfsyssoftpath.code.tex 2020/01/08 v3.1.5b (3.1.5b)
\pgfsyssoftpath@smallbuffer@items=\count196
\pgfsyssoftpath@bigbuffer@items=\count197
)
("D:\LaTeX installed\MikTex\tex/generic/pgf/systemlayer\pgfsysprotocol.code.tex
"
File: pgfsysprotocol.code.tex 2020/01/08 v3.1.5b (3.1.5b)
)) ("D:\LaTeX installed\MikTex\tex/latex/xcolor\xcolor.sty"
Package: xcolor 2016/05/11 v2.12 LaTeX color extensions (UK)

("D:\LaTeX installed\MikTex\tex/latex/graphics-cfg\color.cfg"
File: color.cfg 2016/01/02 v1.6 sample color configuration
)
Package xcolor Info: Driver file: pdftex.def on input line 225.
Package xcolor Info: Model `cmy' substituted by `cmy0' on input line 1348.
Package xcolor Info: Model `hsb' substituted by `rgb' on input line 1352.
Package xcolor Info: Model `RGB' extended on input line 1364.
Package xcolor Info: Model `HTML' substituted by `rgb' on input line 1366.
Package xcolor Info: Model `Hsb' substituted by `hsb' on input line 1367.
Package xcolor Info: Model `tHsb' substituted by `hsb' on input line 1368.
Package xcolor Info: Model `HSB' substituted by `hsb' on input line 1369.
Package xcolor Info: Model `Gray' substituted by `gray' on input line 1370.
Package xcolor Info: Model `wave' substituted by `hsb' on input line 1371.
)
("D:\LaTeX installed\MikTex\tex/generic/pgf/basiclayer\pgfcore.code.tex"
Package: pgfcore 2020/01/08 v3.1.5b (3.1.5b)

("D:\LaTeX installed\MikTex\tex/generic/pgf/math\pgfmath.code.tex"
("D:\LaTeX installed\MikTex\tex/generic/pgf/math\pgfmathcalc.code.tex"
("D:\LaTeX installed\MikTex\tex/generic/pgf/math\pgfmathutil.code.tex")
("D:\LaTeX installed\MikTex\tex/generic/pgf/math\pgfmathparser.code.tex"
\pgfmath@dimen=\dimen161
\pgfmath@count=\count198
\pgfmath@box=\box53
\pgfmath@toks=\toks39
\pgfmath@stack@operand=\toks40
\pgfmath@stack@operation=\toks41
)
("D:\LaTeX installed\MikTex\tex/generic/pgf/math\pgfmathfunctions.code.tex"
("D:\LaTeX installed\MikTex\tex/generic/pgf/math\pgfmathfunctions.basic.code.te
x")
("D:\LaTeX installed\MikTex\tex/generic/pgf/math\pgfmathfunctions.trigonometric
.code.tex")
("D:\LaTeX installed\MikTex\tex/generic/pgf/math\pgfmathfunctions.random.code.t
ex")
("D:\LaTeX installed\MikTex\tex/generic/pgf/math\pgfmathfunctions.comparison.co
de.tex")
("D:\LaTeX installed\MikTex\tex/generic/pgf/math\pgfmathfunctions.base.code.tex
")
("D:\LaTeX installed\MikTex\tex/generic/pgf/math\pgfmathfunctions.round.code.te
x")
("D:\LaTeX installed\MikTex\tex/generic/pgf/math\pgfmathfunctions.misc.code.tex
")
("D:\LaTeX installed\MikTex\tex/generic/pgf/math\pgfmathfunctions.integerarithm
etics.code.tex")))
("D:\LaTeX installed\MikTex\tex/generic/pgf/math\pgfmathfloat.code.tex"
\c@pgfmathroundto@lastzeros=\count199
))
("D:\LaTeX installed\MikTex\tex/generic/pgf/math\pgfint.code.tex")
("D:\LaTeX installed\MikTex\tex/generic/pgf/basiclayer\pgfcorepoints.code.tex"
File: pgfcorepoints.code.tex 2020/01/08 v3.1.5b (3.1.5b)
\pgf@picminx=\dimen162
\pgf@picmaxx=\dimen163
\pgf@picminy=\dimen164
\pgf@picmaxy=\dimen165
\pgf@pathminx=\dimen166
\pgf@pathmaxx=\dimen167
\pgf@pathminy=\dimen168
\pgf@pathmaxy=\dimen169
\pgf@xx=\dimen170
\pgf@xy=\dimen171
\pgf@yx=\dimen172
\pgf@yy=\dimen173
\pgf@zx=\dimen174
\pgf@zy=\dimen175
)
("D:\LaTeX installed\MikTex\tex/generic/pgf/basiclayer\pgfcorepathconstruct.cod
e.tex"
File: pgfcorepathconstruct.code.tex 2020/01/08 v3.1.5b (3.1.5b)
\pgf@path@lastx=\dimen176
\pgf@path@lasty=\dimen177
)
("D:\LaTeX installed\MikTex\tex/generic/pgf/basiclayer\pgfcorepathusage.code.te
x"
File: pgfcorepathusage.code.tex 2020/01/08 v3.1.5b (3.1.5b)
\pgf@shorten@end@additional=\dimen178
\pgf@shorten@start@additional=\dimen179
)
("D:\LaTeX installed\MikTex\tex/generic/pgf/basiclayer\pgfcorescopes.code.tex"
File: pgfcorescopes.code.tex 2020/01/08 v3.1.5b (3.1.5b)
\pgfpic=\box54
\pgf@hbox=\box55
\pgf@layerbox@main=\box56
\pgf@picture@serial@count=\count266
)
("D:\LaTeX installed\MikTex\tex/generic/pgf/basiclayer\pgfcoregraphicstate.code
.tex"
File: pgfcoregraphicstate.code.tex 2020/01/08 v3.1.5b (3.1.5b)
\pgflinewidth=\dimen180
)
("D:\LaTeX installed\MikTex\tex/generic/pgf/basiclayer\pgfcoretransformations.c
ode.tex"
File: pgfcoretransformations.code.tex 2020/01/08 v3.1.5b (3.1.5b)
\pgf@pt@x=\dimen181
\pgf@pt@y=\dimen182
\pgf@pt@temp=\dimen183
)
("D:\LaTeX installed\MikTex\tex/generic/pgf/basiclayer\pgfcorequick.code.tex"
File: pgfcorequick.code.tex 2020/01/08 v3.1.5b (3.1.5b)
)
("D:\LaTeX installed\MikTex\tex/generic/pgf/basiclayer\pgfcoreobjects.code.tex"
File: pgfcoreobjects.code.tex 2020/01/08 v3.1.5b (3.1.5b)
)
("D:\LaTeX installed\MikTex\tex/generic/pgf/basiclayer\pgfcorepathprocessing.co
de.tex"
File: pgfcorepathprocessing.code.tex 2020/01/08 v3.1.5b (3.1.5b)
)
("D:\LaTeX installed\MikTex\tex/generic/pgf/basiclayer\pgfcorearrows.code.tex"
File: pgfcorearrows.code.tex 2020/01/08 v3.1.5b (3.1.5b)
\pgfarrowsep=\dimen184
) ("D:\LaTeX installed\MikTex\tex/generic/pgf/basiclayer\pgfcoreshade.code.tex"
File: pgfcoreshade.code.tex 2020/01/08 v3.1.5b (3.1.5b)
\pgf@max=\dimen185
\pgf@sys@shading@range@num=\count267
\pgf@shadingcount=\count268
) ("D:\LaTeX installed\MikTex\tex/generic/pgf/basiclayer\pgfcoreimage.code.tex"
File: pgfcoreimage.code.tex 2020/01/08 v3.1.5b (3.1.5b)

("D:\LaTeX installed\MikTex\tex/generic/pgf/basiclayer\pgfcoreexternal.code.tex
"
File: pgfcoreexternal.code.tex 2020/01/08 v3.1.5b (3.1.5b)
\pgfexternal@startupbox=\box57
))
("D:\LaTeX installed\MikTex\tex/generic/pgf/basiclayer\pgfcorelayers.code.tex"
File: pgfcorelayers.code.tex 2020/01/08 v3.1.5b (3.1.5b)
)
("D:\LaTeX installed\MikTex\tex/generic/pgf/basiclayer\pgfcoretransparency.code
.tex"
File: pgfcoretransparency.code.tex 2020/01/08 v3.1.5b (3.1.5b)
)
("D:\LaTeX installed\MikTex\tex/generic/pgf/basiclayer\pgfcorepatterns.code.tex
"
File: pgfcorepatterns.code.tex 2020/01/08 v3.1.5b (3.1.5b)
) ("D:\LaTeX installed\MikTex\tex/generic/pgf/basiclayer\pgfcorerdf.code.tex"
File: pgfcorerdf.code.tex 2020/01/08 v3.1.5b (3.1.5b)
))) ("D:\LaTeX installed\MikTex\tex/generic/pgf/modules\pgfmoduleshapes.code.te
x"
File: pgfmoduleshapes.code.tex 2020/01/08 v3.1.5b (3.1.5b)
\pgfnodeparttextbox=\box58
) ("D:\LaTeX installed\MikTex\tex/generic/pgf/modules\pgfmoduleplot.code.tex"
File: pgfmoduleplot.code.tex 2020/01/08 v3.1.5b (3.1.5b)
)
("D:\LaTeX installed\MikTex\tex/latex/pgf/compatibility\pgfcomp-version-0-65.st
y"
Package: pgfcomp-version-0-65 2020/01/08 v3.1.5b (3.1.5b)
\pgf@nodesepstart=\dimen186
\pgf@nodesepend=\dimen187
)
("D:\LaTeX installed\MikTex\tex/latex/pgf/compatibility\pgfcomp-version-1-18.st
y"
Package: pgfcomp-version-1-18 2020/01/08 v3.1.5b (3.1.5b)
)) ("D:\LaTeX installed\MikTex\tex/latex/pgf/utilities\pgffor.sty"
("D:\LaTeX installed\MikTex\tex/latex/pgf/utilities\pgfkeys.sty"
("D:\LaTeX installed\MikTex\tex/generic/pgf/utilities\pgfkeys.code.tex"))
("D:\LaTeX installed\MikTex\tex/latex/pgf/math\pgfmath.sty"
("D:\LaTeX installed\MikTex\tex/generic/pgf/math\pgfmath.code.tex"))
("D:\LaTeX installed\MikTex\tex/generic/pgf/utilities\pgffor.code.tex"
Package: pgffor 2020/01/08 v3.1.5b (3.1.5b)

("D:\LaTeX installed\MikTex\tex/generic/pgf/math\pgfmath.code.tex")
\pgffor@iter=\dimen188
\pgffor@skip=\dimen189
\pgffor@stack=\toks42
\pgffor@toks=\toks43
))
("D:\LaTeX installed\MikTex\tex/generic/pgf/frontendlayer/tikz\tikz.code.tex"
Package: tikz 2020/01/08 v3.1.5b (3.1.5b)

("D:\LaTeX installed\MikTex\tex/generic/pgf/libraries\pgflibraryplothandlers.co
de.tex"
File: pgflibraryplothandlers.code.tex 2020/01/08 v3.1.5b (3.1.5b)
\pgf@plot@mark@count=\count269
\pgfplotmarksize=\dimen190
)
\tikz@lastx=\dimen191
\tikz@lasty=\dimen192
\tikz@lastxsaved=\dimen193
\tikz@lastysaved=\dimen194
\tikz@lastmovetox=\dimen195
\tikz@lastmovetoy=\dimen196
\tikzleveldistance=\dimen197
\tikzsiblingdistance=\dimen198
\tikz@figbox=\box59
\tikz@figbox@bg=\box60
\tikz@tempbox=\box61
\tikz@tempbox@bg=\box62
\tikztreelevel=\count270
\tikznumberofchildren=\count271
\tikznumberofcurrentchild=\count272
\tikz@fig@count=\count273

("D:\LaTeX installed\MikTex\tex/generic/pgf/modules\pgfmodulematrix.code.tex"
File: pgfmodulematrix.code.tex 2020/01/08 v3.1.5b (3.1.5b)
\pgfmatrixcurrentrow=\count274
\pgfmatrixcurrentcolumn=\count275
\pgf@matrix@numberofcolumns=\count276
)
\tikz@expandcount=\count277

("D:\LaTeX installed\MikTex\tex/generic/pgf/frontendlayer/tikz/libraries\tikzli
brarytopaths.code.tex"
File: tikzlibrarytopaths.code.tex 2020/01/08 v3.1.5b (3.1.5b)
)))
("D:\LaTeX installed\MikTex\tex/latex/pgfplots\pgfplots.sty"
("D:\LaTeX installed\MikTex\tex/generic/pgfplots\pgfplots.revision.tex")
Package: pgfplots 2020/02/29 v1.17 Data Visualization (1.17)

("D:\LaTeX installed\MikTex\tex/generic/pgfplots\pgfplots.code.tex"
("D:\LaTeX installed\MikTex\tex/generic/pgfplots\pgfplotscore.code.tex"
\t@pgfplots@toka=\toks44
\t@pgfplots@tokb=\toks45
\t@pgfplots@tokc=\toks46
\pgfplots@tmpa=\dimen199
\c@pgfplots@coordindex=\count278
\c@pgfplots@scanlineindex=\count279

("D:\LaTeX installed\MikTex\tex/generic/pgfplots/sys\pgfplotssysgeneric.code.te
x"))
("D:\LaTeX installed\MikTex\tex/generic/pgfplots/libs\pgfplotslibrary.code.tex"
)
("D:\LaTeX installed\MikTex\tex/generic/pgfplots/oldpgfcompatib\pgfplotsoldpgfs
upp_loader.code.tex"
("D:\LaTeX installed\MikTex\tex/generic/pgf/libraries\pgflibraryfpu.code.tex"))
("D:\LaTeX installed\MikTex\tex/generic/pgfplots/util\pgfplotsutil.code.tex"
("D:\LaTeX installed\MikTex\tex/generic/pgfplots/liststructure\pgfplotsliststru
cture.code.tex")
("D:\LaTeX installed\MikTex\tex/generic/pgfplots/liststructure\pgfplotsliststru
ctureext.code.tex")
("D:\LaTeX installed\MikTex\tex/generic/pgfplots/liststructure\pgfplotsarray.co
de.tex"
\c@pgfplotsarray@tmp=\count280
)
("D:\LaTeX installed\MikTex\tex/generic/pgfplots/liststructure\pgfplotsmatrix.c
ode.tex")
("D:\LaTeX installed\MikTex\tex/generic/pgfplots/numtable\pgfplotstableshared.c
ode.tex"
\c@pgfplotstable@counta=\count281
\t@pgfplotstable@a=\toks47
)
("D:\LaTeX installed\MikTex\tex/generic/pgfplots/liststructure\pgfplotsdeque.co
de.tex")
("D:\LaTeX installed\MikTex\tex/generic/pgfplots/util\pgfplotsbinary.code.tex"
("D:\LaTeX installed\MikTex\tex/generic/pgfplots/util\pgfplotsbinary.data.code.
tex"))
("D:\LaTeX installed\MikTex\tex/generic/pgfplots/util\pgfplotsutil.verb.code.te
x")
("D:\LaTeX installed\MikTex\tex/generic/pgfplots/libs\pgflibrarypgfplots.surfsh
ading.code.tex"
\c@pgfplotslibrarysurf@no=\count282

("D:\LaTeX installed\MikTex\tex/generic/pgfplots/sys\pgflibrarypgfplots.surfsha
ding.pgfsys-pdftex.def")))
("D:\LaTeX installed\MikTex\tex/generic/pgfplots/util\pgfplotscolormap.code.tex
" ("D:\LaTeX installed\MikTex\tex/generic/pgfplots/util\pgfplotscolor.code.tex"
))
("D:\LaTeX installed\MikTex\tex/generic/pgfplots\pgfplotsstackedplots.code.tex"
) ("D:\LaTeX installed\MikTex\tex/generic/pgfplots\pgfplotsplothandlers.code.te
x"
("D:\LaTeX installed\MikTex\tex/generic/pgfplots\pgfplotsmeshplothandler.code.t
ex"
("D:\LaTeX installed\MikTex\tex/generic/pgfplots\pgfplotsmeshplotimage.code.tex
"))) ("D:\LaTeX installed\MikTex\tex/generic/pgfplots\pgfplots.scaling.code.tex
")
("D:\LaTeX installed\MikTex\tex/generic/pgfplots\pgfplotscoordprocessing.code.t
ex")
("D:\LaTeX installed\MikTex\tex/generic/pgfplots\pgfplots.errorbars.code.tex")
("D:\LaTeX installed\MikTex\tex/generic/pgfplots\pgfplots.markers.code.tex")
("D:\LaTeX installed\MikTex\tex/generic/pgfplots\pgfplotsticks.code.tex")
("D:\LaTeX installed\MikTex\tex/generic/pgfplots\pgfplots.paths.code.tex")
("D:\LaTeX installed\MikTex\tex/generic/pgf/frontendlayer/tikz/libraries\tikzli
brarydecorations.code.tex"
("D:\LaTeX installed\MikTex\tex/generic/pgf/modules\pgfmoduledecorations.code.t
ex"
\pgfdecoratedcompleteddistance=\dimen256
\pgfdecoratedremainingdistance=\dimen257
\pgfdecoratedinputsegmentcompleteddistance=\dimen258
\pgfdecoratedinputsegmentremainingdistance=\dimen259
\pgf@decorate@distancetomove=\dimen260
\pgf@decorate@repeatstate=\count283
\pgfdecorationsegmentamplitude=\dimen261
\pgfdecorationsegmentlength=\dimen262
)
\tikz@lib@dec@box=\box63
)
("D:\LaTeX installed\MikTex\tex/generic/pgf/frontendlayer/tikz/libraries\tikzli
brarydecorations.pathmorphing.code.tex"
("D:\LaTeX installed\MikTex\tex/generic/pgf/libraries/decorations\pgflibrarydec
orations.pathmorphing.code.tex"))
("D:\LaTeX installed\MikTex\tex/generic/pgf/frontendlayer/tikz/libraries\tikzli
brarydecorations.pathreplacing.code.tex"
("D:\LaTeX installed\MikTex\tex/generic/pgf/libraries/decorations\pgflibrarydec
orations.pathreplacing.code.tex"))
\pgfplots@numplots=\count284
\pgfplots@xmin@reg=\dimen263
\pgfplots@xmax@reg=\dimen264
\pgfplots@ymin@reg=\dimen265
\pgfplots@ymax@reg=\dimen266
\pgfplots@zmin@reg=\dimen267
\pgfplots@zmax@reg=\dimen268
)
("D:\LaTeX installed\MikTex\tex/generic/pgf/frontendlayer/tikz/libraries\tikzli
braryplotmarks.code.tex"
File: tikzlibraryplotmarks.code.tex 2020/01/08 v3.1.5b (3.1.5b)

("D:\LaTeX installed\MikTex\tex/generic/pgf/libraries\pgflibraryplotmarks.code.
tex"
File: pgflibraryplotmarks.code.tex 2020/01/08 v3.1.5b (3.1.5b)
)))
\c@theorem=\count285
\c@subtheorem=\count286
 ("D:\LaTeX installed\MikTex\tex/latex/l3backend\l3backend-pdfmode.def"
File: l3backend-pdfmode.def 2020-06-29 L3 backend support: PDF mode
\l__kernel_color_stack_int=\count287
\l__pdf_internal_box=\box64
) (main.aux)
\openout1 = `main.aux'.

LaTeX Font Info:    Checking defaults for OML/cmm/m/it on input line 102.
LaTeX Font Info:    ... okay on input line 102.
LaTeX Font Info:    Checking defaults for OMS/cmsy/m/n on input line 102.
LaTeX Font Info:    ... okay on input line 102.
LaTeX Font Info:    Checking defaults for OT1/cmr/m/n on input line 102.
LaTeX Font Info:    ... okay on input line 102.
LaTeX Font Info:    Checking defaults for T1/cmr/m/n on input line 102.
LaTeX Font Info:    ... okay on input line 102.
LaTeX Font Info:    Checking defaults for TS1/cmr/m/n on input line 102.
LaTeX Font Info:    ... okay on input line 102.
LaTeX Font Info:    Checking defaults for OMX/cmex/m/n on input line 102.
LaTeX Font Info:    ... okay on input line 102.
LaTeX Font Info:    Checking defaults for U/cmr/m/n on input line 102.
LaTeX Font Info:    ... okay on input line 102.
 ("D:\LaTeX installed\MikTex\tex/context/base/mkii\supp-pdf.mkii"
[Loading MPS to PDF converter (version 2006.09.02).]
\scratchcounter=\count288
\scratchdimen=\dimen269
\scratchbox=\box65
\nofMPsegments=\count289
\nofMParguments=\count290
\everyMPshowfont=\toks48
\MPscratchCnt=\count291
\MPscratchDim=\dimen270
\MPnumerator=\count292
\makeMPintoPDFobject=\count293
\everyMPtoPDFconversion=\toks49
) ("D:\LaTeX installed\MikTex\tex/latex/epstopdf-pkg\epstopdf-base.sty"
Package: epstopdf-base 2020-01-24 v2.11 Base part for package epstopdf
Package epstopdf-base Info: Redefining graphics rule for `.eps' on input line 4
85.
)
ABD: EveryShipout initializing macros
Package pgfplots notification 'compat/show suggested version=true': document ha
s been generated with the most recent feature set (\pgfplotsset{compat=1.17}).

LaTeX Font Info:    Trying to load font information for U+rsfs on input line 10
3.
("D:\LaTeX installed\MikTex\tex/latex/jknappen\ursfs.fd"
File: ursfs.fd 1998/03/24 rsfs font definition file (jk)
)
LaTeX Font Info:    Trying to load font information for U+msa on input line 103
.

("D:\LaTeX installed\MikTex\tex/latex/amsfonts\umsa.fd"
File: umsa.fd 2013/01/14 v3.01 AMS symbols A
)
LaTeX Font Info:    Trying to load font information for U+msb on input line 103
.

("D:\LaTeX installed\MikTex\tex/latex/amsfonts\umsb.fd"
File: umsb.fd 2013/01/14 v3.01 AMS symbols B
) [1

{C:/Users/hp/AppData/Local/MiKTeX/pdftex/config/pdftex.map}]
Underfull \hbox (badness 10000) in paragraph at lines 133--133

 []


Underfull \hbox (badness 10000) in paragraph at lines 133--133

 []

[1]
Underfull \hbox (badness 10000) in paragraph at lines 161--161

 []

Missing character: There is no ; in font nullfont!
Missing character: There is no i in font nullfont!
Missing character: There is no n in font nullfont!
Missing character: There is no f in font nullfont!
Missing character: There is no o in font nullfont!
Missing character: There is no ; in font nullfont!
Missing character: There is no i in font nullfont!
Missing character: There is no n in font nullfont!
Missing character: There is no f in font nullfont!
Missing character: There is no o in font nullfont!
Missing character: There is no ; in font nullfont!

Underfull \hbox (badness 10000) in paragraph at lines 205--205

 []

Missing character: There is no ; in font nullfont!
Missing character: There is no i in font nullfont!
Missing character: There is no n in font nullfont!
Missing character: There is no f in font nullfont!
Missing character: There is no o in font nullfont!
Missing character: There is no ; in font nullfont!
[2

]
Underfull \hbox (badness 10000) in paragraph at lines 420--420

 []

[3] [4] [5]
Overfull \hbox (24.50616pt too wide) in paragraph at lines 420--420
[]\OT1/cmr/bx/n/10 Property 9 \OT1/cmr/m/n/10 (Du-al-ity)\OT1/cmr/bx/n/10 . []\
OT1/cmr/m/it/10 The du-al-ity the-o-rem states that, for a sig-nal $\OML/cmm/m/
it/10 x\OT1/cmr/m/n/10 [\OML/cmm/m/it/10 n\OT1/cmr/m/n/10 ]$ \OT1/cmr/m/it/10 s
uch that $\OML/cmm/m/it/10 x\OT1/cmr/m/n/10 [\OML/cmm/m/it/10 n\OT1/cmr/m/n/10 
] = [][] \OML/cmm/m/it/10 c[]e[]$\OT1/cmr/m/it/10 ,
 []

[6] [7]
Underfull \hbox (badness 10000) in paragraph at lines 439--439

 []

[8] (main.aux) ) 
Here is how much of TeX's memory you used:
 24486 strings out of 480790
 620535 string characters out of 2906132
 1089349 words of memory out of 3000000
 40095 multiletter control sequences out of 15000+200000
 544515 words of font info for 73 fonts, out of 3000000 for 9000
 1141 hyphenation exceptions out of 8191
 74i,12n,127p,728b,2169s stack positions out of 5000i,500n,10000p,200000b,50000s
<D:/LaTeX installed/MikTex/fonts/type1/public/amsfonts/cm/cmbx1
0.pfb><D:/LaTeX installed/MikTex/fonts/type1/public/amsfonts/cm/cmbx12.pfb><D:/
LaTeX installed/MikTex/fonts/type1/public/amsfonts/cm/cmbx9.pfb><D:/LaTeX insta
lled/MikTex/fonts/type1/public/amsfonts/cm/cmex10.pfb><D:/LaTeX installed/MikTe
x/fonts/type1/public/amsfonts/cmextra/cmex7.pfb><D:/LaTeX installed/MikTex/font
s/type1/public/amsfonts/cm/cmmi10.pfb><D:/LaTeX installed/MikTex/fonts/type1/pu
blic/amsfonts/cm/cmmi12.pfb><D:/LaTeX installed/MikTex/fonts/type1/public/amsfo
nts/cm/cmmi5.pfb><D:/LaTeX installed/MikTex/fonts/type1/public/amsfonts/cm/cmmi
7.pfb><D:/LaTeX installed/MikTex/fonts/type1/public/amsfonts/cm/cmmi8.pfb><D:/L
aTeX installed/MikTex/fonts/type1/public/amsfonts/cm/cmr10.pfb><D:/LaTeX instal
led/MikTex/fonts/type1/public/amsfonts/cm/cmr12.pfb><D:/LaTeX installed/MikTex/
fonts/type1/public/amsfonts/cm/cmr5.pfb><D:/LaTeX installed/MikTex/fonts/type1/
public/amsfonts/cm/cmr7.pfb><D:/LaTeX installed/MikTex/fonts/type1/public/amsfo
nts/cm/cmr8.pfb><D:/LaTeX installed/MikTex/fonts/type1/public/amsfonts/cm/cmr9.
pfb><D:/LaTeX installed/MikTex/fonts/type1/public/amsfonts/cm/cmsy10.pfb><D:/La
TeX installed/MikTex/fonts/type1/public/amsfonts/cm/cmsy7.pfb><D:/LaTeX install
ed/MikTex/fonts/type1/public/amsfonts/cm/cmsy9.pfb><D:/LaTeX installed/MikTex/f
onts/type1/public/amsfonts/cm/cmti10.pfb><D:/LaTeX installed/MikTex/fonts/type1
/public/amsfonts/cm/cmti12.pfb><D:/LaTeX installed/MikTex/fonts/type1/public/am
sfonts/symbols/msam10.pfb><D:/LaTeX installed/MikTex/fonts/type1/public/amsfont
s/symbols/msam7.pfb><D:/LaTeX installed/MikTex/fonts/type1/public/rsfs/rsfs10.p
fb>
Output written on main.pdf (9 pages, 292524 bytes).
PDF statistics:
 131 PDF objects out of 1000 (max. 8388607)
 0 named destinations out of 1000 (max. 500000)
 13 words of extra memory for PDF output out of 10000 (max. 10000000)

