C51 COMPILER V9.60.0.0   LAB_2_D                                                           11/03/2020 10:01:49 PAGE 1   


C51 COMPILER V9.60.0.0, COMPILATION OF MODULE LAB_2_D
OBJECT MODULE PLACED IN .\Objects\lab_2_d.obj
COMPILER INVOKED BY: C:\Keil_v5\C51\BIN\C51.EXE ..\..\Codes\C\lab_2_d.c OPTIMIZE(8,SPEED) BROWSE DEBUG OBJECTEXTEND PRIN
                    -T(.\Listings\lab_2_d.lst) TABS(2) OBJECT(.\Objects\lab_2_d.obj)

line level    source

   1          #include <reg51.h>
   2          #define N 8  // number whose multiplication table is to be displayed (max = 10, 10 * 9 = 90)
   3          unsigned char led_pattern[10] = { 0x3f, 0x06, 0x5b, 0x4f, 0x66, 0x6d, 0x7d, 0x07, 0x7f, 0x6f};
   4          
   5          void delay(int time)
   6          {
   7   1        unsigned int i,j;
   8   1        for (i=0;i<time;i++)
   9   1          for (j=0;j<125;j++);
  10   1      }
  11          
  12          void display(unsigned int i)
  13          {
  14   1        unsigned int j;
  15   1        for(j=0; j<15; j++)  
  16   1        {
  17   2          P2 = 0x1;
  18   2          P0 = led_pattern[i / 10];
  19   2          delay(40);
  20   2          
  21   2          P2 = 0x2;
  22   2          P0 = led_pattern[i % 10];
  23   2          delay(40);
  24   2        }
  25   1      }
  26          
  27          void main(void)
  28          {
  29   1        unsigned int i;
  30   1        while(1)
  31   1          for(i=1; i<=10; i++)
  32   1            display(N*i);
  33   1      }


MODULE INFORMATION:   STATIC OVERLAYABLE
   CODE SIZE        =    138    ----
   CONSTANT SIZE    =   ----    ----
   XDATA SIZE       =   ----    ----
   PDATA SIZE       =   ----    ----
   DATA SIZE        =     10       4
   IDATA SIZE       =   ----    ----
   BIT SIZE         =   ----    ----
END OF MODULE INFORMATION.


C51 COMPILATION COMPLETE.  0 WARNING(S),  0 ERROR(S)
