Command line:
   dff_isim_beh.exe
     -simmode  gui
     -simrunnum  0
     -socket  53068

Thu Dec 03 14:08:08 2020


 Elaboration Time: 0.03125 sec

 Current Memory Usage: 5153.59 Meg

 Total Signals          : 4
 Total Nets             : 4
 Total Signal Drivers   : 1
 Total Blocks           : 4
 Total Primitive Blocks : 4
 Total Processes        : 1
 Total Traceable Variables  : 10
 Total Scalar Nets and Variables : 382
Total Line Count : 3

 Total Simulation Time: 0.03125 sec

 Current Memory Usage: 5153.59 Meg

Thu Dec 03 14:08:14 2020

