C51 COMPILER V9.60.0.0   LAB_1_A                                                           10/06/2020 19:43:32 PAGE 1   


C51 COMPILER V9.60.0.0, COMPILATION OF MODULE LAB_1_A
OBJECT MODULE PLACED IN .\Objects\lab_1_a.obj
COMPILER INVOKED BY: C:\Keil_v5\C51\BIN\C51.EXE ..\..\Codes\C\lab_1_a.c OPTIMIZE(8,SPEED) BROWSE DEBUG OBJECTEXTEND PRIN
                    -T(.\Listings\lab_1_a.lst) TABS(2) OBJECT(.\Objects\lab_1_a.obj)

line level    source

   1          #include <reg51.h>
   2          unsigned char data d[4] _at_ 0x40;
   3          
   4          void delay(int time)
   5          {
   6   1        unsigned int i,j;
   7   1        for (i=0;i<time;i++)
   8   1          for (j=0;j<125;j++);
   9   1      }
  10          
  11          void main(void)
  12          {
  13   1        unsigned long a = 0x897f9a;
  14   1        unsigned long b = 0x34bc48;
  15   1        unsigned long c = a + b;
  16   1        unsigned int i;
  17   1      
  18   1        for(i = 0; i < 4; i++)
  19   1        {
  20   2          d[i] = c%0x100;
  21   2          c >>= 8;
  22   2        }
  23   1      
  24   1        while(1)
  25   1          for(i = 0; i < 4; i++)
  26   1          {
  27   2            P0 = d[i];
  28   2            delay(1000);
  29   2          }
  30   1      }


MODULE INFORMATION:   STATIC OVERLAYABLE
   CODE SIZE        =    169    ----
   CONSTANT SIZE    =   ----    ----
   XDATA SIZE       =   ----    ----
   PDATA SIZE       =   ----    ----
   DATA SIZE        =   ----      14
   IDATA SIZE       =   ----    ----
   BIT SIZE         =   ----    ----
END OF MODULE INFORMATION.


C51 COMPILATION COMPLETE.  0 WARNING(S),  0 ERROR(S)
